[ 2014-10-16T19:23:31+08:00 ] 127.0.0.1 /
INFO: [ app_init ] --START--
INFO: Run Behavior\BuildLiteBehavior [ RunTime:0.000041s ]
INFO: [ app_init ] --END-- [ RunTime:0.015408s ]
INFO: [ app_begin ] --START--
INFO: Run Behavior\ReadHtmlCacheBehavior [ RunTime:0.022054s ]
INFO: [ app_begin ] --END-- [ RunTime:0.022218s ]
INFO: [ app_end ] --START--
INFO: Run Behavior\ShowPageTraceBehavior [ RunTime:0.004607s ]
INFO: [ app_end ] --END-- [ RunTime:0.004759s ]

[ 2014-10-16T19:23:49+08:00 ] 127.0.0.1 /
INFO: [ app_init ] --START--
INFO: Run Behavior\BuildLiteBehavior [ RunTime:0.000024s ]
INFO: [ app_init ] --END-- [ RunTime:0.000881s ]
INFO: [ app_begin ] --START--
INFO: Run Behavior\ReadHtmlCacheBehavior [ RunTime:0.000732s ]
INFO: [ app_begin ] --END-- [ RunTime:0.000851s ]
INFO: [ view_parse ] --START--
INFO: [ template_filter ] --START--
INFO: Run Behavior\ContentReplaceBehavior [ RunTime:0.000073s ]
INFO: [ template_filter ] --END-- [ RunTime:0.000187s ]
NOTIC: [8] Undefined variable: data D:\wamp\www\hyd\Application\Runtime\Cache\Home\2a94b8bda04ff446dcedd42276fc99ee.php 第 8 行.
INFO: Run Behavior\ParseTemplateBehavior [ RunTime:0.116412s ]
INFO: [ view_parse ] --END-- [ RunTime:0.116559s ]
INFO: [ view_filter ] --START--
INFO: Run Behavior\WriteHtmlCacheBehavior [ RunTime:0.014810s ]
INFO: [ view_filter ] --END-- [ RunTime:0.014930s ]
INFO: [ app_end ] --START--
INFO: Run Behavior\ShowPageTraceBehavior [ RunTime:0.000641s ]
INFO: [ app_end ] --END-- [ RunTime:0.000747s ]

[ 2014-10-16T19:23:49+08:00 ] 127.0.0.1 /
INFO: [ app_init ] --START--
INFO: Run Behavior\BuildLiteBehavior [ RunTime:0.000056s ]
INFO: [ app_init ] --END-- [ RunTime:0.000866s ]
INFO: [ app_begin ] --START--
INFO: Run Behavior\ReadHtmlCacheBehavior [ RunTime:0.000975s ]
INFO: [ app_begin ] --END-- [ RunTime:0.001245s ]
INFO: [ view_parse ] --START--
INFO: [ template_filter ] --START--
INFO: Run Behavior\ContentReplaceBehavior [ RunTime:0.000136s ]
INFO: [ template_filter ] --END-- [ RunTime:0.000346s ]
NOTIC: [8] Undefined variable: data D:\wamp\www\hyd\Application\Runtime\Cache\Home\2a94b8bda04ff446dcedd42276fc99ee.php 第 8 行.
INFO: Run Behavior\ParseTemplateBehavior [ RunTime:0.011766s ]
INFO: [ view_parse ] --END-- [ RunTime:0.011969s ]
INFO: [ view_filter ] --START--
INFO: Run Behavior\WriteHtmlCacheBehavior [ RunTime:0.000284s ]
INFO: [ view_filter ] --END-- [ RunTime:0.000394s ]
INFO: [ app_end ] --START--
INFO: Run Behavior\ShowPageTraceBehavior [ RunTime:0.000599s ]
INFO: [ app_end ] --END-- [ RunTime:0.000714s ]

[ 2014-10-16T19:24:06+08:00 ] 127.0.0.1 /
INFO: [ app_init ] --START--
INFO: Run Behavior\BuildLiteBehavior [ RunTime:0.000025s ]
INFO: [ app_init ] --END-- [ RunTime:0.000452s ]
INFO: [ app_begin ] --START--
INFO: Run Behavior\ReadHtmlCacheBehavior [ RunTime:0.000617s ]
INFO: [ app_begin ] --END-- [ RunTime:0.000752s ]
INFO: [ view_parse ] --START--
INFO: [ template_filter ] --START--
INFO: Run Behavior\ContentReplaceBehavior [ RunTime:0.000079s ]
INFO: [ template_filter ] --END-- [ RunTime:0.000208s ]
NOTIC: [8] Undefined variable: data D:\wamp\www\hyd\Application\Runtime\Cache\Home\2a94b8bda04ff446dcedd42276fc99ee.php 第 8 行.
INFO: Run Behavior\ParseTemplateBehavior [ RunTime:0.009831s ]
INFO: [ view_parse ] --END-- [ RunTime:0.009949s ]
INFO: [ view_filter ] --START--
INFO: Run Behavior\WriteHtmlCacheBehavior [ RunTime:0.000366s ]
INFO: [ view_filter ] --END-- [ RunTime:0.000467s ]
INFO: [ app_end ] --START--
INFO: Run Behavior\ShowPageTraceBehavior [ RunTime:0.000602s ]
INFO: [ app_end ] --END-- [ RunTime:0.000708s ]

[ 2014-10-16T19:24:07+08:00 ] 127.0.0.1 /
INFO: [ app_init ] --START--
INFO: Run Behavior\BuildLiteBehavior [ RunTime:0.000042s ]
INFO: [ app_init ] --END-- [ RunTime:0.000738s ]
INFO: [ app_begin ] --START--
INFO: Run Behavior\ReadHtmlCacheBehavior [ RunTime:0.000801s ]
INFO: [ app_begin ] --END-- [ RunTime:0.001002s ]
INFO: [ view_parse ] --START--
INFO: [ template_filter ] --START--
INFO: Run Behavior\ContentReplaceBehavior [ RunTime:0.000137s ]
INFO: [ template_filter ] --END-- [ RunTime:0.000333s ]
NOTIC: [8] Undefined variable: data D:\wamp\www\hyd\Application\Runtime\Cache\Home\2a94b8bda04ff446dcedd42276fc99ee.php 第 8 行.
INFO: Run Behavior\ParseTemplateBehavior [ RunTime:0.010179s ]
INFO: [ view_parse ] --END-- [ RunTime:0.010363s ]
INFO: [ view_filter ] --START--
INFO: Run Behavior\WriteHtmlCacheBehavior [ RunTime:0.000435s ]
INFO: [ view_filter ] --END-- [ RunTime:0.000599s ]
INFO: [ app_end ] --START--
INFO: Run Behavior\ShowPageTraceBehavior [ RunTime:0.000835s ]
INFO: [ app_end ] --END-- [ RunTime:0.001018s ]

[ 2014-10-16T19:24:40+08:00 ] 127.0.0.1 /
INFO: [ app_init ] --START--
INFO: Run Behavior\BuildLiteBehavior [ RunTime:0.000022s ]
INFO: [ app_init ] --END-- [ RunTime:0.000369s ]
INFO: [ app_begin ] --START--
INFO: Run Behavior\ReadHtmlCacheBehavior [ RunTime:0.000424s ]
INFO: [ app_begin ] --END-- [ RunTime:0.000535s ]
INFO: [ view_parse ] --START--
INFO: [ template_filter ] --START--
INFO: Run Behavior\ContentReplaceBehavior [ RunTime:0.000087s ]
INFO: [ template_filter ] --END-- [ RunTime:0.000272s ]
NOTIC: [8] Undefined variable: data D:\wamp\www\hyd\Application\Runtime\Cache\Home\2a94b8bda04ff446dcedd42276fc99ee.php 第 8 行.
INFO: Run Behavior\ParseTemplateBehavior [ RunTime:0.006205s ]
INFO: [ view_parse ] --END-- [ RunTime:0.006312s ]
INFO: [ view_filter ] --START--
INFO: Run Behavior\WriteHtmlCacheBehavior [ RunTime:0.000252s ]
INFO: [ view_filter ] --END-- [ RunTime:0.000353s ]
INFO: [ app_end ] --START--
INFO: Run Behavior\ShowPageTraceBehavior [ RunTime:0.000462s ]
INFO: [ app_end ] --END-- [ RunTime:0.000581s ]

[ 2014-10-16T19:24:41+08:00 ] 127.0.0.1 /
INFO: [ app_init ] --START--
INFO: Run Behavior\BuildLiteBehavior [ RunTime:0.000031s ]
INFO: [ app_init ] --END-- [ RunTime:0.000524s ]
INFO: [ app_begin ] --START--
INFO: Run Behavior\ReadHtmlCacheBehavior [ RunTime:0.000603s ]
INFO: [ app_begin ] --END-- [ RunTime:0.000758s ]
INFO: [ view_parse ] --START--
INFO: [ template_filter ] --START--
INFO: Run Behavior\ContentReplaceBehavior [ RunTime:0.000088s ]
INFO: [ template_filter ] --END-- [ RunTime:0.000234s ]
NOTIC: [8] Undefined variable: data D:\wamp\www\hyd\Application\Runtime\Cache\Home\2a94b8bda04ff446dcedd42276fc99ee.php 第 8 行.
INFO: Run Behavior\ParseTemplateBehavior [ RunTime:0.007658s ]
INFO: [ view_parse ] --END-- [ RunTime:0.007790s ]
INFO: [ view_filter ] --START--
INFO: Run Behavior\WriteHtmlCacheBehavior [ RunTime:0.000338s ]
INFO: [ view_filter ] --END-- [ RunTime:0.000465s ]
INFO: [ app_end ] --START--
INFO: Run Behavior\ShowPageTraceBehavior [ RunTime:0.000801s ]
INFO: [ app_end ] --END-- [ RunTime:0.001000s ]

[ 2014-10-16T19:24:41+08:00 ] 127.0.0.1 /
INFO: [ app_init ] --START--
INFO: Run Behavior\BuildLiteBehavior [ RunTime:0.000048s ]
INFO: [ app_init ] --END-- [ RunTime:0.001096s ]
INFO: [ app_begin ] --START--
INFO: Run Behavior\ReadHtmlCacheBehavior [ RunTime:0.001096s ]
INFO: [ app_begin ] --END-- [ RunTime:0.001346s ]
INFO: [ view_parse ] --START--
INFO: [ template_filter ] --START--
INFO: Run Behavior\ContentReplaceBehavior [ RunTime:0.000121s ]
INFO: [ template_filter ] --END-- [ RunTime:0.000344s ]
NOTIC: [8] Undefined variable: data D:\wamp\www\hyd\Application\Runtime\Cache\Home\2a94b8bda04ff446dcedd42276fc99ee.php 第 8 行.
INFO: Run Behavior\ParseTemplateBehavior [ RunTime:0.013534s ]
INFO: [ view_parse ] --END-- [ RunTime:0.013736s ]
INFO: [ view_filter ] --START--
INFO: Run Behavior\WriteHtmlCacheBehavior [ RunTime:0.000400s ]
INFO: [ view_filter ] --END-- [ RunTime:0.000549s ]
INFO: [ app_end ] --START--
INFO: Run Behavior\ShowPageTraceBehavior [ RunTime:0.001015s ]
INFO: [ app_end ] --END-- [ RunTime:0.001226s ]

[ 2014-10-16T19:24:41+08:00 ] 127.0.0.1 /
INFO: [ app_init ] --START--
INFO: Run Behavior\BuildLiteBehavior [ RunTime:0.000025s ]
INFO: [ app_init ] --END-- [ RunTime:0.000428s ]
INFO: [ app_begin ] --START--
INFO: Run Behavior\ReadHtmlCacheBehavior [ RunTime:0.000486s ]
INFO: [ app_begin ] --END-- [ RunTime:0.000609s ]
INFO: [ view_parse ] --START--
INFO: [ template_filter ] --START--
INFO: Run Behavior\ContentReplaceBehavior [ RunTime:0.000082s ]
INFO: [ template_filter ] --END-- [ RunTime:0.000203s ]
NOTIC: [8] Undefined variable: data D:\wamp\www\hyd\Application\Runtime\Cache\Home\2a94b8bda04ff446dcedd42276fc99ee.php 第 8 行.
INFO: Run Behavior\ParseTemplateBehavior [ RunTime:0.006338s ]
INFO: [ view_parse ] --END-- [ RunTime:0.006454s ]
INFO: [ view_filter ] --START--
INFO: Run Behavior\WriteHtmlCacheBehavior [ RunTime:0.000253s ]
INFO: [ view_filter ] --END-- [ RunTime:0.000357s ]
INFO: [ app_end ] --START--
INFO: Run Behavior\ShowPageTraceBehavior [ RunTime:0.000530s ]
INFO: [ app_end ] --END-- [ RunTime:0.000638s ]

[ 2014-10-16T19:24:41+08:00 ] 127.0.0.1 /
INFO: [ app_init ] --START--
INFO: Run Behavior\BuildLiteBehavior [ RunTime:0.000025s ]
INFO: [ app_init ] --END-- [ RunTime:0.000421s ]
INFO: [ app_begin ] --START--
INFO: Run Behavior\ReadHtmlCacheBehavior [ RunTime:0.000734s ]
INFO: [ app_begin ] --END-- [ RunTime:0.000897s ]
INFO: [ view_parse ] --START--
INFO: [ template_filter ] --START--
INFO: Run Behavior\ContentReplaceBehavior [ RunTime:0.000107s ]
INFO: [ template_filter ] --END-- [ RunTime:0.000242s ]
NOTIC: [8] Undefined variable: data D:\wamp\www\hyd\Application\Runtime\Cache\Home\2a94b8bda04ff446dcedd42276fc99ee.php 第 8 行.
INFO: Run Behavior\ParseTemplateBehavior [ RunTime:0.006092s ]
INFO: [ view_parse ] --END-- [ RunTime:0.006206s ]
INFO: [ view_filter ] --START--
INFO: Run Behavior\WriteHtmlCacheBehavior [ RunTime:0.000255s ]
INFO: [ view_filter ] --END-- [ RunTime:0.000354s ]
INFO: [ app_end ] --START--
INFO: Run Behavior\ShowPageTraceBehavior [ RunTime:0.000512s ]
INFO: [ app_end ] --END-- [ RunTime:0.000618s ]

[ 2014-10-16T19:24:41+08:00 ] 127.0.0.1 /
INFO: [ app_init ] --START--
INFO: Run Behavior\BuildLiteBehavior [ RunTime:0.000026s ]
INFO: [ app_init ] --END-- [ RunTime:0.000413s ]
INFO: [ app_begin ] --START--
INFO: Run Behavior\ReadHtmlCacheBehavior [ RunTime:0.000482s ]
INFO: [ app_begin ] --END-- [ RunTime:0.000606s ]
INFO: [ view_parse ] --START--
INFO: [ template_filter ] --START--
INFO: Run Behavior\ContentReplaceBehavior [ RunTime:0.000078s ]
INFO: [ template_filter ] --END-- [ RunTime:0.000199s ]
NOTIC: [8] Undefined variable: data D:\wamp\www\hyd\Application\Runtime\Cache\Home\2a94b8bda04ff446dcedd42276fc99ee.php 第 8 行.
INFO: Run Behavior\ParseTemplateBehavior [ RunTime:0.006361s ]
INFO: [ view_parse ] --END-- [ RunTime:0.006477s ]
INFO: [ view_filter ] --START--
INFO: Run Behavior\WriteHtmlCacheBehavior [ RunTime:0.000297s ]
INFO: [ view_filter ] --END-- [ RunTime:0.000395s ]
INFO: [ app_end ] --START--
INFO: Run Behavior\ShowPageTraceBehavior [ RunTime:0.000531s ]
INFO: [ app_end ] --END-- [ RunTime:0.000641s ]

[ 2014-10-16T19:24:42+08:00 ] 127.0.0.1 /
INFO: [ app_init ] --START--
INFO: Run Behavior\BuildLiteBehavior [ RunTime:0.000039s ]
INFO: [ app_init ] --END-- [ RunTime:0.000630s ]
INFO: [ app_begin ] --START--
INFO: Run Behavior\ReadHtmlCacheBehavior [ RunTime:0.000758s ]
INFO: [ app_begin ] --END-- [ RunTime:0.000966s ]
INFO: [ view_parse ] --START--
INFO: [ template_filter ] --START--
INFO: Run Behavior\ContentReplaceBehavior [ RunTime:0.000078s ]
INFO: [ template_filter ] --END-- [ RunTime:0.000211s ]
NOTIC: [8] Undefined variable: data D:\wamp\www\hyd\Application\Runtime\Cache\Home\2a94b8bda04ff446dcedd42276fc99ee.php 第 8 行.
INFO: Run Behavior\ParseTemplateBehavior [ RunTime:0.008176s ]
INFO: [ view_parse ] --END-- [ RunTime:0.008316s ]
INFO: [ view_filter ] --START--
INFO: Run Behavior\WriteHtmlCacheBehavior [ RunTime:0.000281s ]
INFO: [ view_filter ] --END-- [ RunTime:0.000405s ]
INFO: [ app_end ] --START--
INFO: Run Behavior\ShowPageTraceBehavior [ RunTime:0.000789s ]
INFO: [ app_end ] --END-- [ RunTime:0.000914s ]

[ 2014-10-16T19:25:38+08:00 ] 127.0.0.1 /
INFO: [ app_init ] --START--
INFO: Run Behavior\BuildLiteBehavior [ RunTime:0.000043s ]
INFO: [ app_init ] --END-- [ RunTime:0.000763s ]
INFO: [ app_begin ] --START--
INFO: Run Behavior\ReadHtmlCacheBehavior [ RunTime:0.000818s ]
INFO: [ app_begin ] --END-- [ RunTime:0.001037s ]
INFO: [ view_parse ] --START--
INFO: [ template_filter ] --START--
INFO: Run Behavior\ContentReplaceBehavior [ RunTime:0.000071s ]
INFO: [ template_filter ] --END-- [ RunTime:0.000179s ]
INFO: Run Behavior\ParseTemplateBehavior [ RunTime:0.008300s ]
INFO: [ view_parse ] --END-- [ RunTime:0.008426s ]
INFO: [ view_filter ] --START--
INFO: Run Behavior\WriteHtmlCacheBehavior [ RunTime:0.000232s ]
INFO: [ view_filter ] --END-- [ RunTime:0.000369s ]
INFO: [ app_end ] --START--
INFO: Run Behavior\ShowPageTraceBehavior [ RunTime:0.001068s ]
INFO: [ app_end ] --END-- [ RunTime:0.001330s ]

[ 2014-10-16T19:25:39+08:00 ] 127.0.0.1 /
INFO: [ app_init ] --START--
INFO: Run Behavior\BuildLiteBehavior [ RunTime:0.000062s ]
INFO: [ app_init ] --END-- [ RunTime:0.000979s ]
INFO: [ app_begin ] --START--
INFO: Run Behavior\ReadHtmlCacheBehavior [ RunTime:0.000818s ]
INFO: [ app_begin ] --END-- [ RunTime:0.001022s ]
INFO: [ view_parse ] --START--
INFO: [ template_filter ] --START--
INFO: Run Behavior\ContentReplaceBehavior [ RunTime:0.000123s ]
INFO: [ template_filter ] --END-- [ RunTime:0.000311s ]
INFO: Run Behavior\ParseTemplateBehavior [ RunTime:0.009557s ]
INFO: [ view_parse ] --END-- [ RunTime:0.009760s ]
INFO: [ view_filter ] --START--
INFO: Run Behavior\WriteHtmlCacheBehavior [ RunTime:0.000389s ]
INFO: [ view_filter ] --END-- [ RunTime:0.000610s ]
INFO: [ app_end ] --START--
INFO: Run Behavior\ShowPageTraceBehavior [ RunTime:0.000906s ]
INFO: [ app_end ] --END-- [ RunTime:0.001085s ]

[ 2014-10-16T19:25:39+08:00 ] 127.0.0.1 /
INFO: [ app_init ] --START--
INFO: Run Behavior\BuildLiteBehavior [ RunTime:0.000029s ]
INFO: [ app_init ] --END-- [ RunTime:0.000577s ]
INFO: [ app_begin ] --START--
INFO: Run Behavior\ReadHtmlCacheBehavior [ RunTime:0.000783s ]
INFO: [ app_begin ] --END-- [ RunTime:0.000993s ]
INFO: [ view_parse ] --START--
INFO: [ template_filter ] --START--
INFO: Run Behavior\ContentReplaceBehavior [ RunTime:0.000136s ]
INFO: [ template_filter ] --END-- [ RunTime:0.000346s ]
INFO: Run Behavior\ParseTemplateBehavior [ RunTime:0.009482s ]
INFO: [ view_parse ] --END-- [ RunTime:0.009704s ]
INFO: [ view_filter ] --START--
INFO: Run Behavior\WriteHtmlCacheBehavior [ RunTime:0.000460s ]
INFO: [ view_filter ] --END-- [ RunTime:0.000651s ]
INFO: [ app_end ] --START--
INFO: Run Behavior\ShowPageTraceBehavior [ RunTime:0.000908s ]
INFO: [ app_end ] --END-- [ RunTime:0.001087s ]

[ 2014-10-16T19:25:39+08:00 ] 127.0.0.1 /
INFO: [ app_init ] --START--
INFO: Run Behavior\BuildLiteBehavior [ RunTime:0.000046s ]
INFO: [ app_init ] --END-- [ RunTime:0.000726s ]
INFO: [ app_begin ] --START--
INFO: Run Behavior\ReadHtmlCacheBehavior [ RunTime:0.001004s ]
INFO: [ app_begin ] --END-- [ RunTime:0.001241s ]
INFO: [ view_parse ] --START--
INFO: [ template_filter ] --START--
INFO: Run Behavior\ContentReplaceBehavior [ RunTime:0.000130s ]
INFO: [ template_filter ] --END-- [ RunTime:0.000348s ]
INFO: Run Behavior\ParseTemplateBehavior [ RunTime:0.009721s ]
INFO: [ view_parse ] --END-- [ RunTime:0.009964s ]
INFO: [ view_filter ] --START--
INFO: Run Behavior\WriteHtmlCacheBehavior [ RunTime:0.000430s ]
INFO: [ view_filter ] --END-- [ RunTime:0.000702s ]
INFO: [ app_end ] --START--
INFO: Run Behavior\ShowPageTraceBehavior [ RunTime:0.000897s ]
INFO: [ app_end ] --END-- [ RunTime:0.001082s ]

[ 2014-10-16T19:25:39+08:00 ] 127.0.0.1 /
INFO: [ app_init ] --START--
INFO: Run Behavior\BuildLiteBehavior [ RunTime:0.000029s ]
INFO: [ app_init ] --END-- [ RunTime:0.000575s ]
INFO: [ app_begin ] --START--
INFO: Run Behavior\ReadHtmlCacheBehavior [ RunTime:0.000515s ]
INFO: [ app_begin ] --END-- [ RunTime:0.000659s ]
INFO: [ view_parse ] --START--
INFO: [ template_filter ] --START--
INFO: Run Behavior\ContentReplaceBehavior [ RunTime:0.000131s ]
INFO: [ template_filter ] --END-- [ RunTime:0.000326s ]
INFO: Run Behavior\ParseTemplateBehavior [ RunTime:0.008817s ]
INFO: [ view_parse ] --END-- [ RunTime:0.008996s ]
INFO: [ view_filter ] --START--
INFO: Run Behavior\WriteHtmlCacheBehavior [ RunTime:0.000482s ]
INFO: [ view_filter ] --END-- [ RunTime:0.000658s ]
INFO: [ app_end ] --START--
INFO: Run Behavior\ShowPageTraceBehavior [ RunTime:0.000962s ]
INFO: [ app_end ] --END-- [ RunTime:0.001150s ]

[ 2014-10-16T19:25:40+08:00 ] 127.0.0.1 /
INFO: [ app_init ] --START--
INFO: Run Behavior\BuildLiteBehavior [ RunTime:0.000088s ]
INFO: [ app_init ] --END-- [ RunTime:0.001424s ]
INFO: [ app_begin ] --START--
INFO: Run Behavior\ReadHtmlCacheBehavior [ RunTime:0.000676s ]
INFO: [ app_begin ] --END-- [ RunTime:0.000840s ]
INFO: [ view_parse ] --START--
INFO: [ template_filter ] --START--
INFO: Run Behavior\ContentReplaceBehavior [ RunTime:0.000144s ]
INFO: [ template_filter ] --END-- [ RunTime:0.000311s ]
INFO: Run Behavior\ParseTemplateBehavior [ RunTime:0.007075s ]
INFO: [ view_parse ] --END-- [ RunTime:0.007237s ]
INFO: [ view_filter ] --START--
INFO: Run Behavior\WriteHtmlCacheBehavior [ RunTime:0.000342s ]
INFO: [ view_filter ] --END-- [ RunTime:0.000483s ]
INFO: [ app_end ] --START--
INFO: Run Behavior\ShowPageTraceBehavior [ RunTime:0.000657s ]
INFO: [ app_end ] --END-- [ RunTime:0.000805s ]

[ 2014-10-16T19:25:53+08:00 ] 127.0.0.1 /
INFO: [ app_init ] --START--
INFO: Run Behavior\BuildLiteBehavior [ RunTime:0.000039s ]
INFO: [ app_init ] --END-- [ RunTime:0.000497s ]
INFO: [ app_begin ] --START--
INFO: Run Behavior\ReadHtmlCacheBehavior [ RunTime:0.000635s ]
INFO: [ app_begin ] --END-- [ RunTime:0.000770s ]
INFO: [ view_parse ] --START--
INFO: [ template_filter ] --START--
INFO: Run Behavior\ContentReplaceBehavior [ RunTime:0.000083s ]
INFO: [ template_filter ] --END-- [ RunTime:0.000199s ]
INFO: Run Behavior\ParseTemplateBehavior [ RunTime:0.009954s ]
INFO: [ view_parse ] --END-- [ RunTime:0.010087s ]
INFO: [ view_filter ] --START--
INFO: Run Behavior\WriteHtmlCacheBehavior [ RunTime:0.000317s ]
INFO: [ view_filter ] --END-- [ RunTime:0.000412s ]
INFO: [ app_end ] --START--
INFO: Run Behavior\ShowPageTraceBehavior [ RunTime:0.000525s ]
INFO: [ app_end ] --END-- [ RunTime:0.000620s ]

[ 2014-10-16T19:25:53+08:00 ] 127.0.0.1 /
INFO: [ app_init ] --START--
INFO: Run Behavior\BuildLiteBehavior [ RunTime:0.000031s ]
INFO: [ app_init ] --END-- [ RunTime:0.000528s ]
INFO: [ app_begin ] --START--
INFO: Run Behavior\ReadHtmlCacheBehavior [ RunTime:0.000577s ]
INFO: [ app_begin ] --END-- [ RunTime:0.000722s ]
INFO: [ view_parse ] --START--
INFO: [ template_filter ] --START--
INFO: Run Behavior\ContentReplaceBehavior [ RunTime:0.000079s ]
INFO: [ template_filter ] --END-- [ RunTime:0.000190s ]
INFO: Run Behavior\ParseTemplateBehavior [ RunTime:0.006064s ]
INFO: [ view_parse ] --END-- [ RunTime:0.006192s ]
INFO: [ view_filter ] --START--
INFO: Run Behavior\WriteHtmlCacheBehavior [ RunTime:0.000228s ]
INFO: [ view_filter ] --END-- [ RunTime:0.000337s ]
INFO: [ app_end ] --START--
INFO: Run Behavior\ShowPageTraceBehavior [ RunTime:0.000535s ]
INFO: [ app_end ] --END-- [ RunTime:0.000638s ]

[ 2014-10-16T19:25:53+08:00 ] 127.0.0.1 /
INFO: [ app_init ] --START--
INFO: Run Behavior\BuildLiteBehavior [ RunTime:0.000038s ]
INFO: [ app_init ] --END-- [ RunTime:0.000478s ]
INFO: [ app_begin ] --START--
INFO: Run Behavior\ReadHtmlCacheBehavior [ RunTime:0.000494s ]
INFO: [ app_begin ] --END-- [ RunTime:0.000623s ]
INFO: [ view_parse ] --START--
INFO: [ template_filter ] --START--
INFO: Run Behavior\ContentReplaceBehavior [ RunTime:0.000089s ]
INFO: [ template_filter ] --END-- [ RunTime:0.000213s ]
INFO: Run Behavior\ParseTemplateBehavior [ RunTime:0.006010s ]
INFO: [ view_parse ] --END-- [ RunTime:0.006133s ]
INFO: [ view_filter ] --START--
INFO: Run Behavior\WriteHtmlCacheBehavior [ RunTime:0.000254s ]
INFO: [ view_filter ] --END-- [ RunTime:0.000355s ]
INFO: [ app_end ] --START--
INFO: Run Behavior\ShowPageTraceBehavior [ RunTime:0.000510s ]
INFO: [ app_end ] --END-- [ RunTime:0.000614s ]

[ 2014-10-16T19:25:54+08:00 ] 127.0.0.1 /
INFO: [ app_init ] --START--
INFO: Run Behavior\BuildLiteBehavior [ RunTime:0.000049s ]
INFO: [ app_init ] --END-- [ RunTime:0.000841s ]
INFO: [ app_begin ] --START--
INFO: Run Behavior\ReadHtmlCacheBehavior [ RunTime:0.001058s ]
INFO: [ app_begin ] --END-- [ RunTime:0.001262s ]
INFO: [ view_parse ] --START--
INFO: [ template_filter ] --START--
INFO: Run Behavior\ContentReplaceBehavior [ RunTime:0.000089s ]
INFO: [ template_filter ] --END-- [ RunTime:0.000253s ]
INFO: Run Behavior\ParseTemplateBehavior [ RunTime:0.006344s ]
INFO: [ view_parse ] --END-- [ RunTime:0.006487s ]
INFO: [ view_filter ] --START--
INFO: Run Behavior\WriteHtmlCacheBehavior [ RunTime:0.000383s ]
INFO: [ view_filter ] --END-- [ RunTime:0.000504s ]
INFO: [ app_end ] --START--
INFO: Run Behavior\ShowPageTraceBehavior [ RunTime:0.000535s ]
INFO: [ app_end ] --END-- [ RunTime:0.000639s ]

[ 2014-10-16T19:52:28+08:00 ] 127.0.0.1 /passport/register
INFO: [ app_init ] --START--
INFO: Run Behavior\BuildLiteBehavior [ RunTime:0.000024s ]
INFO: [ app_init ] --END-- [ RunTime:0.000471s ]
INFO: [ app_begin ] --START--
INFO: Run Behavior\ReadHtmlCacheBehavior [ RunTime:0.000671s ]
INFO: [ app_begin ] --END-- [ RunTime:0.000797s ]
INFO: [ view_parse ] --START--
INFO: [ template_filter ] --START--
INFO: Run Behavior\ContentReplaceBehavior [ RunTime:0.000077s ]
INFO: [ template_filter ] --END-- [ RunTime:0.000192s ]
INFO: Run Behavior\ParseTemplateBehavior [ RunTime:0.010903s ]
INFO: [ view_parse ] --END-- [ RunTime:0.011068s ]
INFO: [ view_filter ] --START--
INFO: Run Behavior\WriteHtmlCacheBehavior [ RunTime:0.000326s ]
INFO: [ view_filter ] --END-- [ RunTime:0.000417s ]
INFO: [ app_end ] --START--
INFO: Run Behavior\ShowPageTraceBehavior [ RunTime:0.000564s ]
INFO: [ app_end ] --END-- [ RunTime:0.000656s ]

[ 2014-10-16T19:52:54+08:00 ] 127.0.0.1 /index.php/Home/Passport/checkRegister
INFO: [ app_init ] --START--
INFO: Run Behavior\BuildLiteBehavior [ RunTime:0.000033s ]
INFO: [ app_init ] --END-- [ RunTime:0.000581s ]
INFO: [ app_begin ] --START--
INFO: Run Behavior\ReadHtmlCacheBehavior [ RunTime:0.000803s ]
INFO: [ app_begin ] --END-- [ RunTime:0.000925s ]
SQL: SHOW COLUMNS FROM `hyd_passport` [ RunTime:0.015289s ]
ERR: 1146:Table 'hyd_share.hyd_passport' doesn't exist
 [ SQL语句 ] : SHOW COLUMNS FROM `hyd_passport`
SQL: SHOW COLUMNS FROM `hyd_users` [ RunTime:0.116111s ]
SQL: SELECT * FROM `hyd_users` WHERE ( account_name="ssssss" )  [ RunTime:0.022468s ]

[ 2014-10-16T19:53:25+08:00 ] 127.0.0.1 /index.php/Home/Passport/checkRegister
INFO: [ app_init ] --START--
INFO: Run Behavior\BuildLiteBehavior [ RunTime:0.000023s ]
INFO: [ app_init ] --END-- [ RunTime:0.000374s ]
INFO: [ app_begin ] --START--
INFO: Run Behavior\ReadHtmlCacheBehavior [ RunTime:0.000439s ]
INFO: [ app_begin ] --END-- [ RunTime:0.000559s ]
SQL: SHOW COLUMNS FROM `hyd_passport` [ RunTime:0.004431s ]
ERR: 1146:Table 'hyd_share.hyd_passport' doesn't exist
 [ SQL语句 ] : SHOW COLUMNS FROM `hyd_passport`
SQL: SHOW COLUMNS FROM `hyd_users` [ RunTime:0.016007s ]
SQL: SELECT * FROM `hyd_users` WHERE ( account_name="ssssss" )  [ RunTime:0.000622s ]
ERR: 非法数据对象！:[eamil=>397173001@qq.com]

[ 2014-10-16T20:06:05+08:00 ] 127.0.0.1 /index.php/Home/Passport/checkRegister
INFO: [ app_init ] --START--
INFO: Run Behavior\BuildLiteBehavior [ RunTime:0.000024s ]
INFO: [ app_init ] --END-- [ RunTime:0.000438s ]
INFO: [ app_begin ] --START--
INFO: Run Behavior\ReadHtmlCacheBehavior [ RunTime:0.000783s ]
INFO: [ app_begin ] --END-- [ RunTime:0.000979s ]
SQL: SHOW COLUMNS FROM `hyd_passport` [ RunTime:0.003915s ]
ERR: 1146:Table 'hyd_share.hyd_passport' doesn't exist
 [ SQL语句 ] : SHOW COLUMNS FROM `hyd_passport`
SQL: SHOW COLUMNS FROM `hyd_users` [ RunTime:0.010450s ]
SQL: SELECT * FROM `hyd_users` WHERE ( account_name="ssssss" )  [ RunTime:0.000455s ]
ERR: 非法数据对象！:[eamil=>397173001@qq.com]

[ 2014-10-16T20:48:38+08:00 ] 127.0.0.1 /index.php/Home/Passport/checkRegister
INFO: [ app_init ] --START--
INFO: Run Behavior\BuildLiteBehavior [ RunTime:0.000024s ]
INFO: [ app_init ] --END-- [ RunTime:0.000453s ]
INFO: [ app_begin ] --START--
INFO: Run Behavior\ReadHtmlCacheBehavior [ RunTime:0.000591s ]
INFO: [ app_begin ] --END-- [ RunTime:0.000705s ]
SQL: SHOW COLUMNS FROM `hyd_passport` [ RunTime:0.005664s ]
ERR: 1146:Table 'hyd_share.hyd_passport' doesn't exist
 [ SQL语句 ] : SHOW COLUMNS FROM `hyd_passport`
SQL: SHOW COLUMNS FROM `hyd_users` [ RunTime:0.009348s ]
SQL: SELECT * FROM `hyd_users` WHERE ( account_name="ssssss" )  [ RunTime:0.000432s ]
SQL: INSERT INTO `hyd_users` (`account_name`,`passwd`,`email`) VALUES ('ssssss','3691308f2a4c2f6983f2880d32e29c84','397173001@qq.com') [ RunTime:0.149483s ]
ERR: 1062:Duplicate entry '397173001@qq.com' for key 'email'
 [ SQL语句 ] : INSERT INTO `hyd_users` (`account_name`,`passwd`,`email`) VALUES ('ssssss','3691308f2a4c2f6983f2880d32e29c84','397173001@qq.com')

[ 2014-10-16T21:10:43+08:00 ] 127.0.0.1 /index.php/Home/Passport/checkRegister
INFO: [ app_init ] --START--
INFO: Run Behavior\BuildLiteBehavior [ RunTime:0.000050s ]
INFO: [ app_init ] --END-- [ RunTime:0.001015s ]
INFO: [ app_begin ] --START--
INFO: Run Behavior\ReadHtmlCacheBehavior [ RunTime:0.001507s ]
INFO: [ app_begin ] --END-- [ RunTime:0.001781s ]
SQL: SHOW COLUMNS FROM `hyd_passport` [ RunTime:0.005308s ]
ERR: 1146:Table 'hyd_share.hyd_passport' doesn't exist
 [ SQL语句 ] : SHOW COLUMNS FROM `hyd_passport`
SQL: SHOW COLUMNS FROM `hyd_users` [ RunTime:0.011447s ]
SQL: SELECT * FROM `hyd_users` WHERE ( account_name="ssssss" )  [ RunTime:0.000522s ]
SQL: INSERT INTO `hyd_users` (`account_name`,`passwd`,`email`) VALUES ('ssssss','9336ebf25087d91c818ee6e9ec29f8c1','397173001@qq.com') [ RunTime:0.362088s ]
ERR: 1062:Duplicate entry '397173001@qq.com' for key 'email'
 [ SQL语句 ] : INSERT INTO `hyd_users` (`account_name`,`passwd`,`email`) VALUES ('ssssss','9336ebf25087d91c818ee6e9ec29f8c1','397173001@qq.com')

[ 2014-10-16T21:11:17+08:00 ] 127.0.0.1 /passport/register
INFO: [ app_init ] --START--
INFO: Run Behavior\BuildLiteBehavior [ RunTime:0.000029s ]
INFO: [ app_init ] --END-- [ RunTime:0.000578s ]
INFO: [ app_begin ] --START--
INFO: Run Behavior\ReadHtmlCacheBehavior [ RunTime:0.000772s ]
INFO: [ app_begin ] --END-- [ RunTime:0.000964s ]
ERR: 模板不存在:./Application/Home/View/Passport/register.html

[ 2014-10-16T21:11:19+08:00 ] 127.0.0.1 /passport/register
INFO: [ app_init ] --START--
INFO: Run Behavior\BuildLiteBehavior [ RunTime:0.000030s ]
INFO: [ app_init ] --END-- [ RunTime:0.000600s ]
INFO: [ app_begin ] --START--
INFO: Run Behavior\ReadHtmlCacheBehavior [ RunTime:0.000802s ]
INFO: [ app_begin ] --END-- [ RunTime:0.000981s ]
ERR: 模板不存在:./Application/Home/View/Passport/register.html

[ 2014-10-16T21:11:20+08:00 ] 127.0.0.1 /passport/register
INFO: [ app_init ] --START--
INFO: Run Behavior\BuildLiteBehavior [ RunTime:0.000052s ]
INFO: [ app_init ] --END-- [ RunTime:0.000962s ]
INFO: [ app_begin ] --START--
INFO: Run Behavior\ReadHtmlCacheBehavior [ RunTime:0.000932s ]
INFO: [ app_begin ] --END-- [ RunTime:0.001169s ]
ERR: 模板不存在:./Application/Home/View/Passport/register.html

[ 2014-10-16T21:11:20+08:00 ] 127.0.0.1 /passport/register
INFO: [ app_init ] --START--
INFO: Run Behavior\BuildLiteBehavior [ RunTime:0.000028s ]
INFO: [ app_init ] --END-- [ RunTime:0.000568s ]
INFO: [ app_begin ] --START--
INFO: Run Behavior\ReadHtmlCacheBehavior [ RunTime:0.001515s ]
INFO: [ app_begin ] --END-- [ RunTime:0.002058s ]
ERR: 模板不存在:./Application/Home/View/Passport/register.html

[ 2014-10-16T21:11:32+08:00 ] 127.0.0.1 /
INFO: [ app_init ] --START--
INFO: Run Behavior\BuildLiteBehavior [ RunTime:0.000061s ]
INFO: [ app_init ] --END-- [ RunTime:0.000875s ]
INFO: [ app_begin ] --START--
INFO: Run Behavior\ReadHtmlCacheBehavior [ RunTime:0.001441s ]
INFO: [ app_begin ] --END-- [ RunTime:0.001822s ]
INFO: [ view_parse ] --START--
INFO: [ template_filter ] --START--
INFO: Run Behavior\ContentReplaceBehavior [ RunTime:0.000168s ]
INFO: [ template_filter ] --END-- [ RunTime:0.000432s ]
INFO: Run Behavior\ParseTemplateBehavior [ RunTime:0.020039s ]
INFO: [ view_parse ] --END-- [ RunTime:0.020469s ]
INFO: [ view_filter ] --START--
INFO: Run Behavior\WriteHtmlCacheBehavior [ RunTime:0.000604s ]
INFO: [ view_filter ] --END-- [ RunTime:0.000778s ]
INFO: [ app_end ] --START--
INFO: Run Behavior\ShowPageTraceBehavior [ RunTime:0.001284s ]
INFO: [ app_end ] --END-- [ RunTime:0.001422s ]

[ 2014-10-16T21:11:32+08:00 ] 127.0.0.1 /
INFO: [ app_init ] --START--
INFO: Run Behavior\BuildLiteBehavior [ RunTime:0.000043s ]
INFO: [ app_init ] --END-- [ RunTime:0.000775s ]
INFO: [ app_begin ] --START--
INFO: Run Behavior\ReadHtmlCacheBehavior [ RunTime:0.001655s ]
INFO: [ app_begin ] --END-- [ RunTime:0.001909s ]
INFO: [ view_parse ] --START--
INFO: [ template_filter ] --START--
INFO: Run Behavior\ContentReplaceBehavior [ RunTime:0.000099s ]
INFO: [ template_filter ] --END-- [ RunTime:0.000289s ]
INFO: Run Behavior\ParseTemplateBehavior [ RunTime:0.011632s ]
INFO: [ view_parse ] --END-- [ RunTime:0.011888s ]
INFO: [ view_filter ] --START--
INFO: Run Behavior\WriteHtmlCacheBehavior [ RunTime:0.001176s ]
INFO: [ view_filter ] --END-- [ RunTime:0.001445s ]
INFO: [ app_end ] --START--
INFO: Run Behavior\ShowPageTraceBehavior [ RunTime:0.002302s ]
INFO: [ app_end ] --END-- [ RunTime:0.002725s ]

[ 2014-10-16T21:11:32+08:00 ] 127.0.0.1 /
INFO: [ app_init ] --START--
INFO: Run Behavior\BuildLiteBehavior [ RunTime:0.000039s ]
INFO: [ app_init ] --END-- [ RunTime:0.000663s ]
INFO: [ app_begin ] --START--
INFO: Run Behavior\ReadHtmlCacheBehavior [ RunTime:0.001152s ]
INFO: [ app_begin ] --END-- [ RunTime:0.001382s ]
INFO: [ view_parse ] --START--
INFO: [ template_filter ] --START--
INFO: Run Behavior\ContentReplaceBehavior [ RunTime:0.000136s ]
INFO: [ template_filter ] --END-- [ RunTime:0.000435s ]
INFO: Run Behavior\ParseTemplateBehavior [ RunTime:0.012120s ]
INFO: [ view_parse ] --END-- [ RunTime:0.012384s ]
INFO: [ view_filter ] --START--
INFO: Run Behavior\WriteHtmlCacheBehavior [ RunTime:0.000791s ]
INFO: [ view_filter ] --END-- [ RunTime:0.000984s ]
INFO: [ app_end ] --START--
INFO: Run Behavior\ShowPageTraceBehavior [ RunTime:0.001167s ]
INFO: [ app_end ] --END-- [ RunTime:0.001352s ]

[ 2014-10-16T21:11:35+08:00 ] 127.0.0.1 /passport/register
INFO: [ app_init ] --START--
INFO: Run Behavior\BuildLiteBehavior [ RunTime:0.000064s ]
INFO: [ app_init ] --END-- [ RunTime:0.000993s ]
INFO: [ app_begin ] --START--
INFO: Run Behavior\ReadHtmlCacheBehavior [ RunTime:0.001062s ]
INFO: [ app_begin ] --END-- [ RunTime:0.001281s ]
ERR: 模板不存在:./Application/Home/View/Passport/register.html

[ 2014-10-16T21:11:51+08:00 ] 127.0.0.1 /passport/register
INFO: [ app_init ] --START--
INFO: Run Behavior\BuildLiteBehavior [ RunTime:0.000028s ]
INFO: [ app_init ] --END-- [ RunTime:0.000563s ]
INFO: [ app_begin ] --START--
INFO: Run Behavior\ReadHtmlCacheBehavior [ RunTime:0.000963s ]
INFO: [ app_begin ] --END-- [ RunTime:0.001159s ]
INFO: [ view_parse ] --START--
INFO: [ template_filter ] --START--
INFO: Run Behavior\ContentReplaceBehavior [ RunTime:0.000167s ]
INFO: [ template_filter ] --END-- [ RunTime:0.000501s ]
INFO: Run Behavior\ParseTemplateBehavior [ RunTime:0.013931s ]
INFO: [ view_parse ] --END-- [ RunTime:0.014167s ]
INFO: [ view_filter ] --START--
INFO: Run Behavior\WriteHtmlCacheBehavior [ RunTime:0.000843s ]
INFO: [ view_filter ] --END-- [ RunTime:0.001109s ]
INFO: [ app_end ] --START--
INFO: Run Behavior\ShowPageTraceBehavior [ RunTime:0.001469s ]
INFO: [ app_end ] --END-- [ RunTime:0.001821s ]

[ 2014-10-16T21:11:56+08:00 ] 127.0.0.1 /index.php/Home/Passport/checkRegister
INFO: [ app_init ] --START--
INFO: Run Behavior\BuildLiteBehavior [ RunTime:0.000028s ]
INFO: [ app_init ] --END-- [ RunTime:0.000557s ]
INFO: [ app_begin ] --START--
INFO: Run Behavior\ReadHtmlCacheBehavior [ RunTime:0.000976s ]
INFO: [ app_begin ] --END-- [ RunTime:0.001174s ]
SQL: SHOW COLUMNS FROM `hyd_passport` [ RunTime:0.004768s ]
ERR: 1146:Table 'hyd_share.hyd_passport' doesn't exist
 [ SQL语句 ] : SHOW COLUMNS FROM `hyd_passport`
SQL: SHOW COLUMNS FROM `hyd_users` [ RunTime:0.015609s ]
SQL: SELECT * FROM `hyd_users` WHERE ( account_name="ssssss" )  [ RunTime:0.000511s ]
SQL: INSERT INTO `hyd_users` (`account_name`,`passwd`,`email`) VALUES ('ssssss','3691308f2a4c2f6983f2880d32e29c84','397173001@qq.com') [ RunTime:0.083804s ]
ERR: 1062:Duplicate entry '397173001@qq.com' for key 'email'
 [ SQL语句 ] : INSERT INTO `hyd_users` (`account_name`,`passwd`,`email`) VALUES ('ssssss','3691308f2a4c2f6983f2880d32e29c84','397173001@qq.com')

[ 2014-10-16T21:17:46+08:00 ] 127.0.0.1 /index.php/Home/Passport/checkRegister
INFO: [ app_init ] --START--
INFO: Run Behavior\BuildLiteBehavior [ RunTime:0.000043s ]
INFO: [ app_init ] --END-- [ RunTime:0.000809s ]
INFO: [ app_begin ] --START--
INFO: Run Behavior\ReadHtmlCacheBehavior [ RunTime:0.001246s ]
INFO: [ app_begin ] --END-- [ RunTime:0.001507s ]
SQL: SHOW COLUMNS FROM `hyd_passport` [ RunTime:0.007990s ]
ERR: 1146:Table 'hyd_share.hyd_passport' doesn't exist
 [ SQL语句 ] : SHOW COLUMNS FROM `hyd_passport`
SQL: SHOW COLUMNS FROM `hyd_users` [ RunTime:0.013723s ]
SQL: SELECT * FROM `hyd_users` WHERE ( account_name="ssssss" )  [ RunTime:0.000456s ]
SQL: INSERT INTO `hyd_users` (`account_name`,`passwd`,`email`) VALUES ('ssssss','3691308f2a4c2f6983f2880d32e29c84','397173001@qq.com') [ RunTime:0.047548s ]
ERR: 1062:Duplicate entry '397173001@qq.com' for key 'email'
 [ SQL语句 ] : INSERT INTO `hyd_users` (`account_name`,`passwd`,`email`) VALUES ('ssssss','3691308f2a4c2f6983f2880d32e29c84','397173001@qq.com')
SQL: INSERT INTO `hyd_users` (`account_name`,`passwd`,`email`) VALUES ('ssssss','3691308f2a4c2f6983f2880d32e29c84','397173001@qq.com') [ RunTime:0.029162s ]
ERR: 1062:Duplicate entry '397173001@qq.com' for key 'email'
 [ SQL语句 ] : INSERT INTO `hyd_users` (`account_name`,`passwd`,`email`) VALUES ('ssssss','3691308f2a4c2f6983f2880d32e29c84','397173001@qq.com')
INFO: [ view_parse ] --START--
INFO: Run Behavior\ParseTemplateBehavior [ RunTime:0.002012s ]
INFO: [ view_parse ] --END-- [ RunTime:0.002362s ]
INFO: [ view_filter ] --START--
INFO: Run Behavior\WriteHtmlCacheBehavior [ RunTime:0.001897s ]
INFO: [ view_filter ] --END-- [ RunTime:0.002145s ]
INFO: [ app_end ] --START--
INFO: Run Behavior\ShowPageTraceBehavior [ RunTime:0.001148s ]
INFO: [ app_end ] --END-- [ RunTime:0.001304s ]

[ 2014-10-16T21:20:33+08:00 ] 127.0.0.1 /Home/Passport/checkRegister
INFO: [ app_init ] --START--
INFO: Run Behavior\BuildLiteBehavior [ RunTime:0.000041s ]
INFO: [ app_init ] --END-- [ RunTime:0.000902s ]
INFO: [ app_begin ] --START--
INFO: Run Behavior\ReadHtmlCacheBehavior [ RunTime:0.001588s ]
INFO: [ app_begin ] --END-- [ RunTime:0.002054s ]
INFO: [ app_end ] --START--
INFO: Run Behavior\ShowPageTraceBehavior [ RunTime:0.002169s ]
INFO: [ app_end ] --END-- [ RunTime:0.002542s ]

[ 2014-10-16T21:20:40+08:00 ] 127.0.0.1 /passport/register
INFO: [ app_init ] --START--
INFO: Run Behavior\BuildLiteBehavior [ RunTime:0.000051s ]
INFO: [ app_init ] --END-- [ RunTime:0.000812s ]
INFO: [ app_begin ] --START--
INFO: Run Behavior\ReadHtmlCacheBehavior [ RunTime:0.001098s ]
INFO: [ app_begin ] --END-- [ RunTime:0.001340s ]
INFO: [ view_parse ] --START--
INFO: [ template_filter ] --START--
INFO: Run Behavior\ContentReplaceBehavior [ RunTime:0.000295s ]
INFO: [ template_filter ] --END-- [ RunTime:0.000820s ]
INFO: Run Behavior\ParseTemplateBehavior [ RunTime:0.020621s ]
INFO: [ view_parse ] --END-- [ RunTime:0.021015s ]
INFO: [ view_filter ] --START--
INFO: Run Behavior\WriteHtmlCacheBehavior [ RunTime:0.000715s ]
INFO: [ view_filter ] --END-- [ RunTime:0.000932s ]
INFO: [ app_end ] --START--
INFO: Run Behavior\ShowPageTraceBehavior [ RunTime:0.001287s ]
INFO: [ app_end ] --END-- [ RunTime:0.001459s ]

[ 2014-10-16T21:28:15+08:00 ] 127.0.0.1 /index.php/Home/Passport/checkRegister
INFO: [ app_init ] --START--
INFO: Run Behavior\BuildLiteBehavior [ RunTime:0.000028s ]
INFO: [ app_init ] --END-- [ RunTime:0.000564s ]
INFO: [ app_begin ] --START--
INFO: Run Behavior\ReadHtmlCacheBehavior [ RunTime:0.000850s ]
INFO: [ app_begin ] --END-- [ RunTime:0.001026s ]
SQL: SHOW COLUMNS FROM `hyd_passport` [ RunTime:0.009290s ]
ERR: 1146:Table 'hyd_share.hyd_passport' doesn't exist
 [ SQL语句 ] : SHOW COLUMNS FROM `hyd_passport`
SQL: SHOW COLUMNS FROM `hyd_users` [ RunTime:0.018016s ]
SQL: SELECT * FROM `hyd_users` WHERE ( account_name="ss" )  [ RunTime:0.000481s ]
INFO: [ view_parse ] --START--
INFO: Run Behavior\ParseTemplateBehavior [ RunTime:0.000982s ]
INFO: [ view_parse ] --END-- [ RunTime:0.001196s ]
INFO: [ view_filter ] --START--
INFO: Run Behavior\WriteHtmlCacheBehavior [ RunTime:0.000725s ]
INFO: [ view_filter ] --END-- [ RunTime:0.000876s ]
INFO: [ app_end ] --START--
INFO: Run Behavior\ShowPageTraceBehavior [ RunTime:0.000885s ]
INFO: [ app_end ] --END-- [ RunTime:0.001055s ]

[ 2014-10-16T21:28:21+08:00 ] 127.0.0.1 /index.php/Home/Passport/checkRegister
INFO: [ app_init ] --START--
INFO: Run Behavior\BuildLiteBehavior [ RunTime:0.000039s ]
INFO: [ app_init ] --END-- [ RunTime:0.000654s ]
INFO: [ app_begin ] --START--
INFO: Run Behavior\ReadHtmlCacheBehavior [ RunTime:0.000821s ]
INFO: [ app_begin ] --END-- [ RunTime:0.000988s ]
SQL: SHOW COLUMNS FROM `hyd_passport` [ RunTime:0.005746s ]
ERR: 1146:Table 'hyd_share.hyd_passport' doesn't exist
 [ SQL语句 ] : SHOW COLUMNS FROM `hyd_passport`
SQL: SHOW COLUMNS FROM `hyd_users` [ RunTime:0.014774s ]
SQL: SELECT * FROM `hyd_users` WHERE ( account_name="sssss" )  [ RunTime:0.000939s ]
SQL: INSERT INTO `hyd_users` (`account_name`,`passwd`,`email`) VALUES ('sssss','3691308f2a4c2f6983f2880d32e29c84','397173001@qq.com') [ RunTime:0.085735s ]
ERR: 1062:Duplicate entry '397173001@qq.com' for key 'email'
 [ SQL语句 ] : INSERT INTO `hyd_users` (`account_name`,`passwd`,`email`) VALUES ('sssss','3691308f2a4c2f6983f2880d32e29c84','397173001@qq.com')
INFO: [ view_parse ] --START--
INFO: Run Behavior\ParseTemplateBehavior [ RunTime:0.000886s ]
INFO: [ view_parse ] --END-- [ RunTime:0.001055s ]
INFO: [ view_filter ] --START--
INFO: Run Behavior\WriteHtmlCacheBehavior [ RunTime:0.000488s ]
INFO: [ view_filter ] --END-- [ RunTime:0.000604s ]
INFO: [ app_end ] --START--
INFO: Run Behavior\ShowPageTraceBehavior [ RunTime:0.000985s ]
INFO: [ app_end ] --END-- [ RunTime:0.001126s ]

[ 2014-10-16T21:39:58+08:00 ] 127.0.0.1 /
INFO: [ app_init ] --START--
INFO: Run Behavior\BuildLiteBehavior [ RunTime:0.000033s ]
INFO: [ app_init ] --END-- [ RunTime:0.000996s ]
INFO: [ app_begin ] --START--
INFO: Run Behavior\ReadHtmlCacheBehavior [ RunTime:0.000764s ]
INFO: [ app_begin ] --END-- [ RunTime:0.000930s ]
INFO: [ view_parse ] --START--
INFO: [ template_filter ] --START--
INFO: Run Behavior\ContentReplaceBehavior [ RunTime:0.000086s ]
INFO: [ template_filter ] --END-- [ RunTime:0.000222s ]
INFO: Run Behavior\ParseTemplateBehavior [ RunTime:0.011128s ]
INFO: [ view_parse ] --END-- [ RunTime:0.011319s ]
INFO: [ view_filter ] --START--
INFO: Run Behavior\WriteHtmlCacheBehavior [ RunTime:0.000554s ]
INFO: [ view_filter ] --END-- [ RunTime:0.000742s ]
INFO: [ app_end ] --START--
INFO: Run Behavior\ShowPageTraceBehavior [ RunTime:0.001064s ]
INFO: [ app_end ] --END-- [ RunTime:0.001252s ]

[ 2014-10-16T21:40:03+08:00 ] 127.0.0.1 /passport/register
INFO: [ app_init ] --START--
INFO: Run Behavior\BuildLiteBehavior [ RunTime:0.000046s ]
INFO: [ app_init ] --END-- [ RunTime:0.000767s ]
INFO: [ app_begin ] --START--
INFO: Run Behavior\ReadHtmlCacheBehavior [ RunTime:0.001250s ]
INFO: [ app_begin ] --END-- [ RunTime:0.001541s ]
INFO: [ view_parse ] --START--
INFO: [ template_filter ] --START--
INFO: Run Behavior\ContentReplaceBehavior [ RunTime:0.000111s ]
INFO: [ template_filter ] --END-- [ RunTime:0.000279s ]
INFO: Run Behavior\ParseTemplateBehavior [ RunTime:0.012073s ]
INFO: [ view_parse ] --END-- [ RunTime:0.012252s ]
INFO: [ view_filter ] --START--
INFO: Run Behavior\WriteHtmlCacheBehavior [ RunTime:0.000431s ]
INFO: [ view_filter ] --END-- [ RunTime:0.000535s ]
INFO: [ app_end ] --START--
INFO: Run Behavior\ShowPageTraceBehavior [ RunTime:0.001311s ]
INFO: [ app_end ] --END-- [ RunTime:0.001513s ]

[ 2014-10-16T21:41:36+08:00 ] 127.0.0.1 /index.php/Home/Passport/checkRegister
INFO: [ app_init ] --START--
INFO: Run Behavior\BuildLiteBehavior [ RunTime:0.000053s ]
INFO: [ app_init ] --END-- [ RunTime:0.001115s ]
INFO: [ app_begin ] --START--
INFO: Run Behavior\ReadHtmlCacheBehavior [ RunTime:0.002620s ]
INFO: [ app_begin ] --END-- [ RunTime:0.002969s ]
SQL: SHOW COLUMNS FROM `hyd_passport` [ RunTime:0.005122s ]
ERR: 1146:Table 'hyd_share.hyd_passport' doesn't exist
 [ SQL语句 ] : SHOW COLUMNS FROM `hyd_passport`
SQL: SHOW COLUMNS FROM `hyd_users` [ RunTime:0.010886s ]
SQL: SELECT * FROM `hyd_users` WHERE ( account_name="aa" )  [ RunTime:0.000435s ]
SQL: INSERT INTO `hyd_users` (`account_name`,`passwd`,`email`) VALUES ('aa','4124bc0a9335c27f086f24ba207a4912','397173001@qq.com') [ RunTime:0.372416s ]
ERR: 1062:Duplicate entry '397173001@qq.com' for key 'email'
 [ SQL语句 ] : INSERT INTO `hyd_users` (`account_name`,`passwd`,`email`) VALUES ('aa','4124bc0a9335c27f086f24ba207a4912','397173001@qq.com')
INFO: [ view_parse ] --START--
INFO: Run Behavior\ParseTemplateBehavior [ RunTime:0.000691s ]
INFO: [ view_parse ] --END-- [ RunTime:0.000814s ]
INFO: [ view_filter ] --START--
INFO: Run Behavior\WriteHtmlCacheBehavior [ RunTime:0.000620s ]
INFO: [ view_filter ] --END-- [ RunTime:0.000732s ]
INFO: [ app_end ] --START--
INFO: Run Behavior\ShowPageTraceBehavior [ RunTime:0.000930s ]
INFO: [ app_end ] --END-- [ RunTime:0.001043s ]

[ 2014-10-16T21:43:06+08:00 ] 127.0.0.1 /index.php/Home/Passport/checkRegister
INFO: [ app_init ] --START--
INFO: Run Behavior\BuildLiteBehavior [ RunTime:0.000040s ]
INFO: [ app_init ] --END-- [ RunTime:0.001052s ]
INFO: [ app_begin ] --START--
INFO: Run Behavior\ReadHtmlCacheBehavior [ RunTime:0.000774s ]
INFO: [ app_begin ] --END-- [ RunTime:0.000937s ]
SQL: SHOW COLUMNS FROM `hyd_passport` [ RunTime:0.005002s ]
ERR: 1146:Table 'hyd_share.hyd_passport' doesn't exist
 [ SQL语句 ] : SHOW COLUMNS FROM `hyd_passport`
SQL: SHOW COLUMNS FROM `hyd_users` [ RunTime:0.019979s ]
SQL: SELECT * FROM `hyd_users` WHERE ( account_name="aa" )  [ RunTime:0.001257s ]
SQL: INSERT INTO `hyd_users` (`account_name`,`passwd`,`email`) VALUES ('aa','4124bc0a9335c27f086f24ba207a4912','397173001@qq.com') [ RunTime:0.088384s ]
ERR: 1062:Duplicate entry '397173001@qq.com' for key 'email'
 [ SQL语句 ] : INSERT INTO `hyd_users` (`account_name`,`passwd`,`email`) VALUES ('aa','4124bc0a9335c27f086f24ba207a4912','397173001@qq.com')
ERR: 模板不存在:./Application/Home/View/Passport/checkRegister.html

[ 2014-10-16T21:43:36+08:00 ] 127.0.0.1 /index.php/Home/Passport/
INFO: [ app_init ] --START--
INFO: Run Behavior\BuildLiteBehavior [ RunTime:0.000028s ]
INFO: [ app_init ] --END-- [ RunTime:0.000599s ]
INFO: [ app_begin ] --START--
INFO: Run Behavior\ReadHtmlCacheBehavior [ RunTime:0.000721s ]
INFO: [ app_begin ] --END-- [ RunTime:0.000875s ]
INFO: [ app_end ] --START--
INFO: Run Behavior\ShowPageTraceBehavior [ RunTime:0.000942s ]
INFO: [ app_end ] --END-- [ RunTime:0.001124s ]

[ 2014-10-16T21:43:42+08:00 ] 127.0.0.1 /index.php/Home/Passport/register
INFO: [ app_init ] --START--
INFO: Run Behavior\BuildLiteBehavior [ RunTime:0.000029s ]
INFO: [ app_init ] --END-- [ RunTime:0.000493s ]
INFO: [ app_begin ] --START--
INFO: Run Behavior\ReadHtmlCacheBehavior [ RunTime:0.000802s ]
INFO: [ app_begin ] --END-- [ RunTime:0.000954s ]
INFO: [ view_parse ] --START--
INFO: [ template_filter ] --START--
INFO: Run Behavior\ContentReplaceBehavior [ RunTime:0.000149s ]
INFO: [ template_filter ] --END-- [ RunTime:0.000374s ]
INFO: Run Behavior\ParseTemplateBehavior [ RunTime:0.010107s ]
INFO: [ view_parse ] --END-- [ RunTime:0.010323s ]
INFO: [ view_filter ] --START--
INFO: Run Behavior\WriteHtmlCacheBehavior [ RunTime:0.000633s ]
INFO: [ view_filter ] --END-- [ RunTime:0.000809s ]
INFO: [ app_end ] --START--
INFO: Run Behavior\ShowPageTraceBehavior [ RunTime:0.000814s ]
INFO: [ app_end ] --END-- [ RunTime:0.000931s ]

[ 2014-10-16T21:43:47+08:00 ] 127.0.0.1 /index.php/Home/Passport/checkRegister
INFO: [ app_init ] --START--
INFO: Run Behavior\BuildLiteBehavior [ RunTime:0.000028s ]
INFO: [ app_init ] --END-- [ RunTime:0.000548s ]
INFO: [ app_begin ] --START--
INFO: Run Behavior\ReadHtmlCacheBehavior [ RunTime:0.001314s ]
INFO: [ app_begin ] --END-- [ RunTime:0.001555s ]
SQL: SHOW COLUMNS FROM `hyd_passport` [ RunTime:0.005585s ]
ERR: 1146:Table 'hyd_share.hyd_passport' doesn't exist
 [ SQL语句 ] : SHOW COLUMNS FROM `hyd_passport`
SQL: SHOW COLUMNS FROM `hyd_users` [ RunTime:0.015407s ]
SQL: SELECT * FROM `hyd_users` WHERE ( account_name="s" )  [ RunTime:0.000939s ]
SQL: INSERT INTO `hyd_users` (`account_name`,`passwd`,`email`) VALUES ('s','03c7c0ace395d80182db07ae2c30f034','fuwy@foxmail.com') [ RunTime:0.085093s ]
ERR: 1062:Duplicate entry 'fuwy@foxmail.com' for key 'email'
 [ SQL语句 ] : INSERT INTO `hyd_users` (`account_name`,`passwd`,`email`) VALUES ('s','03c7c0ace395d80182db07ae2c30f034','fuwy@foxmail.com')
ERR: 模板不存在:./Application/Home/View/Passport/checkRegister.html

[ 2014-10-16T21:49:13+08:00 ] 127.0.0.1 /
INFO: [ app_init ] --START--
INFO: Run Behavior\BuildLiteBehavior [ RunTime:0.000028s ]
INFO: [ app_init ] --END-- [ RunTime:0.000551s ]
INFO: [ app_begin ] --START--
INFO: Run Behavior\ReadHtmlCacheBehavior [ RunTime:0.000828s ]
INFO: [ app_begin ] --END-- [ RunTime:0.000990s ]
INFO: [ view_parse ] --START--
INFO: [ template_filter ] --START--
INFO: Run Behavior\ContentReplaceBehavior [ RunTime:0.000122s ]
INFO: [ template_filter ] --END-- [ RunTime:0.000299s ]
INFO: Run Behavior\ParseTemplateBehavior [ RunTime:0.009922s ]
INFO: [ view_parse ] --END-- [ RunTime:0.010117s ]
INFO: [ view_filter ] --START--
INFO: Run Behavior\WriteHtmlCacheBehavior [ RunTime:0.000447s ]
INFO: [ view_filter ] --END-- [ RunTime:0.000569s ]
INFO: [ app_end ] --START--
INFO: Run Behavior\ShowPageTraceBehavior [ RunTime:0.000938s ]
INFO: [ app_end ] --END-- [ RunTime:0.001110s ]

[ 2014-10-16T21:49:20+08:00 ] 127.0.0.1 /passport/register
INFO: [ app_init ] --START--
INFO: Run Behavior\BuildLiteBehavior [ RunTime:0.000031s ]
INFO: [ app_init ] --END-- [ RunTime:0.000683s ]
INFO: [ app_begin ] --START--
INFO: Run Behavior\ReadHtmlCacheBehavior [ RunTime:0.000713s ]
INFO: [ app_begin ] --END-- [ RunTime:0.000868s ]
INFO: [ view_parse ] --START--
INFO: [ template_filter ] --START--
INFO: Run Behavior\ContentReplaceBehavior [ RunTime:0.000098s ]
INFO: [ template_filter ] --END-- [ RunTime:0.000273s ]
INFO: Run Behavior\ParseTemplateBehavior [ RunTime:0.009426s ]
INFO: [ view_parse ] --END-- [ RunTime:0.009591s ]
INFO: [ view_filter ] --START--
INFO: Run Behavior\WriteHtmlCacheBehavior [ RunTime:0.000435s ]
INFO: [ view_filter ] --END-- [ RunTime:0.000550s ]
INFO: [ app_end ] --START--
INFO: Run Behavior\ShowPageTraceBehavior [ RunTime:0.000705s ]
INFO: [ app_end ] --END-- [ RunTime:0.000821s ]

[ 2014-10-16T21:49:28+08:00 ] 127.0.0.1 /index.php/Home/Passport/checkRegister
INFO: [ app_init ] --START--
INFO: Run Behavior\BuildLiteBehavior [ RunTime:0.000028s ]
INFO: [ app_init ] --END-- [ RunTime:0.000556s ]
INFO: [ app_begin ] --START--
INFO: Run Behavior\ReadHtmlCacheBehavior [ RunTime:0.000781s ]
INFO: [ app_begin ] --END-- [ RunTime:0.000944s ]
SQL: SHOW COLUMNS FROM `hyd_passport` [ RunTime:0.008461s ]
ERR: 1146:Table 'hyd_share.hyd_passport' doesn't exist
 [ SQL语句 ] : SHOW COLUMNS FROM `hyd_passport`
SQL: SHOW COLUMNS FROM `hyd_users` [ RunTime:0.017529s ]
SQL: SELECT * FROM `hyd_users` WHERE ( account_name="qq" )  [ RunTime:0.000432s ]
SQL: INSERT INTO `hyd_users` (`account_name`,`passwd`,`email`) VALUES ('qq','7694f4a66316e53c8cdd9d9954bd611d','fuwy@foxmail.com') [ RunTime:0.062470s ]
ERR: 1062:Duplicate entry 'fuwy@foxmail.com' for key 'email'
 [ SQL语句 ] : INSERT INTO `hyd_users` (`account_name`,`passwd`,`email`) VALUES ('qq','7694f4a66316e53c8cdd9d9954bd611d','fuwy@foxmail.com')

[ 2014-10-16T21:49:46+08:00 ] 127.0.0.1 /index.php/Home/Passport/checkRegister
INFO: [ app_init ] --START--
INFO: Run Behavior\BuildLiteBehavior [ RunTime:0.000032s ]
INFO: [ app_init ] --END-- [ RunTime:0.000609s ]
INFO: [ app_begin ] --START--
INFO: Run Behavior\ReadHtmlCacheBehavior [ RunTime:0.000756s ]
INFO: [ app_begin ] --END-- [ RunTime:0.000921s ]
SQL: SHOW COLUMNS FROM `hyd_passport` [ RunTime:0.005011s ]
ERR: 1146:Table 'hyd_share.hyd_passport' doesn't exist
 [ SQL语句 ] : SHOW COLUMNS FROM `hyd_passport`
SQL: SHOW COLUMNS FROM `hyd_users` [ RunTime:0.014485s ]
SQL: SELECT * FROM `hyd_users` WHERE ( account_name="qqqqqq" )  [ RunTime:0.000492s ]
SQL: INSERT INTO `hyd_users` (`account_name`,`passwd`,`email`) VALUES ('qqqqqq','e10adc3949ba59abbe56e057f20f883e','fuwy@foxmail.com') [ RunTime:0.083767s ]
ERR: 1062:Duplicate entry 'fuwy@foxmail.com' for key 'email'
 [ SQL语句 ] : INSERT INTO `hyd_users` (`account_name`,`passwd`,`email`) VALUES ('qqqqqq','e10adc3949ba59abbe56e057f20f883e','fuwy@foxmail.com')

[ 2014-10-16T21:50:13+08:00 ] 127.0.0.1 /index.php/Home/Passport/checkRegister
INFO: [ app_init ] --START--
INFO: Run Behavior\BuildLiteBehavior [ RunTime:0.000035s ]
INFO: [ app_init ] --END-- [ RunTime:0.002034s ]
INFO: [ app_begin ] --START--
INFO: Run Behavior\ReadHtmlCacheBehavior [ RunTime:0.000935s ]
INFO: [ app_begin ] --END-- [ RunTime:0.001165s ]
SQL: SHOW COLUMNS FROM `hyd_passport` [ RunTime:0.005550s ]
ERR: 1146:Table 'hyd_share.hyd_passport' doesn't exist
 [ SQL语句 ] : SHOW COLUMNS FROM `hyd_passport`
SQL: SHOW COLUMNS FROM `hyd_users` [ RunTime:0.012835s ]
SQL: SELECT * FROM `hyd_users` WHERE ( account_name="qqqqqq" )  [ RunTime:0.000465s ]
SQL: INSERT INTO `hyd_users` (`account_name`,`passwd`,`email`) VALUES ('qqqqqq','e10adc3949ba59abbe56e057f20f883e','fuwy@foxmail.com') [ RunTime:0.088904s ]
ERR: 1062:Duplicate entry 'fuwy@foxmail.com' for key 'email'
 [ SQL语句 ] : INSERT INTO `hyd_users` (`account_name`,`passwd`,`email`) VALUES ('qqqqqq','e10adc3949ba59abbe56e057f20f883e','fuwy@foxmail.com')
ERR: 模板不存在:./Application/Home/View/Passport/checkRegister.html

[ 2014-10-16T21:51:04+08:00 ] 127.0.0.1 /index.php/Home/Passport/checkRegister
INFO: [ app_init ] --START--
INFO: Run Behavior\BuildLiteBehavior [ RunTime:0.000032s ]
INFO: [ app_init ] --END-- [ RunTime:0.000607s ]
INFO: [ app_begin ] --START--
INFO: Run Behavior\ReadHtmlCacheBehavior [ RunTime:0.001049s ]
INFO: [ app_begin ] --END-- [ RunTime:0.001546s ]
SQL: SHOW COLUMNS FROM `hyd_passport` [ RunTime:0.005590s ]
ERR: 1146:Table 'hyd_share.hyd_passport' doesn't exist
 [ SQL语句 ] : SHOW COLUMNS FROM `hyd_passport`
INFO: [ view_parse ] --START--
INFO: Run Behavior\ParseTemplateBehavior [ RunTime:0.000986s ]
INFO: [ view_parse ] --END-- [ RunTime:0.001152s ]
INFO: [ view_filter ] --START--
INFO: Run Behavior\WriteHtmlCacheBehavior [ RunTime:0.000547s ]
INFO: [ view_filter ] --END-- [ RunTime:0.000685s ]
INFO: [ app_end ] --START--
INFO: Run Behavior\ShowPageTraceBehavior [ RunTime:0.000721s ]
INFO: [ app_end ] --END-- [ RunTime:0.000847s ]

[ 2014-10-16T21:51:14+08:00 ] 127.0.0.1 /index.php/Home/Passport/checkRegister
INFO: [ app_init ] --START--
INFO: Run Behavior\BuildLiteBehavior [ RunTime:0.000028s ]
INFO: [ app_init ] --END-- [ RunTime:0.000499s ]
INFO: [ app_begin ] --START--
INFO: Run Behavior\ReadHtmlCacheBehavior [ RunTime:0.000639s ]
INFO: [ app_begin ] --END-- [ RunTime:0.000776s ]
SQL: SHOW COLUMNS FROM `hyd_passport` [ RunTime:0.004959s ]
ERR: 1146:Table 'hyd_share.hyd_passport' doesn't exist
 [ SQL语句 ] : SHOW COLUMNS FROM `hyd_passport`
SQL: SHOW COLUMNS FROM `hyd_users` [ RunTime:0.012867s ]
SQL: SELECT * FROM `hyd_users` WHERE ( account_name="qqqqqq" )  [ RunTime:0.000502s ]
SQL: INSERT INTO `hyd_users` (`account_name`,`passwd`,`email`) VALUES ('qqqqqq','02a05c6e278d3e19afaca4f3f7cf47d9','fuwy@foxmail.com') [ RunTime:0.093497s ]
ERR: 1062:Duplicate entry 'fuwy@foxmail.com' for key 'email'
 [ SQL语句 ] : INSERT INTO `hyd_users` (`account_name`,`passwd`,`email`) VALUES ('qqqqqq','02a05c6e278d3e19afaca4f3f7cf47d9','fuwy@foxmail.com')
SQL: INSERT INTO `hyd_users` (`account_name`,`passwd`,`email`) VALUES ('qqqqqq','02a05c6e278d3e19afaca4f3f7cf47d9','fuwy@foxmail.com') [ RunTime:0.029816s ]
ERR: 1062:Duplicate entry 'fuwy@foxmail.com' for key 'email'
 [ SQL语句 ] : INSERT INTO `hyd_users` (`account_name`,`passwd`,`email`) VALUES ('qqqqqq','02a05c6e278d3e19afaca4f3f7cf47d9','fuwy@foxmail.com')
INFO: [ view_parse ] --START--
INFO: Run Behavior\ParseTemplateBehavior [ RunTime:0.001205s ]
INFO: [ view_parse ] --END-- [ RunTime:0.001439s ]
INFO: [ view_filter ] --START--
INFO: Run Behavior\WriteHtmlCacheBehavior [ RunTime:0.001004s ]
INFO: [ view_filter ] --END-- [ RunTime:0.001241s ]
INFO: [ app_end ] --START--
INFO: Run Behavior\ShowPageTraceBehavior [ RunTime:0.001297s ]
INFO: [ app_end ] --END-- [ RunTime:0.001519s ]

[ 2014-10-16T21:52:35+08:00 ] 127.0.0.1 /index.php/Home/Passport/checkRegister
INFO: [ app_init ] --START--
INFO: Run Behavior\BuildLiteBehavior [ RunTime:0.000031s ]
INFO: [ app_init ] --END-- [ RunTime:0.000691s ]
INFO: [ app_begin ] --START--
INFO: Run Behavior\ReadHtmlCacheBehavior [ RunTime:0.000712s ]
INFO: [ app_begin ] --END-- [ RunTime:0.000883s ]
SQL: SHOW COLUMNS FROM `hyd_passport` [ RunTime:0.005921s ]
ERR: 1146:Table 'hyd_share.hyd_passport' doesn't exist
 [ SQL语句 ] : SHOW COLUMNS FROM `hyd_passport`
SQL: SHOW COLUMNS FROM `hyd_users` [ RunTime:0.012817s ]
SQL: SELECT * FROM `hyd_users` WHERE ( account_name="qqqqqqxxx" )  [ RunTime:0.000598s ]
SQL: INSERT INTO `hyd_users` (`account_name`,`passwd`,`email`) VALUES ('qqqqqqxxx','dad3a37aa9d50688b5157698acfd7aee','fuwwwwy@foxmail.com') [ RunTime:0.120793s ]
SQL: INSERT INTO `hyd_users` (`account_name`,`passwd`,`email`) VALUES ('qqqqqqxxx','dad3a37aa9d50688b5157698acfd7aee','fuwwwwy@foxmail.com') [ RunTime:0.036198s ]
ERR: 1062:Duplicate entry 'qqqqqqxxx' for key 'account_name'
 [ SQL语句 ] : INSERT INTO `hyd_users` (`account_name`,`passwd`,`email`) VALUES ('qqqqqqxxx','dad3a37aa9d50688b5157698acfd7aee','fuwwwwy@foxmail.com')
INFO: [ view_parse ] --START--
INFO: Run Behavior\ParseTemplateBehavior [ RunTime:0.000743s ]
INFO: [ view_parse ] --END-- [ RunTime:0.000892s ]
INFO: [ view_filter ] --START--
INFO: Run Behavior\WriteHtmlCacheBehavior [ RunTime:0.000455s ]
INFO: [ view_filter ] --END-- [ RunTime:0.000573s ]
INFO: [ app_end ] --START--
INFO: Run Behavior\ShowPageTraceBehavior [ RunTime:0.000896s ]
INFO: [ app_end ] --END-- [ RunTime:0.001083s ]

[ 2014-10-16T21:55:29+08:00 ] 127.0.0.1 /index.php/Home/Passport/checkRegister
INFO: [ app_init ] --START--
INFO: Run Behavior\BuildLiteBehavior [ RunTime:0.000031s ]
INFO: [ app_init ] --END-- [ RunTime:0.000723s ]
INFO: [ app_begin ] --START--
INFO: Run Behavior\ReadHtmlCacheBehavior [ RunTime:0.000813s ]
INFO: [ app_begin ] --END-- [ RunTime:0.000964s ]
SQL: SHOW COLUMNS FROM `hyd_passport` [ RunTime:0.009573s ]
ERR: 1146:Table 'hyd_share.hyd_passport' doesn't exist
 [ SQL语句 ] : SHOW COLUMNS FROM `hyd_passport`
SQL: SHOW COLUMNS FROM `hyd_users` [ RunTime:0.012765s ]
SQL: SELECT * FROM `hyd_users` WHERE ( account_name="qqqqqqxxxs" )  [ RunTime:0.000520s ]
SQL: INSERT INTO `hyd_users` (`account_name`,`passwd`,`email`) VALUES ('qqqqqqxxxs','9f6e6800cfae7749eb6c486619254b9c','fuwwwwy@foxmail.com') [ RunTime:0.083828s ]
ERR: 1062:Duplicate entry 'fuwwwwy@foxmail.com' for key 'email'
 [ SQL语句 ] : INSERT INTO `hyd_users` (`account_name`,`passwd`,`email`) VALUES ('qqqqqqxxxs','9f6e6800cfae7749eb6c486619254b9c','fuwwwwy@foxmail.com')
SQL: INSERT INTO `hyd_users` (`account_name`,`passwd`,`email`) VALUES ('qqqqqqxxxs','9f6e6800cfae7749eb6c486619254b9c','fuwwwwy@foxmail.com') [ RunTime:0.028452s ]
ERR: 1062:Duplicate entry 'fuwwwwy@foxmail.com' for key 'email'
 [ SQL语句 ] : INSERT INTO `hyd_users` (`account_name`,`passwd`,`email`) VALUES ('qqqqqqxxxs','9f6e6800cfae7749eb6c486619254b9c','fuwwwwy@foxmail.com')
INFO: [ view_parse ] --START--
INFO: Run Behavior\ParseTemplateBehavior [ RunTime:0.001113s ]
INFO: [ view_parse ] --END-- [ RunTime:0.001287s ]
INFO: [ view_filter ] --START--
INFO: Run Behavior\WriteHtmlCacheBehavior [ RunTime:0.000566s ]
INFO: [ view_filter ] --END-- [ RunTime:0.000712s ]
INFO: [ app_end ] --START--
INFO: Run Behavior\ShowPageTraceBehavior [ RunTime:0.000959s ]
INFO: [ app_end ] --END-- [ RunTime:0.001071s ]

[ 2014-10-16T21:58:50+08:00 ] 127.0.0.1 /index.php/Home/Passport/checkRegister
INFO: [ app_init ] --START--
INFO: Run Behavior\BuildLiteBehavior [ RunTime:0.000043s ]
INFO: [ app_init ] --END-- [ RunTime:0.000756s ]
INFO: [ app_begin ] --START--
INFO: Run Behavior\ReadHtmlCacheBehavior [ RunTime:0.000769s ]
INFO: [ app_begin ] --END-- [ RunTime:0.000955s ]
SQL: SHOW COLUMNS FROM `hyd_passport` [ RunTime:0.005228s ]
ERR: 1146:Table 'hyd_share.hyd_passport' doesn't exist
 [ SQL语句 ] : SHOW COLUMNS FROM `hyd_passport`
SQL: SHOW COLUMNS FROM `hyd_users` [ RunTime:0.015732s ]
SQL: SELECT * FROM `hyd_users` WHERE ( account_name="qqqqqqxxxs" )  [ RunTime:0.000544s ]
SQL: INSERT INTO `hyd_users` (`account_name`,`passwd`,`email`) VALUES ('qqqqqqxxxs','2d02e669731cbade6a64b58d602cf2a4','fuwwwwy@foxmail.com') [ RunTime:0.093241s ]
ERR: 1062:Duplicate entry 'fuwwwwy@foxmail.com' for key 'email'
 [ SQL语句 ] : INSERT INTO `hyd_users` (`account_name`,`passwd`,`email`) VALUES ('qqqqqqxxxs','2d02e669731cbade6a64b58d602cf2a4','fuwwwwy@foxmail.com')
INFO: [ view_parse ] --START--
INFO: Run Behavior\ParseTemplateBehavior [ RunTime:0.000918s ]
INFO: [ view_parse ] --END-- [ RunTime:0.001095s ]
INFO: [ view_filter ] --START--
INFO: Run Behavior\WriteHtmlCacheBehavior [ RunTime:0.000522s ]
INFO: [ view_filter ] --END-- [ RunTime:0.000660s ]
INFO: [ app_end ] --START--
INFO: Run Behavior\ShowPageTraceBehavior [ RunTime:0.001098s ]
INFO: [ app_end ] --END-- [ RunTime:0.001305s ]

[ 2014-10-16T21:59:20+08:00 ] 127.0.0.1 /index.php/Home/Passport/checkRegister
INFO: [ app_init ] --START--
INFO: Run Behavior\BuildLiteBehavior [ RunTime:0.000038s ]
INFO: [ app_init ] --END-- [ RunTime:0.000716s ]
INFO: [ app_begin ] --START--
INFO: Run Behavior\ReadHtmlCacheBehavior [ RunTime:0.000995s ]
INFO: [ app_begin ] --END-- [ RunTime:0.001223s ]
SQL: SHOW COLUMNS FROM `hyd_passport` [ RunTime:0.004958s ]
ERR: 1146:Table 'hyd_share.hyd_passport' doesn't exist
 [ SQL语句 ] : SHOW COLUMNS FROM `hyd_passport`
SQL: SHOW COLUMNS FROM `hyd_users` [ RunTime:0.013991s ]
SQL: SELECT * FROM `hyd_users` WHERE ( account_name="qqqqqqxxxss" )  [ RunTime:0.000451s ]
SQL: INSERT INTO `hyd_users` (`account_name`,`passwd`,`email`) VALUES ('qqqqqqxxxss','9f6e6800cfae7749eb6c486619254b9c','fuwwwwy@foxmail.com') [ RunTime:0.087747s ]
ERR: 1062:Duplicate entry 'fuwwwwy@foxmail.com' for key 'email'
 [ SQL语句 ] : INSERT INTO `hyd_users` (`account_name`,`passwd`,`email`) VALUES ('qqqqqqxxxss','9f6e6800cfae7749eb6c486619254b9c','fuwwwwy@foxmail.com')
INFO: [ view_parse ] --START--
INFO: Run Behavior\ParseTemplateBehavior [ RunTime:0.000715s ]
INFO: [ view_parse ] --END-- [ RunTime:0.000848s ]
INFO: [ view_filter ] --START--
INFO: Run Behavior\WriteHtmlCacheBehavior [ RunTime:0.000637s ]
INFO: [ view_filter ] --END-- [ RunTime:0.000755s ]
INFO: [ app_end ] --START--
INFO: Run Behavior\ShowPageTraceBehavior [ RunTime:0.000975s ]
INFO: [ app_end ] --END-- [ RunTime:0.001089s ]

[ 2014-10-16T21:59:29+08:00 ] 127.0.0.1 /index.php/Home/Passport/checkRegister
INFO: [ app_init ] --START--
INFO: Run Behavior\BuildLiteBehavior [ RunTime:0.000029s ]
INFO: [ app_init ] --END-- [ RunTime:0.000675s ]
INFO: [ app_begin ] --START--
INFO: Run Behavior\ReadHtmlCacheBehavior [ RunTime:0.000981s ]
INFO: [ app_begin ] --END-- [ RunTime:0.001152s ]
SQL: SHOW COLUMNS FROM `hyd_passport` [ RunTime:0.008116s ]
ERR: 1146:Table 'hyd_share.hyd_passport' doesn't exist
 [ SQL语句 ] : SHOW COLUMNS FROM `hyd_passport`
SQL: SHOW COLUMNS FROM `hyd_users` [ RunTime:0.015135s ]
SQL: SELECT * FROM `hyd_users` WHERE ( account_name="qqqqqqxxxss" )  [ RunTime:0.000441s ]
SQL: INSERT INTO `hyd_users` (`account_name`,`passwd`,`email`) VALUES ('qqqqqqxxxss','9f6e6800cfae7749eb6c486619254b9c','ssfuwwwwy@foxmail.com') [ RunTime:0.119492s ]
INFO: [ view_parse ] --START--
INFO: [ template_filter ] --START--
INFO: Run Behavior\ContentReplaceBehavior [ RunTime:0.000113s ]
INFO: [ template_filter ] --END-- [ RunTime:0.000317s ]
INFO: Run Behavior\ParseTemplateBehavior [ RunTime:0.014244s ]
INFO: [ view_parse ] --END-- [ RunTime:0.014490s ]
INFO: [ view_filter ] --START--
INFO: Run Behavior\WriteHtmlCacheBehavior [ RunTime:0.000706s ]
INFO: [ view_filter ] --END-- [ RunTime:0.000883s ]
INFO: [ app_end ] --START--
INFO: Run Behavior\ShowPageTraceBehavior [ RunTime:0.001040s ]
INFO: [ app_end ] --END-- [ RunTime:0.001202s ]

