[ 2014-10-15T13:44:09+08:00 ] 127.0.0.1 /
INFO: [ app_init ] --START--
INFO: Run Behavior\BuildLiteBehavior [ RunTime:0.000030s ]
INFO: [ app_init ] --END-- [ RunTime:0.001173s ]
INFO: [ app_begin ] --START--
INFO: Run Behavior\ReadHtmlCacheBehavior [ RunTime:0.022645s ]
INFO: [ app_begin ] --END-- [ RunTime:0.022818s ]
NOTIC: [2] mysql_connect() [<a href='function.mysql-connect'>function.mysql-connect</a>]: [2002] ”…”⁄ƒø±Íº∆À„ª˙ª˝º´æ‹æ¯£¨Œﬁ∑®¡¨Ω”°£
 (trying to connect via tcp://127.0.0.1:3306) D:\wamp\www\hyd\ThinkPHP\Library\Think\Db\Driver\Mysql.class.php Á¨¨ 52 Ë°å.
NOTIC: [2] mysql_connect() [<a href='function.mysql-connect'>function.mysql-connect</a>]: ”…”⁄ƒø±Íº∆À„ª˙ª˝º´æ‹æ¯£¨Œﬁ∑®¡¨Ω”°£
 D:\wamp\www\hyd\ThinkPHP\Library\Think\Db\Driver\Mysql.class.php Á¨¨ 52 Ë°å.
ERR: ”…”⁄ƒø±Íº∆À„ª˙ª˝º´æ‹æ¯£¨Œﬁ∑®¡¨Ω”°£


[ 2014-10-15T13:44:21+08:00 ] 127.0.0.1 /
INFO: [ app_init ] --START--
INFO: Run Behavior\BuildLiteBehavior [ RunTime:0.000041s ]
INFO: [ app_init ] --END-- [ RunTime:0.001193s ]
INFO: [ app_begin ] --START--
INFO: Run Behavior\ReadHtmlCacheBehavior [ RunTime:0.001063s ]
INFO: [ app_begin ] --END-- [ RunTime:0.001288s ]
NOTIC: [2] mysql_connect() [<a href='function.mysql-connect'>function.mysql-connect</a>]: [2002] ”…”⁄ƒø±Íº∆À„ª˙ª˝º´æ‹æ¯£¨Œﬁ∑®¡¨Ω”°£
 (trying to connect via tcp://127.0.0.1:3306) D:\wamp\www\hyd\ThinkPHP\Library\Think\Db\Driver\Mysql.class.php Á¨¨ 52 Ë°å.
NOTIC: [2] mysql_connect() [<a href='function.mysql-connect'>function.mysql-connect</a>]: ”…”⁄ƒø±Íº∆À„ª˙ª˝º´æ‹æ¯£¨Œﬁ∑®¡¨Ω”°£
 D:\wamp\www\hyd\ThinkPHP\Library\Think\Db\Driver\Mysql.class.php Á¨¨ 52 Ë°å.
ERR: ”…”⁄ƒø±Íº∆À„ª˙ª˝º´æ‹æ¯£¨Œﬁ∑®¡¨Ω”°£


[ 2014-10-15T13:44:40+08:00 ] 127.0.0.1 /
INFO: [ app_init ] --START--
INFO: Run Behavior\BuildLiteBehavior [ RunTime:0.000028s ]
INFO: [ app_init ] --END-- [ RunTime:0.000491s ]
INFO: [ app_begin ] --START--
INFO: Run Behavior\ReadHtmlCacheBehavior [ RunTime:0.000679s ]
INFO: [ app_begin ] --END-- [ RunTime:0.000817s ]
INFO: [ app_end ] --START--
INFO: Run Behavior\ShowPageTraceBehavior [ RunTime:0.068816s ]
INFO: [ app_end ] --END-- [ RunTime:0.068953s ]

[ 2014-10-15T13:44:41+08:00 ] 127.0.0.1 /
INFO: [ app_init ] --START--
INFO: Run Behavior\BuildLiteBehavior [ RunTime:0.000028s ]
INFO: [ app_init ] --END-- [ RunTime:0.000514s ]
INFO: [ app_begin ] --START--
INFO: Run Behavior\ReadHtmlCacheBehavior [ RunTime:0.000551s ]
INFO: [ app_begin ] --END-- [ RunTime:0.000691s ]
INFO: [ app_end ] --START--
INFO: Run Behavior\ShowPageTraceBehavior [ RunTime:0.000720s ]
INFO: [ app_end ] --END-- [ RunTime:0.000848s ]

[ 2014-10-15T13:44:41+08:00 ] 127.0.0.1 /
INFO: [ app_init ] --START--
INFO: Run Behavior\BuildLiteBehavior [ RunTime:0.000042s ]
INFO: [ app_init ] --END-- [ RunTime:0.000813s ]
INFO: [ app_begin ] --START--
INFO: Run Behavior\ReadHtmlCacheBehavior [ RunTime:0.000833s ]
INFO: [ app_begin ] --END-- [ RunTime:0.001039s ]
INFO: [ app_end ] --START--
INFO: Run Behavior\ShowPageTraceBehavior [ RunTime:0.000913s ]
INFO: [ app_end ] --END-- [ RunTime:0.001102s ]

[ 2014-10-15T13:44:41+08:00 ] 127.0.0.1 /
INFO: [ app_init ] --START--
INFO: Run Behavior\BuildLiteBehavior [ RunTime:0.000025s ]
INFO: [ app_init ] --END-- [ RunTime:0.000479s ]
INFO: [ app_begin ] --START--
INFO: Run Behavior\ReadHtmlCacheBehavior [ RunTime:0.000548s ]
INFO: [ app_begin ] --END-- [ RunTime:0.000699s ]
INFO: [ app_end ] --START--
INFO: Run Behavior\ShowPageTraceBehavior [ RunTime:0.000506s ]
INFO: [ app_end ] --END-- [ RunTime:0.000604s ]

[ 2014-10-15T13:44:41+08:00 ] 127.0.0.1 /
INFO: [ app_init ] --START--
INFO: Run Behavior\BuildLiteBehavior [ RunTime:0.000041s ]
INFO: [ app_init ] --END-- [ RunTime:0.000748s ]
INFO: [ app_begin ] --START--
INFO: Run Behavior\ReadHtmlCacheBehavior [ RunTime:0.000901s ]
INFO: [ app_begin ] --END-- [ RunTime:0.001201s ]
INFO: [ app_end ] --START--
INFO: Run Behavior\ShowPageTraceBehavior [ RunTime:0.001061s ]
INFO: [ app_end ] --END-- [ RunTime:0.001249s ]

[ 2014-10-15T13:54:49+08:00 ] 127.0.0.1 /passport/login
INFO: [ app_init ] --START--
INFO: Run Behavior\BuildLiteBehavior [ RunTime:0.000025s ]
INFO: [ app_init ] --END-- [ RunTime:0.000821s ]
INFO: [ app_begin ] --START--
INFO: Run Behavior\ReadHtmlCacheBehavior [ RunTime:0.000797s ]
INFO: [ app_begin ] --END-- [ RunTime:0.000934s ]
INFO: [ view_parse ] --START--
INFO: [ template_filter ] --START--
INFO: Run Behavior\ContentReplaceBehavior [ RunTime:0.000221s ]
INFO: [ template_filter ] --END-- [ RunTime:0.000562s ]
INFO: Run Behavior\ParseTemplateBehavior [ RunTime:0.477029s ]
INFO: [ view_parse ] --END-- [ RunTime:0.477305s ]
INFO: [ view_filter ] --START--
INFO: Run Behavior\WriteHtmlCacheBehavior [ RunTime:0.016709s ]
INFO: [ view_filter ] --END-- [ RunTime:0.017043s ]
INFO: [ app_end ] --START--
INFO: Run Behavior\ShowPageTraceBehavior [ RunTime:0.001854s ]
INFO: [ app_end ] --END-- [ RunTime:0.002166s ]

[ 2014-10-15T13:56:28+08:00 ] 127.0.0.1 /passport/register
INFO: [ app_init ] --START--
INFO: Run Behavior\BuildLiteBehavior [ RunTime:0.000024s ]
INFO: [ app_init ] --END-- [ RunTime:0.000448s ]
INFO: [ app_begin ] --START--
INFO: Run Behavior\ReadHtmlCacheBehavior [ RunTime:0.000558s ]
INFO: [ app_begin ] --END-- [ RunTime:0.000669s ]
INFO: [ view_parse ] --START--
INFO: [ template_filter ] --START--
INFO: Run Behavior\ContentReplaceBehavior [ RunTime:0.000135s ]
INFO: [ template_filter ] --END-- [ RunTime:0.000337s ]
INFO: Run Behavior\ParseTemplateBehavior [ RunTime:0.358068s ]
INFO: [ view_parse ] --END-- [ RunTime:0.358336s ]
INFO: [ view_filter ] --START--
INFO: Run Behavior\WriteHtmlCacheBehavior [ RunTime:0.001008s ]
INFO: [ view_filter ] --END-- [ RunTime:0.001318s ]
INFO: [ app_end ] --START--
INFO: Run Behavior\ShowPageTraceBehavior [ RunTime:0.001825s ]
INFO: [ app_end ] --END-- [ RunTime:0.002133s ]

[ 2014-10-15T14:25:11+08:00 ] 127.0.0.1 /index.php/Home/Passport/checkRegister
INFO: [ app_init ] --START--
INFO: Run Behavior\BuildLiteBehavior [ RunTime:0.000030s ]
INFO: [ app_init ] --END-- [ RunTime:0.000857s ]
INFO: [ app_begin ] --START--
INFO: Run Behavior\ReadHtmlCacheBehavior [ RunTime:0.000635s ]
INFO: [ app_begin ] --END-- [ RunTime:0.000775s ]
NOTIC: [2] mysql_connect() [<a href='function.mysql-connect'>function.mysql-connect</a>]: [2002] ”…”⁄ƒø±Íº∆À„ª˙ª˝º´æ‹æ¯£¨Œﬁ∑®¡¨Ω”°£
 (trying to connect via tcp://127.0.0.1:3306) D:\wamp\www\hyd\ThinkPHP\Library\Think\Db\Driver\Mysql.class.php Á¨¨ 52 Ë°å.
NOTIC: [2] mysql_connect() [<a href='function.mysql-connect'>function.mysql-connect</a>]: ”…”⁄ƒø±Íº∆À„ª˙ª˝º´æ‹æ¯£¨Œﬁ∑®¡¨Ω”°£
 D:\wamp\www\hyd\ThinkPHP\Library\Think\Db\Driver\Mysql.class.php Á¨¨ 52 Ë°å.
ERR: ”…”⁄ƒø±Íº∆À„ª˙ª˝º´æ‹æ¯£¨Œﬁ∑®¡¨Ω”°£


[ 2014-10-15T14:25:22+08:00 ] 127.0.0.1 /index.php/Home/Passport/checkRegister
INFO: [ app_init ] --START--
INFO: Run Behavior\BuildLiteBehavior [ RunTime:0.000025s ]
INFO: [ app_init ] --END-- [ RunTime:0.000447s ]
INFO: [ app_begin ] --START--
INFO: Run Behavior\ReadHtmlCacheBehavior [ RunTime:0.000439s ]
INFO: [ app_begin ] --END-- [ RunTime:0.000553s ]
NOTIC: [2] mysql_connect() [<a href='function.mysql-connect'>function.mysql-connect</a>]: [2002] ”…”⁄ƒø±Íº∆À„ª˙ª˝º´æ‹æ¯£¨Œﬁ∑®¡¨Ω”°£
 (trying to connect via tcp://127.0.0.1:3306) D:\wamp\www\hyd\ThinkPHP\Library\Think\Db\Driver\Mysql.class.php Á¨¨ 52 Ë°å.
NOTIC: [2] mysql_connect() [<a href='function.mysql-connect'>function.mysql-connect</a>]: ”…”⁄ƒø±Íº∆À„ª˙ª˝º´æ‹æ¯£¨Œﬁ∑®¡¨Ω”°£
 D:\wamp\www\hyd\ThinkPHP\Library\Think\Db\Driver\Mysql.class.php Á¨¨ 52 Ë°å.
ERR: ”…”⁄ƒø±Íº∆À„ª˙ª˝º´æ‹æ¯£¨Œﬁ∑®¡¨Ω”°£


[ 2014-10-15T14:25:44+08:00 ] 127.0.0.1 /index.php/Home/Passport/checkRegister
INFO: [ app_init ] --START--
INFO: Run Behavior\BuildLiteBehavior [ RunTime:0.000026s ]
INFO: [ app_init ] --END-- [ RunTime:0.000528s ]
INFO: [ app_begin ] --START--
INFO: Run Behavior\ReadHtmlCacheBehavior [ RunTime:0.000443s ]
INFO: [ app_begin ] --END-- [ RunTime:0.000555s ]
NOTIC: [2] mysql_connect() [<a href='function.mysql-connect'>function.mysql-connect</a>]: [2002] ”…”⁄ƒø±Íº∆À„ª˙ª˝º´æ‹æ¯£¨Œﬁ∑®¡¨Ω”°£
 (trying to connect via tcp://127.0.0.1:3306) D:\wamp\www\hyd\ThinkPHP\Library\Think\Db\Driver\Mysql.class.php Á¨¨ 52 Ë°å.
NOTIC: [2] mysql_connect() [<a href='function.mysql-connect'>function.mysql-connect</a>]: ”…”⁄ƒø±Íº∆À„ª˙ª˝º´æ‹æ¯£¨Œﬁ∑®¡¨Ω”°£
 D:\wamp\www\hyd\ThinkPHP\Library\Think\Db\Driver\Mysql.class.php Á¨¨ 52 Ë°å.
ERR: ”…”⁄ƒø±Íº∆À„ª˙ª˝º´æ‹æ¯£¨Œﬁ∑®¡¨Ω”°£


[ 2014-10-15T14:25:55+08:00 ] 127.0.0.1 /passport/register
INFO: [ app_init ] --START--
INFO: Run Behavior\BuildLiteBehavior [ RunTime:0.000042s ]
INFO: [ app_init ] --END-- [ RunTime:0.000668s ]
INFO: [ app_begin ] --START--
INFO: Run Behavior\ReadHtmlCacheBehavior [ RunTime:0.000689s ]
INFO: [ app_begin ] --END-- [ RunTime:0.000833s ]
INFO: [ view_parse ] --START--
INFO: [ template_filter ] --START--
INFO: Run Behavior\ContentReplaceBehavior [ RunTime:0.000114s ]
INFO: [ template_filter ] --END-- [ RunTime:0.000267s ]
INFO: Run Behavior\ParseTemplateBehavior [ RunTime:0.010139s ]
INFO: [ view_parse ] --END-- [ RunTime:0.010300s ]
INFO: [ view_filter ] --START--
INFO: Run Behavior\WriteHtmlCacheBehavior [ RunTime:0.000553s ]
INFO: [ view_filter ] --END-- [ RunTime:0.000706s ]
INFO: [ app_end ] --START--
INFO: Run Behavior\ShowPageTraceBehavior [ RunTime:0.001004s ]
INFO: [ app_end ] --END-- [ RunTime:0.001142s ]

[ 2014-10-15T14:26:58+08:00 ] 127.0.0.1 /passport/register
INFO: [ app_init ] --START--
INFO: Run Behavior\BuildLiteBehavior [ RunTime:0.000025s ]
INFO: [ app_init ] --END-- [ RunTime:0.000515s ]
INFO: [ app_begin ] --START--
INFO: Run Behavior\ReadHtmlCacheBehavior [ RunTime:0.000554s ]
INFO: [ app_begin ] --END-- [ RunTime:0.000676s ]
INFO: [ view_parse ] --START--
INFO: [ template_filter ] --START--
INFO: Run Behavior\ContentReplaceBehavior [ RunTime:0.000157s ]
INFO: [ template_filter ] --END-- [ RunTime:0.000340s ]
INFO: Run Behavior\ParseTemplateBehavior [ RunTime:0.011256s ]
INFO: [ view_parse ] --END-- [ RunTime:0.011417s ]
INFO: [ view_filter ] --START--
INFO: Run Behavior\WriteHtmlCacheBehavior [ RunTime:0.000284s ]
INFO: [ view_filter ] --END-- [ RunTime:0.000386s ]
INFO: [ app_end ] --START--
INFO: Run Behavior\ShowPageTraceBehavior [ RunTime:0.000490s ]
INFO: [ app_end ] --END-- [ RunTime:0.000590s ]

[ 2014-10-15T14:29:40+08:00 ] 127.0.0.1 /passport/register
INFO: [ app_init ] --START--
INFO: Run Behavior\BuildLiteBehavior [ RunTime:0.000029s ]
INFO: [ app_init ] --END-- [ RunTime:0.000655s ]
INFO: [ app_begin ] --START--
INFO: Run Behavior\ReadHtmlCacheBehavior [ RunTime:0.001071s ]
INFO: [ app_begin ] --END-- [ RunTime:0.001263s ]
INFO: [ view_parse ] --START--
INFO: [ template_filter ] --START--
INFO: Run Behavior\ContentReplaceBehavior [ RunTime:0.000074s ]
INFO: [ template_filter ] --END-- [ RunTime:0.000201s ]
INFO: Run Behavior\ParseTemplateBehavior [ RunTime:0.009256s ]
INFO: [ view_parse ] --END-- [ RunTime:0.009427s ]
INFO: [ view_filter ] --START--
INFO: Run Behavior\WriteHtmlCacheBehavior [ RunTime:0.000524s ]
INFO: [ view_filter ] --END-- [ RunTime:0.000626s ]
INFO: [ app_end ] --START--
INFO: Run Behavior\ShowPageTraceBehavior [ RunTime:0.000877s ]
INFO: [ app_end ] --END-- [ RunTime:0.000980s ]

[ 2014-10-15T14:29:44+08:00 ] 127.0.0.1 /index.php/Home/Passport/checkRegister
INFO: [ app_init ] --START--
INFO: Run Behavior\BuildLiteBehavior [ RunTime:0.000024s ]
INFO: [ app_init ] --END-- [ RunTime:0.000442s ]
INFO: [ app_begin ] --START--
INFO: Run Behavior\ReadHtmlCacheBehavior [ RunTime:0.000757s ]
INFO: [ app_begin ] --END-- [ RunTime:0.000899s ]
SQL: SHOW COLUMNS FROM `hyd_passport` [ RunTime:0.067992s ]
ERR: 1146:Table 'hyd_share.hyd_passport' doesn't exist
 [ SQLËØ≠Âè• ] : SHOW COLUMNS FROM `hyd_passport`
INFO: [ view_parse ] --START--
INFO: [ template_filter ] --START--
INFO: Run Behavior\ContentReplaceBehavior [ RunTime:0.000078s ]
INFO: [ template_filter ] --END-- [ RunTime:0.000198s ]
INFO: Run Behavior\ParseTemplateBehavior [ RunTime:0.023393s ]
INFO: [ view_parse ] --END-- [ RunTime:0.023604s ]
INFO: [ view_filter ] --START--
INFO: Run Behavior\WriteHtmlCacheBehavior [ RunTime:0.000497s ]
INFO: [ view_filter ] --END-- [ RunTime:0.000603s ]
INFO: [ app_end ] --START--
INFO: Run Behavior\ShowPageTraceBehavior [ RunTime:0.000729s ]
INFO: [ app_end ] --END-- [ RunTime:0.000825s ]

[ 2014-10-15T14:36:11+08:00 ] 127.0.0.1 /index.php/Home/Passport/checkRegister
INFO: [ app_init ] --START--
INFO: Run Behavior\BuildLiteBehavior [ RunTime:0.000024s ]
INFO: [ app_init ] --END-- [ RunTime:0.000423s ]
INFO: [ app_begin ] --START--
INFO: Run Behavior\ReadHtmlCacheBehavior [ RunTime:0.000583s ]
INFO: [ app_begin ] --END-- [ RunTime:0.000696s ]
SQL: SHOW COLUMNS FROM `hyd_passport` [ RunTime:0.004332s ]
ERR: 1146:Table 'hyd_share.hyd_passport' doesn't exist
 [ SQLËØ≠Âè• ] : SHOW COLUMNS FROM `hyd_passport`
INFO: [ view_parse ] --START--
INFO: Run Behavior\ParseTemplateBehavior [ RunTime:0.000656s ]
INFO: [ view_parse ] --END-- [ RunTime:0.000764s ]
INFO: [ view_filter ] --START--
INFO: Run Behavior\WriteHtmlCacheBehavior [ RunTime:0.000393s ]
INFO: [ view_filter ] --END-- [ RunTime:0.000485s ]
INFO: [ app_end ] --START--
INFO: Run Behavior\ShowPageTraceBehavior [ RunTime:0.000684s ]
INFO: [ app_end ] --END-- [ RunTime:0.000790s ]

[ 2014-10-15T14:36:21+08:00 ] 127.0.0.1 /index.php/Home/Passport/checkRegister
INFO: [ app_init ] --START--
INFO: Run Behavior\BuildLiteBehavior [ RunTime:0.000027s ]
INFO: [ app_init ] --END-- [ RunTime:0.000570s ]
INFO: [ app_begin ] --START--
INFO: Run Behavior\ReadHtmlCacheBehavior [ RunTime:0.000855s ]
INFO: [ app_begin ] --END-- [ RunTime:0.001022s ]
SQL: SHOW COLUMNS FROM `hyd_passport` [ RunTime:0.004593s ]
ERR: 1146:Table 'hyd_share.hyd_passport' doesn't exist
 [ SQLËØ≠Âè• ] : SHOW COLUMNS FROM `hyd_passport`
SQL: SHOW COLUMNS FROM `hyd_users` [ RunTime:0.222102s ]
INFO: [ view_parse ] --START--
INFO: [ template_filter ] --START--
INFO: Run Behavior\ContentReplaceBehavior [ RunTime:0.000223s ]
INFO: [ template_filter ] --END-- [ RunTime:0.000580s ]
INFO: Run Behavior\ParseTemplateBehavior [ RunTime:0.025474s ]
INFO: [ view_parse ] --END-- [ RunTime:0.025789s ]
INFO: [ view_filter ] --START--
INFO: Run Behavior\WriteHtmlCacheBehavior [ RunTime:0.001040s ]
INFO: [ view_filter ] --END-- [ RunTime:0.001252s ]
INFO: [ app_end ] --START--
INFO: Run Behavior\ShowPageTraceBehavior [ RunTime:0.001461s ]
INFO: [ app_end ] --END-- [ RunTime:0.001672s ]

[ 2014-10-15T19:43:15+08:00 ] 127.0.0.1 /passport/register
INFO: [ app_init ] --START--
INFO: Run Behavior\BuildLiteBehavior [ RunTime:0.000041s ]
INFO: [ app_init ] --END-- [ RunTime:0.000735s ]
INFO: [ app_begin ] --START--
INFO: Run Behavior\ReadHtmlCacheBehavior [ RunTime:0.001028s ]
INFO: [ app_begin ] --END-- [ RunTime:0.001258s ]
INFO: [ view_parse ] --START--
INFO: [ template_filter ] --START--
INFO: Run Behavior\ContentReplaceBehavior [ RunTime:0.000103s ]
INFO: [ template_filter ] --END-- [ RunTime:0.000288s ]
INFO: Run Behavior\ParseTemplateBehavior [ RunTime:0.023573s ]
INFO: [ view_parse ] --END-- [ RunTime:0.023761s ]
INFO: [ view_filter ] --START--
INFO: Run Behavior\WriteHtmlCacheBehavior [ RunTime:0.000563s ]
INFO: [ view_filter ] --END-- [ RunTime:0.000742s ]
INFO: [ app_end ] --START--
INFO: Run Behavior\ShowPageTraceBehavior [ RunTime:0.000666s ]
INFO: [ app_end ] --END-- [ RunTime:0.000765s ]

[ 2014-10-15T19:43:15+08:00 ] 127.0.0.1 /passport/register
INFO: [ app_init ] --START--
INFO: Run Behavior\BuildLiteBehavior [ RunTime:0.000043s ]
INFO: [ app_init ] --END-- [ RunTime:0.000769s ]
INFO: [ app_begin ] --START--
INFO: Run Behavior\ReadHtmlCacheBehavior [ RunTime:0.001002s ]
INFO: [ app_begin ] --END-- [ RunTime:0.001196s ]
INFO: [ view_parse ] --START--
INFO: [ template_filter ] --START--
INFO: Run Behavior\ContentReplaceBehavior [ RunTime:0.000126s ]
INFO: [ template_filter ] --END-- [ RunTime:0.000321s ]
INFO: Run Behavior\ParseTemplateBehavior [ RunTime:0.010374s ]
INFO: [ view_parse ] --END-- [ RunTime:0.010574s ]
INFO: [ view_filter ] --START--
INFO: Run Behavior\WriteHtmlCacheBehavior [ RunTime:0.001000s ]
INFO: [ view_filter ] --END-- [ RunTime:0.001231s ]
INFO: [ app_end ] --START--
INFO: Run Behavior\ShowPageTraceBehavior [ RunTime:0.001287s ]
INFO: [ app_end ] --END-- [ RunTime:0.001461s ]

[ 2014-10-15T19:43:16+08:00 ] 127.0.0.1 /passport/register
INFO: [ app_init ] --START--
INFO: Run Behavior\BuildLiteBehavior [ RunTime:0.000034s ]
INFO: [ app_init ] --END-- [ RunTime:0.000727s ]
INFO: [ app_begin ] --START--
INFO: Run Behavior\ReadHtmlCacheBehavior [ RunTime:0.001031s ]
INFO: [ app_begin ] --END-- [ RunTime:0.001249s ]
INFO: [ view_parse ] --START--
INFO: [ template_filter ] --START--
INFO: Run Behavior\ContentReplaceBehavior [ RunTime:0.000119s ]
INFO: [ template_filter ] --END-- [ RunTime:0.000299s ]
INFO: Run Behavior\ParseTemplateBehavior [ RunTime:0.009694s ]
INFO: [ view_parse ] --END-- [ RunTime:0.009872s ]
INFO: [ view_filter ] --START--
INFO: Run Behavior\WriteHtmlCacheBehavior [ RunTime:0.000494s ]
INFO: [ view_filter ] --END-- [ RunTime:0.000602s ]
INFO: [ app_end ] --START--
INFO: Run Behavior\ShowPageTraceBehavior [ RunTime:0.001265s ]
INFO: [ app_end ] --END-- [ RunTime:0.001432s ]

[ 2014-10-15T19:43:16+08:00 ] 127.0.0.1 /passport/register
INFO: [ app_init ] --START--
INFO: Run Behavior\BuildLiteBehavior [ RunTime:0.000029s ]
INFO: [ app_init ] --END-- [ RunTime:0.000523s ]
INFO: [ app_begin ] --START--
INFO: Run Behavior\ReadHtmlCacheBehavior [ RunTime:0.000762s ]
INFO: [ app_begin ] --END-- [ RunTime:0.000903s ]
INFO: [ view_parse ] --START--
INFO: [ template_filter ] --START--
INFO: Run Behavior\ContentReplaceBehavior [ RunTime:0.000088s ]
INFO: [ template_filter ] --END-- [ RunTime:0.000229s ]
INFO: Run Behavior\ParseTemplateBehavior [ RunTime:0.008054s ]
INFO: [ view_parse ] --END-- [ RunTime:0.008256s ]
INFO: [ view_filter ] --START--
INFO: Run Behavior\WriteHtmlCacheBehavior [ RunTime:0.000449s ]
INFO: [ view_filter ] --END-- [ RunTime:0.000554s ]
INFO: [ app_end ] --START--
INFO: Run Behavior\ShowPageTraceBehavior [ RunTime:0.000779s ]
INFO: [ app_end ] --END-- [ RunTime:0.000891s ]

[ 2014-10-15T19:43:16+08:00 ] 127.0.0.1 /passport/register
INFO: [ app_init ] --START--
INFO: Run Behavior\BuildLiteBehavior [ RunTime:0.000025s ]
INFO: [ app_init ] --END-- [ RunTime:0.000524s ]
INFO: [ app_begin ] --START--
INFO: Run Behavior\ReadHtmlCacheBehavior [ RunTime:0.000790s ]
INFO: [ app_begin ] --END-- [ RunTime:0.000912s ]
INFO: [ view_parse ] --START--
INFO: [ template_filter ] --START--
INFO: Run Behavior\ContentReplaceBehavior [ RunTime:0.000082s ]
INFO: [ template_filter ] --END-- [ RunTime:0.000242s ]
INFO: Run Behavior\ParseTemplateBehavior [ RunTime:0.008839s ]
INFO: [ view_parse ] --END-- [ RunTime:0.009042s ]
INFO: [ view_filter ] --START--
INFO: Run Behavior\WriteHtmlCacheBehavior [ RunTime:0.000431s ]
INFO: [ view_filter ] --END-- [ RunTime:0.000528s ]
INFO: [ app_end ] --START--
INFO: Run Behavior\ShowPageTraceBehavior [ RunTime:0.000815s ]
INFO: [ app_end ] --END-- [ RunTime:0.000916s ]

[ 2014-10-15T19:44:42+08:00 ] 127.0.0.1 /index.php/Home/Passport/checkRegister
INFO: [ app_init ] --START--
INFO: Run Behavior\BuildLiteBehavior [ RunTime:0.000027s ]
INFO: [ app_init ] --END-- [ RunTime:0.000616s ]
INFO: [ app_begin ] --START--
INFO: Run Behavior\ReadHtmlCacheBehavior [ RunTime:0.000857s ]
INFO: [ app_begin ] --END-- [ RunTime:0.001000s ]
SQL: SHOW COLUMNS FROM `hyd_passport` [ RunTime:0.005191s ]
ERR: 1146:Table 'hyd_share.hyd_passport' doesn't exist
 [ SQLËØ≠Âè• ] : SHOW COLUMNS FROM `hyd_passport`
SQL: SHOW COLUMNS FROM `hyd_users` [ RunTime:0.015015s ]
INFO: [ view_parse ] --START--
INFO: Run Behavior\ParseTemplateBehavior [ RunTime:0.000622s ]
INFO: [ view_parse ] --END-- [ RunTime:0.000741s ]
INFO: [ view_filter ] --START--
INFO: Run Behavior\WriteHtmlCacheBehavior [ RunTime:0.000621s ]
INFO: [ view_filter ] --END-- [ RunTime:0.000742s ]
INFO: [ app_end ] --START--
INFO: Run Behavior\ShowPageTraceBehavior [ RunTime:0.001081s ]
INFO: [ app_end ] --END-- [ RunTime:0.001240s ]

[ 2014-10-15T19:44:49+08:00 ] 127.0.0.1 /index.php/Home/Passport/checkRegister
INFO: [ app_init ] --START--
INFO: Run Behavior\BuildLiteBehavior [ RunTime:0.000025s ]
INFO: [ app_init ] --END-- [ RunTime:0.000592s ]
INFO: [ app_begin ] --START--
INFO: Run Behavior\ReadHtmlCacheBehavior [ RunTime:0.000648s ]
INFO: [ app_begin ] --END-- [ RunTime:0.000764s ]
SQL: SHOW COLUMNS FROM `hyd_passport` [ RunTime:0.005197s ]
ERR: 1146:Table 'hyd_share.hyd_passport' doesn't exist
 [ SQLËØ≠Âè• ] : SHOW COLUMNS FROM `hyd_passport`
SQL: SHOW COLUMNS FROM `hyd_users` [ RunTime:0.013402s ]
INFO: [ view_parse ] --START--
INFO: Run Behavior\ParseTemplateBehavior [ RunTime:0.000660s ]
INFO: [ view_parse ] --END-- [ RunTime:0.000772s ]
INFO: [ view_filter ] --START--
INFO: Run Behavior\WriteHtmlCacheBehavior [ RunTime:0.000392s ]
INFO: [ view_filter ] --END-- [ RunTime:0.000519s ]
INFO: [ app_end ] --START--
INFO: Run Behavior\ShowPageTraceBehavior [ RunTime:0.000618s ]
INFO: [ app_end ] --END-- [ RunTime:0.000716s ]

[ 2014-10-15T19:45:42+08:00 ] 127.0.0.1 /index.php/Home/Passport/checkRegister
INFO: [ app_init ] --START--
INFO: Run Behavior\BuildLiteBehavior [ RunTime:0.000027s ]
INFO: [ app_init ] --END-- [ RunTime:0.000778s ]
INFO: [ app_begin ] --START--
INFO: Run Behavior\ReadHtmlCacheBehavior [ RunTime:0.000914s ]
INFO: [ app_begin ] --END-- [ RunTime:0.001075s ]
SQL: SHOW COLUMNS FROM `hyd_passport` [ RunTime:0.004794s ]
ERR: 1146:Table 'hyd_share.hyd_passport' doesn't exist
 [ SQLËØ≠Âè• ] : SHOW COLUMNS FROM `hyd_passport`
SQL: SHOW COLUMNS FROM `hyd_users` [ RunTime:0.014067s ]
INFO: [ view_parse ] --START--
INFO: Run Behavior\ParseTemplateBehavior [ RunTime:0.000568s ]
INFO: [ view_parse ] --END-- [ RunTime:0.000678s ]
INFO: [ view_filter ] --START--
INFO: Run Behavior\WriteHtmlCacheBehavior [ RunTime:0.000579s ]
INFO: [ view_filter ] --END-- [ RunTime:0.000680s ]
INFO: [ app_end ] --START--
INFO: Run Behavior\ShowPageTraceBehavior [ RunTime:0.000869s ]
INFO: [ app_end ] --END-- [ RunTime:0.000977s ]

[ 2014-10-15T19:50:28+08:00 ] 127.0.0.1 /passport/register
INFO: [ app_init ] --START--
INFO: Run Behavior\BuildLiteBehavior [ RunTime:0.000032s ]
INFO: [ app_init ] --END-- [ RunTime:0.000588s ]
INFO: [ app_begin ] --START--
INFO: Run Behavior\ReadHtmlCacheBehavior [ RunTime:0.000831s ]
INFO: [ app_begin ] --END-- [ RunTime:0.001001s ]
INFO: [ view_parse ] --START--
INFO: [ template_filter ] --START--
INFO: Run Behavior\ContentReplaceBehavior [ RunTime:0.000096s ]
INFO: [ template_filter ] --END-- [ RunTime:0.000236s ]
INFO: Run Behavior\ParseTemplateBehavior [ RunTime:0.008770s ]
INFO: [ view_parse ] --END-- [ RunTime:0.008940s ]
INFO: [ view_filter ] --START--
INFO: Run Behavior\WriteHtmlCacheBehavior [ RunTime:0.000718s ]
INFO: [ view_filter ] --END-- [ RunTime:0.000848s ]
INFO: [ app_end ] --START--
INFO: Run Behavior\ShowPageTraceBehavior [ RunTime:0.000644s ]
INFO: [ app_end ] --END-- [ RunTime:0.000739s ]

[ 2014-10-15T19:50:28+08:00 ] 127.0.0.1 /passport/register
INFO: [ app_init ] --START--
INFO: Run Behavior\BuildLiteBehavior [ RunTime:0.000025s ]
INFO: [ app_init ] --END-- [ RunTime:0.000421s ]
INFO: [ app_begin ] --START--
INFO: Run Behavior\ReadHtmlCacheBehavior [ RunTime:0.000601s ]
INFO: [ app_begin ] --END-- [ RunTime:0.000719s ]
INFO: [ view_parse ] --START--
INFO: [ template_filter ] --START--
INFO: Run Behavior\ContentReplaceBehavior [ RunTime:0.000076s ]
INFO: [ template_filter ] --END-- [ RunTime:0.000196s ]
INFO: Run Behavior\ParseTemplateBehavior [ RunTime:0.007493s ]
INFO: [ view_parse ] --END-- [ RunTime:0.007645s ]
INFO: [ view_filter ] --START--
INFO: Run Behavior\WriteHtmlCacheBehavior [ RunTime:0.000621s ]
INFO: [ view_filter ] --END-- [ RunTime:0.000753s ]
INFO: [ app_end ] --START--
INFO: Run Behavior\ShowPageTraceBehavior [ RunTime:0.000793s ]
INFO: [ app_end ] --END-- [ RunTime:0.000916s ]

[ 2014-10-15T19:50:29+08:00 ] 127.0.0.1 /passport/register
INFO: [ app_init ] --START--
INFO: Run Behavior\BuildLiteBehavior [ RunTime:0.000023s ]
INFO: [ app_init ] --END-- [ RunTime:0.000419s ]
INFO: [ app_begin ] --START--
INFO: Run Behavior\ReadHtmlCacheBehavior [ RunTime:0.000678s ]
INFO: [ app_begin ] --END-- [ RunTime:0.000817s ]
INFO: [ view_parse ] --START--
INFO: [ template_filter ] --START--
INFO: Run Behavior\ContentReplaceBehavior [ RunTime:0.000086s ]
INFO: [ template_filter ] --END-- [ RunTime:0.000227s ]
INFO: Run Behavior\ParseTemplateBehavior [ RunTime:0.008912s ]
INFO: [ view_parse ] --END-- [ RunTime:0.009074s ]
INFO: [ view_filter ] --START--
INFO: Run Behavior\WriteHtmlCacheBehavior [ RunTime:0.000716s ]
INFO: [ view_filter ] --END-- [ RunTime:0.000876s ]
INFO: [ app_end ] --START--
INFO: Run Behavior\ShowPageTraceBehavior [ RunTime:0.000967s ]
INFO: [ app_end ] --END-- [ RunTime:0.001135s ]

[ 2014-10-15T19:50:29+08:00 ] 127.0.0.1 /passport/register
INFO: [ app_init ] --START--
INFO: Run Behavior\BuildLiteBehavior [ RunTime:0.000030s ]
INFO: [ app_init ] --END-- [ RunTime:0.000532s ]
INFO: [ app_begin ] --START--
INFO: Run Behavior\ReadHtmlCacheBehavior [ RunTime:0.000964s ]
INFO: [ app_begin ] --END-- [ RunTime:0.001159s ]
INFO: [ view_parse ] --START--
INFO: [ template_filter ] --START--
INFO: Run Behavior\ContentReplaceBehavior [ RunTime:0.000097s ]
INFO: [ template_filter ] --END-- [ RunTime:0.000275s ]
INFO: Run Behavior\ParseTemplateBehavior [ RunTime:0.008315s ]
INFO: [ view_parse ] --END-- [ RunTime:0.008457s ]
INFO: [ view_filter ] --START--
INFO: Run Behavior\WriteHtmlCacheBehavior [ RunTime:0.000472s ]
INFO: [ view_filter ] --END-- [ RunTime:0.000582s ]
INFO: [ app_end ] --START--
INFO: Run Behavior\ShowPageTraceBehavior [ RunTime:0.000810s ]
INFO: [ app_end ] --END-- [ RunTime:0.000936s ]

[ 2014-10-15T19:50:29+08:00 ] 127.0.0.1 /passport/register
INFO: [ app_init ] --START--
INFO: Run Behavior\BuildLiteBehavior [ RunTime:0.000049s ]
INFO: [ app_init ] --END-- [ RunTime:0.000845s ]
INFO: [ app_begin ] --START--
INFO: Run Behavior\ReadHtmlCacheBehavior [ RunTime:0.001009s ]
INFO: [ app_begin ] --END-- [ RunTime:0.001231s ]
INFO: [ view_parse ] --START--
INFO: [ template_filter ] --START--
INFO: Run Behavior\ContentReplaceBehavior [ RunTime:0.000077s ]
INFO: [ template_filter ] --END-- [ RunTime:0.000207s ]
INFO: Run Behavior\ParseTemplateBehavior [ RunTime:0.008554s ]
INFO: [ view_parse ] --END-- [ RunTime:0.008728s ]
INFO: [ view_filter ] --START--
INFO: Run Behavior\WriteHtmlCacheBehavior [ RunTime:0.000454s ]
INFO: [ view_filter ] --END-- [ RunTime:0.000568s ]
INFO: [ app_end ] --START--
INFO: Run Behavior\ShowPageTraceBehavior [ RunTime:0.000639s ]
INFO: [ app_end ] --END-- [ RunTime:0.000737s ]

[ 2014-10-15T19:50:38+08:00 ] 127.0.0.1 /index.php/Home/Passport/checkRegister
INFO: [ app_init ] --START--
INFO: Run Behavior\BuildLiteBehavior [ RunTime:0.000023s ]
INFO: [ app_init ] --END-- [ RunTime:0.000414s ]
INFO: [ app_begin ] --START--
INFO: Run Behavior\ReadHtmlCacheBehavior [ RunTime:0.000601s ]
INFO: [ app_begin ] --END-- [ RunTime:0.000744s ]
SQL: SHOW COLUMNS FROM `hyd_passport` [ RunTime:0.004951s ]
ERR: 1146:Table 'hyd_share.hyd_passport' doesn't exist
 [ SQLËØ≠Âè• ] : SHOW COLUMNS FROM `hyd_passport`
SQL: SELECT * FROM `hyd_passport` WHERE ( account_name="wenhaohao" )  [ RunTime:0.000350s ]
ERR: 1146:Table 'hyd_share.hyd_passport' doesn't exist
 [ SQLËØ≠Âè• ] : SELECT * FROM `hyd_passport` WHERE ( account_name="wenhaohao" ) 
SQL: SHOW COLUMNS FROM `hyd_users` [ RunTime:0.013253s ]
SQL: INSERT INTO `hyd_users` (`account_name`,`passwd`) VALUES ('wenhaohao','e10adc3949ba59abbe56e057f20f883e') [ RunTime:0.114276s ]
ERR: 1062:Duplicate entry '' for key 'email'
 [ SQLËØ≠Âè• ] : INSERT INTO `hyd_users` (`account_name`,`passwd`) VALUES ('wenhaohao','e10adc3949ba59abbe56e057f20f883e')
INFO: [ view_parse ] --START--
INFO: [ template_filter ] --START--
INFO: Run Behavior\ContentReplaceBehavior [ RunTime:0.000068s ]
INFO: [ template_filter ] --END-- [ RunTime:0.000172s ]
INFO: Run Behavior\ParseTemplateBehavior [ RunTime:0.014098s ]
INFO: [ view_parse ] --END-- [ RunTime:0.014246s ]
INFO: [ view_filter ] --START--
INFO: Run Behavior\WriteHtmlCacheBehavior [ RunTime:0.000437s ]
INFO: [ view_filter ] --END-- [ RunTime:0.000533s ]
INFO: [ app_end ] --START--
INFO: Run Behavior\ShowPageTraceBehavior [ RunTime:0.000625s ]
INFO: [ app_end ] --END-- [ RunTime:0.000721s ]

[ 2014-10-15T19:51:24+08:00 ] 127.0.0.1 /index.php/Home/Passport/checkRegister
INFO: [ app_init ] --START--
INFO: Run Behavior\BuildLiteBehavior [ RunTime:0.000023s ]
INFO: [ app_init ] --END-- [ RunTime:0.000457s ]
INFO: [ app_begin ] --START--
INFO: Run Behavior\ReadHtmlCacheBehavior [ RunTime:0.000936s ]
INFO: [ app_begin ] --END-- [ RunTime:0.001158s ]
SQL: SHOW COLUMNS FROM `hyd_passport` [ RunTime:0.004312s ]
ERR: 1146:Table 'hyd_share.hyd_passport' doesn't exist
 [ SQLËØ≠Âè• ] : SHOW COLUMNS FROM `hyd_passport`
SQL: SHOW COLUMNS FROM `hyd_users` [ RunTime:0.014785s ]
SQL: SELECT * FROM `hyd_users` WHERE ( account_name="wenhaohao" )  [ RunTime:0.004070s ]
INFO: [ view_parse ] --START--
INFO: Run Behavior\ParseTemplateBehavior [ RunTime:0.000665s ]
INFO: [ view_parse ] --END-- [ RunTime:0.000803s ]
INFO: [ view_filter ] --START--
INFO: Run Behavior\WriteHtmlCacheBehavior [ RunTime:0.000421s ]
INFO: [ view_filter ] --END-- [ RunTime:0.000518s ]
INFO: [ app_end ] --START--
INFO: Run Behavior\ShowPageTraceBehavior [ RunTime:0.000639s ]
INFO: [ app_end ] --END-- [ RunTime:0.000736s ]

[ 2014-10-15T19:51:26+08:00 ] 127.0.0.1 /passport/login
INFO: [ app_init ] --START--
INFO: Run Behavior\BuildLiteBehavior [ RunTime:0.000028s ]
INFO: [ app_init ] --END-- [ RunTime:0.000593s ]
INFO: [ app_begin ] --START--
INFO: Run Behavior\ReadHtmlCacheBehavior [ RunTime:0.001003s ]
INFO: [ app_begin ] --END-- [ RunTime:0.001236s ]
INFO: [ view_parse ] --START--
INFO: [ template_filter ] --START--
INFO: Run Behavior\ContentReplaceBehavior [ RunTime:0.000082s ]
INFO: [ template_filter ] --END-- [ RunTime:0.000222s ]
INFO: Run Behavior\ParseTemplateBehavior [ RunTime:0.011360s ]
INFO: [ view_parse ] --END-- [ RunTime:0.011563s ]
INFO: [ view_filter ] --START--
INFO: Run Behavior\WriteHtmlCacheBehavior [ RunTime:0.000526s ]
INFO: [ view_filter ] --END-- [ RunTime:0.000688s ]
INFO: [ app_end ] --START--
INFO: Run Behavior\ShowPageTraceBehavior [ RunTime:0.000925s ]
INFO: [ app_end ] --END-- [ RunTime:0.001078s ]

[ 2014-10-15T19:51:34+08:00 ] 127.0.0.1 /index.php/Home/Passport/checkRegister
INFO: [ app_init ] --START--
INFO: Run Behavior\BuildLiteBehavior [ RunTime:0.000028s ]
INFO: [ app_init ] --END-- [ RunTime:0.000561s ]
INFO: [ app_begin ] --START--
INFO: Run Behavior\ReadHtmlCacheBehavior [ RunTime:0.000854s ]
INFO: [ app_begin ] --END-- [ RunTime:0.001008s ]
SQL: SHOW COLUMNS FROM `hyd_passport` [ RunTime:0.004319s ]
ERR: 1146:Table 'hyd_share.hyd_passport' doesn't exist
 [ SQLËØ≠Âè• ] : SHOW COLUMNS FROM `hyd_passport`
SQL: SHOW COLUMNS FROM `hyd_users` [ RunTime:0.014938s ]
SQL: SELECT * FROM `hyd_users` WHERE ( account_name="wenhaohaodd" )  [ RunTime:0.000383s ]
INFO: [ view_parse ] --START--
INFO: Run Behavior\ParseTemplateBehavior [ RunTime:0.000667s ]
INFO: [ view_parse ] --END-- [ RunTime:0.000781s ]
INFO: [ view_filter ] --START--
INFO: Run Behavior\WriteHtmlCacheBehavior [ RunTime:0.000490s ]
INFO: [ view_filter ] --END-- [ RunTime:0.000589s ]
INFO: [ app_end ] --START--
INFO: Run Behavior\ShowPageTraceBehavior [ RunTime:0.000729s ]
INFO: [ app_end ] --END-- [ RunTime:0.000834s ]

[ 2014-10-15T19:51:53+08:00 ] 127.0.0.1 /index.php/Home/Passport/checkRegister
INFO: [ app_init ] --START--
INFO: Run Behavior\BuildLiteBehavior [ RunTime:0.000023s ]
INFO: [ app_init ] --END-- [ RunTime:0.000423s ]
INFO: [ app_begin ] --START--
INFO: Run Behavior\ReadHtmlCacheBehavior [ RunTime:0.000583s ]
INFO: [ app_begin ] --END-- [ RunTime:0.000727s ]
SQL: SHOW COLUMNS FROM `hyd_passport` [ RunTime:0.004316s ]
ERR: 1146:Table 'hyd_share.hyd_passport' doesn't exist
 [ SQLËØ≠Âè• ] : SHOW COLUMNS FROM `hyd_passport`
SQL: SHOW COLUMNS FROM `hyd_users` [ RunTime:0.013654s ]
SQL: SELECT * FROM `hyd_users` WHERE ( account_name="wenhaohaodd" )  [ RunTime:0.000401s ]

[ 2014-10-15T19:54:53+08:00 ] 127.0.0.1 /index.php/Home/Passport/checkRegister
INFO: [ app_init ] --START--
INFO: Run Behavior\BuildLiteBehavior [ RunTime:0.000026s ]
INFO: [ app_init ] --END-- [ RunTime:0.000588s ]
INFO: [ app_begin ] --START--
INFO: Run Behavior\ReadHtmlCacheBehavior [ RunTime:0.000994s ]
INFO: [ app_begin ] --END-- [ RunTime:0.001141s ]
SQL: SHOW COLUMNS FROM `hyd_passport` [ RunTime:0.004433s ]
ERR: 1146:Table 'hyd_share.hyd_passport' doesn't exist
 [ SQLËØ≠Âè• ] : SHOW COLUMNS FROM `hyd_passport`
SQL: SHOW COLUMNS FROM `hyd_users` [ RunTime:0.014435s ]
SQL: SELECT * FROM `hyd_users` WHERE ( account_name="wenhaohaodd" )  [ RunTime:0.000462s ]
SQL: INSERT INTO `hyd_users` (`account_name`,`passwd`) VALUES ('wenhaohaodd','e10adc3949ba59abbe56e057f20f883e') [ RunTime:0.094467s ]
ERR: 1062:Duplicate entry '' for key 'email'
 [ SQLËØ≠Âè• ] : INSERT INTO `hyd_users` (`account_name`,`passwd`) VALUES ('wenhaohaodd','e10adc3949ba59abbe56e057f20f883e')
INFO: [ view_parse ] --START--
INFO: Run Behavior\ParseTemplateBehavior [ RunTime:0.001839s ]
INFO: [ view_parse ] --END-- [ RunTime:0.002182s ]
INFO: [ view_filter ] --START--
INFO: Run Behavior\WriteHtmlCacheBehavior [ RunTime:0.001186s ]
INFO: [ view_filter ] --END-- [ RunTime:0.001516s ]
INFO: [ app_end ] --START--
INFO: Run Behavior\ShowPageTraceBehavior [ RunTime:0.002034s ]
INFO: [ app_end ] --END-- [ RunTime:0.002373s ]

[ 2014-10-15T19:54:59+08:00 ] 127.0.0.1 /index.php/Home/Passport/checkRegister
INFO: [ app_init ] --START--
INFO: Run Behavior\BuildLiteBehavior [ RunTime:0.000026s ]
INFO: [ app_init ] --END-- [ RunTime:0.000456s ]
INFO: [ app_begin ] --START--
INFO: Run Behavior\ReadHtmlCacheBehavior [ RunTime:0.000717s ]
INFO: [ app_begin ] --END-- [ RunTime:0.000874s ]
SQL: SHOW COLUMNS FROM `hyd_passport` [ RunTime:0.004632s ]
ERR: 1146:Table 'hyd_share.hyd_passport' doesn't exist
 [ SQLËØ≠Âè• ] : SHOW COLUMNS FROM `hyd_passport`
SQL: SHOW COLUMNS FROM `hyd_users` [ RunTime:0.013619s ]
SQL: SELECT * FROM `hyd_users` WHERE ( account_name="wenhaohaodd" )  [ RunTime:0.000453s ]
SQL: INSERT INTO `hyd_users` (`account_name`,`passwd`) VALUES ('wenhaohaodd','e10adc3949ba59abbe56e057f20f883e') [ RunTime:0.092965s ]
ERR: 1062:Duplicate entry '' for key 'email'
 [ SQLËØ≠Âè• ] : INSERT INTO `hyd_users` (`account_name`,`passwd`) VALUES ('wenhaohaodd','e10adc3949ba59abbe56e057f20f883e')
INFO: [ view_parse ] --START--
INFO: Run Behavior\ParseTemplateBehavior [ RunTime:0.000664s ]
INFO: [ view_parse ] --END-- [ RunTime:0.000786s ]
INFO: [ view_filter ] --START--
INFO: Run Behavior\WriteHtmlCacheBehavior [ RunTime:0.000397s ]
INFO: [ view_filter ] --END-- [ RunTime:0.000505s ]
INFO: [ app_end ] --START--
INFO: Run Behavior\ShowPageTraceBehavior [ RunTime:0.000696s ]
INFO: [ app_end ] --END-- [ RunTime:0.000790s ]

[ 2014-10-15T19:56:41+08:00 ] 127.0.0.1 /index.php/Home/Passport/checkRegister
INFO: [ app_init ] --START--
INFO: Run Behavior\BuildLiteBehavior [ RunTime:0.000029s ]
INFO: [ app_init ] --END-- [ RunTime:0.000598s ]
INFO: [ app_begin ] --START--
INFO: Run Behavior\ReadHtmlCacheBehavior [ RunTime:0.000976s ]
INFO: [ app_begin ] --END-- [ RunTime:0.001123s ]
SQL: SHOW COLUMNS FROM `hyd_passport` [ RunTime:0.005008s ]
ERR: 1146:Table 'hyd_share.hyd_passport' doesn't exist
 [ SQLËØ≠Âè• ] : SHOW COLUMNS FROM `hyd_passport`
SQL: SHOW COLUMNS FROM `hyd_users` [ RunTime:0.015380s ]
SQL: SELECT * FROM `hyd_users` WHERE ( account_name="wenhao" )  [ RunTime:0.000461s ]

[ 2014-10-15T19:59:04+08:00 ] 127.0.0.1 /index.php/Home/Passport/checkRegister
INFO: [ app_init ] --START--
INFO: Run Behavior\BuildLiteBehavior [ RunTime:0.000026s ]
INFO: [ app_init ] --END-- [ RunTime:0.000512s ]
INFO: [ app_begin ] --START--
INFO: Run Behavior\ReadHtmlCacheBehavior [ RunTime:0.000836s ]
INFO: [ app_begin ] --END-- [ RunTime:0.000991s ]
SQL: SHOW COLUMNS FROM `hyd_passport` [ RunTime:0.004919s ]
ERR: 1146:Table 'hyd_share.hyd_passport' doesn't exist
 [ SQLËØ≠Âè• ] : SHOW COLUMNS FROM `hyd_passport`
SQL: SHOW COLUMNS FROM `hyd_users` [ RunTime:0.014460s ]
SQL: SELECT * FROM `hyd_users` WHERE ( account_name="wenhao" )  [ RunTime:0.000501s ]
INFO: [ view_parse ] --START--
INFO: Run Behavior\ParseTemplateBehavior [ RunTime:0.000979s ]
INFO: [ view_parse ] --END-- [ RunTime:0.001214s ]
INFO: [ view_filter ] --START--
INFO: Run Behavior\WriteHtmlCacheBehavior [ RunTime:0.000837s ]
INFO: [ view_filter ] --END-- [ RunTime:0.001015s ]
INFO: [ app_end ] --START--
INFO: Run Behavior\ShowPageTraceBehavior [ RunTime:0.000954s ]
INFO: [ app_end ] --END-- [ RunTime:0.001102s ]

[ 2014-10-15T19:59:13+08:00 ] 127.0.0.1 /index.php/Home/Passport/checkRegister
INFO: [ app_init ] --START--
INFO: Run Behavior\BuildLiteBehavior [ RunTime:0.000026s ]
INFO: [ app_init ] --END-- [ RunTime:0.000476s ]
INFO: [ app_begin ] --START--
INFO: Run Behavior\ReadHtmlCacheBehavior [ RunTime:0.000621s ]
INFO: [ app_begin ] --END-- [ RunTime:0.000742s ]
SQL: SHOW COLUMNS FROM `hyd_passport` [ RunTime:0.004880s ]
ERR: 1146:Table 'hyd_share.hyd_passport' doesn't exist
 [ SQLËØ≠Âè• ] : SHOW COLUMNS FROM `hyd_passport`
SQL: SHOW COLUMNS FROM `hyd_users` [ RunTime:0.013710s ]
SQL: SELECT * FROM `hyd_users` WHERE ( account_name="wenhao222" )  [ RunTime:0.000388s ]
SQL: INSERT INTO `hyd_users` (`account_name`,`passwd`) VALUES ('wenhao222','c4ca4238a0b923820dcc509a6f75849b') [ RunTime:0.091853s ]
ERR: 1062:Duplicate entry '' for key 'email'
 [ SQLËØ≠Âè• ] : INSERT INTO `hyd_users` (`account_name`,`passwd`) VALUES ('wenhao222','c4ca4238a0b923820dcc509a6f75849b')

[ 2014-10-15T20:02:23+08:00 ] 127.0.0.1 /index.php/Home/Passport/checkRegister
INFO: [ app_init ] --START--
INFO: Run Behavior\BuildLiteBehavior [ RunTime:0.000048s ]
INFO: [ app_init ] --END-- [ RunTime:0.000920s ]
INFO: [ app_begin ] --START--
INFO: Run Behavior\ReadHtmlCacheBehavior [ RunTime:0.000846s ]
INFO: [ app_begin ] --END-- [ RunTime:0.001025s ]
SQL: SHOW COLUMNS FROM `hyd_passport` [ RunTime:0.012182s ]
ERR: 1146:Table 'hyd_share.hyd_passport' doesn't exist
 [ SQLËØ≠Âè• ] : SHOW COLUMNS FROM `hyd_passport`
SQL: SHOW COLUMNS FROM `hyd_users` [ RunTime:0.017963s ]
SQL: SELECT * FROM `hyd_users` WHERE ( account_name="wenhao222" )  [ RunTime:0.000464s ]
SQL: INSERT INTO `hyd_users` (`account_name`,`passwd`) VALUES ('wenhao222','c4ca4238a0b923820dcc509a6f75849b') [ RunTime:0.056274s ]
ERR: 1062:Duplicate entry '' for key 'email'
 [ SQLËØ≠Âè• ] : INSERT INTO `hyd_users` (`account_name`,`passwd`) VALUES ('wenhao222','c4ca4238a0b923820dcc509a6f75849b')

[ 2014-10-15T20:03:57+08:00 ] 127.0.0.1 /index.php/Home/Passport/checkRegister
INFO: [ app_init ] --START--
INFO: Run Behavior\BuildLiteBehavior [ RunTime:0.000028s ]
INFO: [ app_init ] --END-- [ RunTime:0.000626s ]
INFO: [ app_begin ] --START--
INFO: Run Behavior\ReadHtmlCacheBehavior [ RunTime:0.000822s ]
INFO: [ app_begin ] --END-- [ RunTime:0.000964s ]
SQL: SHOW COLUMNS FROM `hyd_passport` [ RunTime:0.004721s ]
ERR: 1146:Table 'hyd_share.hyd_passport' doesn't exist
 [ SQLËØ≠Âè• ] : SHOW COLUMNS FROM `hyd_passport`
SQL: SHOW COLUMNS FROM `hyd_users` [ RunTime:0.014819s ]
SQL: SELECT * FROM `hyd_users` WHERE ( account_name="wenhao222" )  [ RunTime:0.000431s ]
SQL: INSERT INTO `hyd_users` (`account_name`,`passwd`) VALUES ('wenhao222','c4ca4238a0b923820dcc509a6f75849b') [ RunTime:0.087631s ]
ERR: 1062:Duplicate entry '' for key 'email'
 [ SQLËØ≠Âè• ] : INSERT INTO `hyd_users` (`account_name`,`passwd`) VALUES ('wenhao222','c4ca4238a0b923820dcc509a6f75849b')

[ 2014-10-15T20:04:40+08:00 ] 127.0.0.1 /index.php/Home/Passport/checkRegister
INFO: [ app_init ] --START--
INFO: Run Behavior\BuildLiteBehavior [ RunTime:0.000023s ]
INFO: [ app_init ] --END-- [ RunTime:0.000426s ]
INFO: [ app_begin ] --START--
INFO: Run Behavior\ReadHtmlCacheBehavior [ RunTime:0.000982s ]
INFO: [ app_begin ] --END-- [ RunTime:0.001133s ]
SQL: SHOW COLUMNS FROM `hyd_passport` [ RunTime:0.004329s ]
ERR: 1146:Table 'hyd_share.hyd_passport' doesn't exist
 [ SQLËØ≠Âè• ] : SHOW COLUMNS FROM `hyd_passport`
SQL: SHOW COLUMNS FROM `hyd_users` [ RunTime:0.013797s ]
SQL: SELECT * FROM `hyd_users` WHERE ( account_name="wenhao222" )  [ RunTime:0.000413s ]
SQL: INSERT INTO `hyd_users` (`account_name`,`passwd`) VALUES ('wenhao222','c4ca4238a0b923820dcc509a6f75849b') [ RunTime:0.090309s ]
ERR: 1062:Duplicate entry '' for key 'email'
 [ SQLËØ≠Âè• ] : INSERT INTO `hyd_users` (`account_name`,`passwd`) VALUES ('wenhao222','c4ca4238a0b923820dcc509a6f75849b')

[ 2014-10-15T20:06:45+08:00 ] 127.0.0.1 /index.php/Home/Passport/checkRegister
INFO: [ app_init ] --START--
INFO: Run Behavior\BuildLiteBehavior [ RunTime:0.000024s ]
INFO: [ app_init ] --END-- [ RunTime:0.000730s ]
INFO: [ app_begin ] --START--
INFO: Run Behavior\ReadHtmlCacheBehavior [ RunTime:0.000860s ]
INFO: [ app_begin ] --END-- [ RunTime:0.001001s ]
SQL: SHOW COLUMNS FROM `hyd_passport` [ RunTime:0.004884s ]
ERR: 1146:Table 'hyd_share.hyd_passport' doesn't exist
 [ SQLËØ≠Âè• ] : SHOW COLUMNS FROM `hyd_passport`
INFO: [ view_parse ] --START--
INFO: Run Behavior\ParseTemplateBehavior [ RunTime:0.000602s ]
INFO: [ view_parse ] --END-- [ RunTime:0.000752s ]
INFO: [ view_filter ] --START--
INFO: Run Behavior\WriteHtmlCacheBehavior [ RunTime:0.000472s ]
INFO: [ view_filter ] --END-- [ RunTime:0.000571s ]
INFO: [ app_end ] --START--
INFO: Run Behavior\ShowPageTraceBehavior [ RunTime:0.000665s ]
INFO: [ app_end ] --END-- [ RunTime:0.000770s ]

[ 2014-10-15T20:06:49+08:00 ] 127.0.0.1 /index.php/Home/Passport/checkRegister
INFO: [ app_init ] --START--
INFO: Run Behavior\BuildLiteBehavior [ RunTime:0.000027s ]
INFO: [ app_init ] --END-- [ RunTime:0.000612s ]
INFO: [ app_begin ] --START--
INFO: Run Behavior\ReadHtmlCacheBehavior [ RunTime:0.000884s ]
INFO: [ app_begin ] --END-- [ RunTime:0.001059s ]
SQL: SHOW COLUMNS FROM `hyd_passport` [ RunTime:0.004552s ]
ERR: 1146:Table 'hyd_share.hyd_passport' doesn't exist
 [ SQLËØ≠Âè• ] : SHOW COLUMNS FROM `hyd_passport`
SQL: SHOW COLUMNS FROM `hyd_users` [ RunTime:0.014151s ]
SQL: SELECT * FROM `hyd_users` WHERE ( account_name="wenhao222" )  [ RunTime:0.000394s ]
SQL: INSERT INTO `hyd_users` (`account_name`,`passwd`) VALUES ('wenhao222','c81e728d9d4c2f636f067f89cc14862c') [ RunTime:0.089554s ]
ERR: 1062:Duplicate entry '' for key 'email'
 [ SQLËØ≠Âè• ] : INSERT INTO `hyd_users` (`account_name`,`passwd`) VALUES ('wenhao222','c81e728d9d4c2f636f067f89cc14862c')

[ 2014-10-15T20:07:00+08:00 ] 127.0.0.1 /index.php/Home/Passport/checkRegister
INFO: [ app_init ] --START--
INFO: Run Behavior\BuildLiteBehavior [ RunTime:0.000025s ]
INFO: [ app_init ] --END-- [ RunTime:0.000450s ]
INFO: [ app_begin ] --START--
INFO: Run Behavior\ReadHtmlCacheBehavior [ RunTime:0.000704s ]
INFO: [ app_begin ] --END-- [ RunTime:0.000819s ]
SQL: SHOW COLUMNS FROM `hyd_passport` [ RunTime:0.005047s ]
ERR: 1146:Table 'hyd_share.hyd_passport' doesn't exist
 [ SQLËØ≠Âè• ] : SHOW COLUMNS FROM `hyd_passport`
SQL: SHOW COLUMNS FROM `hyd_users` [ RunTime:0.013859s ]
SQL: SELECT * FROM `hyd_users` WHERE ( account_name="wenhao222" )  [ RunTime:0.000460s ]
SQL: INSERT INTO `hyd_users` (`account_name`,`passwd`) VALUES ('wenhao222','c81e728d9d4c2f636f067f89cc14862c') [ RunTime:0.033377s ]
ERR: 1062:Duplicate entry '' for key 'email'
 [ SQLËØ≠Âè• ] : INSERT INTO `hyd_users` (`account_name`,`passwd`) VALUES ('wenhao222','c81e728d9d4c2f636f067f89cc14862c')
SQL: INSERT INTO `hyd_users` (`account_name`,`passwd`) VALUES ('wenhao222','c81e728d9d4c2f636f067f89cc14862c') [ RunTime:0.029160s ]
ERR: 1062:Duplicate entry '' for key 'email'
 [ SQLËØ≠Âè• ] : INSERT INTO `hyd_users` (`account_name`,`passwd`) VALUES ('wenhao222','c81e728d9d4c2f636f067f89cc14862c')

[ 2014-10-15T20:07:05+08:00 ] 127.0.0.1 /index.php/Home/Passport/checkRegister
INFO: [ app_init ] --START--
INFO: Run Behavior\BuildLiteBehavior [ RunTime:0.000030s ]
INFO: [ app_init ] --END-- [ RunTime:0.000585s ]
INFO: [ app_begin ] --START--
INFO: Run Behavior\ReadHtmlCacheBehavior [ RunTime:0.000735s ]
INFO: [ app_begin ] --END-- [ RunTime:0.000895s ]
SQL: SHOW COLUMNS FROM `hyd_passport` [ RunTime:0.005306s ]
ERR: 1146:Table 'hyd_share.hyd_passport' doesn't exist
 [ SQLËØ≠Âè• ] : SHOW COLUMNS FROM `hyd_passport`
SQL: SHOW COLUMNS FROM `hyd_users` [ RunTime:0.014902s ]
SQL: SELECT * FROM `hyd_users` WHERE ( account_name="wenhao222" )  [ RunTime:0.000430s ]
SQL: INSERT INTO `hyd_users` (`account_name`,`passwd`) VALUES ('wenhao222','c81e728d9d4c2f636f067f89cc14862c') [ RunTime:0.084309s ]
ERR: 1062:Duplicate entry '' for key 'email'
 [ SQLËØ≠Âè• ] : INSERT INTO `hyd_users` (`account_name`,`passwd`) VALUES ('wenhao222','c81e728d9d4c2f636f067f89cc14862c')
SQL: INSERT INTO `hyd_users` (`account_name`,`passwd`) VALUES ('wenhao222','c81e728d9d4c2f636f067f89cc14862c') [ RunTime:0.029840s ]
ERR: 1062:Duplicate entry '' for key 'email'
 [ SQLËØ≠Âè• ] : INSERT INTO `hyd_users` (`account_name`,`passwd`) VALUES ('wenhao222','c81e728d9d4c2f636f067f89cc14862c')
INFO: [ view_parse ] --START--
INFO: Run Behavior\ParseTemplateBehavior [ RunTime:0.000671s ]
INFO: [ view_parse ] --END-- [ RunTime:0.000776s ]
INFO: [ view_filter ] --START--
INFO: Run Behavior\WriteHtmlCacheBehavior [ RunTime:0.000580s ]
INFO: [ view_filter ] --END-- [ RunTime:0.000681s ]
INFO: [ app_end ] --START--
INFO: Run Behavior\ShowPageTraceBehavior [ RunTime:0.000716s ]
INFO: [ app_end ] --END-- [ RunTime:0.000810s ]

[ 2014-10-15T20:09:02+08:00 ] 127.0.0.1 /index.php/Home/Passport/checkRegister
INFO: [ app_init ] --START--
INFO: Run Behavior\BuildLiteBehavior [ RunTime:0.000025s ]
INFO: [ app_init ] --END-- [ RunTime:0.000433s ]
INFO: [ app_begin ] --START--
INFO: Run Behavior\ReadHtmlCacheBehavior [ RunTime:0.000633s ]
INFO: [ app_begin ] --END-- [ RunTime:0.000752s ]
SQL: SHOW COLUMNS FROM `hyd_passport` [ RunTime:0.004429s ]
ERR: 1146:Table 'hyd_share.hyd_passport' doesn't exist
 [ SQLËØ≠Âè• ] : SHOW COLUMNS FROM `hyd_passport`
SQL: SHOW COLUMNS FROM `hyd_users` [ RunTime:0.014935s ]
SQL: SELECT * FROM `hyd_users` WHERE ( account_name="wenhao222" )  [ RunTime:0.000431s ]
SQL: INSERT INTO `hyd_users` (`account_name`,`passwd`) VALUES ('wenhao222','c81e728d9d4c2f636f067f89cc14862c') [ RunTime:0.094017s ]
ERR: 1062:Duplicate entry '' for key 'email'
 [ SQLËØ≠Âè• ] : INSERT INTO `hyd_users` (`account_name`,`passwd`) VALUES ('wenhao222','c81e728d9d4c2f636f067f89cc14862c')
NOTIC: [8] Undefined variable: M D:\wamp\www\hyd\Application\Home\Model\PassportModel.class.php Á¨¨ 42 Ë°å.

[ 2014-10-15T20:09:11+08:00 ] 127.0.0.1 /index.php/Home/Passport/checkRegister
INFO: [ app_init ] --START--
INFO: Run Behavior\BuildLiteBehavior [ RunTime:0.000025s ]
INFO: [ app_init ] --END-- [ RunTime:0.000435s ]
INFO: [ app_begin ] --START--
INFO: Run Behavior\ReadHtmlCacheBehavior [ RunTime:0.000600s ]
INFO: [ app_begin ] --END-- [ RunTime:0.000727s ]
SQL: SHOW COLUMNS FROM `hyd_passport` [ RunTime:0.005120s ]
ERR: 1146:Table 'hyd_share.hyd_passport' doesn't exist
 [ SQLËØ≠Âè• ] : SHOW COLUMNS FROM `hyd_passport`
SQL: SHOW COLUMNS FROM `hyd_users` [ RunTime:0.014640s ]
SQL: SELECT * FROM `hyd_users` WHERE ( account_name="wenhao222" )  [ RunTime:0.000432s ]
SQL: INSERT INTO `hyd_users` (`account_name`,`passwd`) VALUES ('wenhao222','c81e728d9d4c2f636f067f89cc14862c') [ RunTime:0.092896s ]
ERR: 1062:Duplicate entry '' for key 'email'
 [ SQLËØ≠Âè• ] : INSERT INTO `hyd_users` (`account_name`,`passwd`) VALUES ('wenhao222','c81e728d9d4c2f636f067f89cc14862c')
SQL: INSERT INTO `hyd_users` (`account_name`,`passwd`) VALUES ('wenhao222','c81e728d9d4c2f636f067f89cc14862c') [ RunTime:0.029469s ]
ERR: 1062:Duplicate entry '' for key 'email'
 [ SQLËØ≠Âè• ] : INSERT INTO `hyd_users` (`account_name`,`passwd`) VALUES ('wenhao222','c81e728d9d4c2f636f067f89cc14862c')

[ 2014-10-15T20:18:07+08:00 ] 127.0.0.1 /index.php/Home/Passport/Register
INFO: [ app_init ] --START--
INFO: Run Behavior\BuildLiteBehavior [ RunTime:0.000025s ]
INFO: [ app_init ] --END-- [ RunTime:0.000508s ]
INFO: [ app_begin ] --START--
INFO: Run Behavior\ReadHtmlCacheBehavior [ RunTime:0.000633s ]
INFO: [ app_begin ] --END-- [ RunTime:0.000749s ]
INFO: [ view_parse ] --START--
INFO: [ template_filter ] --START--
INFO: Run Behavior\ContentReplaceBehavior [ RunTime:0.000136s ]
INFO: [ template_filter ] --END-- [ RunTime:0.000370s ]
INFO: Run Behavior\ParseTemplateBehavior [ RunTime:0.013310s ]
INFO: [ view_parse ] --END-- [ RunTime:0.013456s ]
INFO: [ view_filter ] --START--
INFO: Run Behavior\WriteHtmlCacheBehavior [ RunTime:0.000468s ]
INFO: [ view_filter ] --END-- [ RunTime:0.000600s ]
INFO: [ app_end ] --START--
INFO: Run Behavior\ShowPageTraceBehavior [ RunTime:0.000707s ]
INFO: [ app_end ] --END-- [ RunTime:0.000811s ]

[ 2014-10-15T20:18:34+08:00 ] 127.0.0.1 /index.php/Home/Passport/checkRegister
INFO: [ app_init ] --START--
INFO: Run Behavior\BuildLiteBehavior [ RunTime:0.000026s ]
INFO: [ app_init ] --END-- [ RunTime:0.000460s ]
INFO: [ app_begin ] --START--
INFO: Run Behavior\ReadHtmlCacheBehavior [ RunTime:0.000638s ]
INFO: [ app_begin ] --END-- [ RunTime:0.000766s ]
SQL: SHOW COLUMNS FROM `hyd_passport` [ RunTime:0.005021s ]
ERR: 1146:Table 'hyd_share.hyd_passport' doesn't exist
 [ SQLËØ≠Âè• ] : SHOW COLUMNS FROM `hyd_passport`
SQL: SHOW COLUMNS FROM `hyd_users` [ RunTime:0.013661s ]
SQL: SELECT * FROM `hyd_users` WHERE ( account_name="wwwwwww" )  [ RunTime:0.000467s ]
SQL: INSERT INTO `hyd_users` (`account_name`,`passwd`) VALUES ('wwwwwww','c4ca4238a0b923820dcc509a6f75849b') [ RunTime:0.089143s ]
ERR: 1062:Duplicate entry '' for key 'email'
 [ SQLËØ≠Âè• ] : INSERT INTO `hyd_users` (`account_name`,`passwd`) VALUES ('wwwwwww','c4ca4238a0b923820dcc509a6f75849b')
SQL: INSERT INTO `hyd_users` (`account_name`,`passwd`) VALUES ('wwwwwww','c4ca4238a0b923820dcc509a6f75849b') [ RunTime:0.029233s ]
ERR: 1062:Duplicate entry '' for key 'email'
 [ SQLËØ≠Âè• ] : INSERT INTO `hyd_users` (`account_name`,`passwd`) VALUES ('wwwwwww','c4ca4238a0b923820dcc509a6f75849b')

[ 2014-10-15T20:20:57+08:00 ] 127.0.0.1 /index.php/Home/Passport/Register
INFO: [ app_init ] --START--
INFO: Run Behavior\BuildLiteBehavior [ RunTime:0.000023s ]
INFO: [ app_init ] --END-- [ RunTime:0.000436s ]
INFO: [ app_begin ] --START--
INFO: Run Behavior\ReadHtmlCacheBehavior [ RunTime:0.000656s ]
INFO: [ app_begin ] --END-- [ RunTime:0.000781s ]
INFO: [ view_parse ] --START--
INFO: [ template_filter ] --START--
INFO: Run Behavior\ContentReplaceBehavior [ RunTime:0.000072s ]
INFO: [ template_filter ] --END-- [ RunTime:0.000179s ]
INFO: Run Behavior\ParseTemplateBehavior [ RunTime:0.006722s ]
INFO: [ view_parse ] --END-- [ RunTime:0.006938s ]
INFO: [ view_filter ] --START--
INFO: Run Behavior\WriteHtmlCacheBehavior [ RunTime:0.000595s ]
INFO: [ view_filter ] --END-- [ RunTime:0.000726s ]
INFO: [ app_end ] --START--
INFO: Run Behavior\ShowPageTraceBehavior [ RunTime:0.000790s ]
INFO: [ app_end ] --END-- [ RunTime:0.000935s ]

[ 2014-10-15T20:20:57+08:00 ] 127.0.0.1 /index.php/Home/Passport/Register
INFO: [ app_init ] --START--
INFO: Run Behavior\BuildLiteBehavior [ RunTime:0.000025s ]
INFO: [ app_init ] --END-- [ RunTime:0.000423s ]
INFO: [ app_begin ] --START--
INFO: Run Behavior\ReadHtmlCacheBehavior [ RunTime:0.000600s ]
INFO: [ app_begin ] --END-- [ RunTime:0.000724s ]
INFO: [ view_parse ] --START--
INFO: [ template_filter ] --START--
INFO: Run Behavior\ContentReplaceBehavior [ RunTime:0.000097s ]
INFO: [ template_filter ] --END-- [ RunTime:0.000253s ]
INFO: Run Behavior\ParseTemplateBehavior [ RunTime:0.007514s ]
INFO: [ view_parse ] --END-- [ RunTime:0.007645s ]
INFO: [ view_filter ] --START--
INFO: Run Behavior\WriteHtmlCacheBehavior [ RunTime:0.000462s ]
INFO: [ view_filter ] --END-- [ RunTime:0.000568s ]
INFO: [ app_end ] --START--
INFO: Run Behavior\ShowPageTraceBehavior [ RunTime:0.000645s ]
INFO: [ app_end ] --END-- [ RunTime:0.000741s ]

[ 2014-10-15T20:20:58+08:00 ] 127.0.0.1 /index.php/Home/Passport/Register
INFO: [ app_init ] --START--
INFO: Run Behavior\BuildLiteBehavior [ RunTime:0.000040s ]
INFO: [ app_init ] --END-- [ RunTime:0.000712s ]
INFO: [ app_begin ] --START--
INFO: Run Behavior\ReadHtmlCacheBehavior [ RunTime:0.001058s ]
INFO: [ app_begin ] --END-- [ RunTime:0.001255s ]
INFO: [ view_parse ] --START--
INFO: [ template_filter ] --START--
INFO: Run Behavior\ContentReplaceBehavior [ RunTime:0.000087s ]
INFO: [ template_filter ] --END-- [ RunTime:0.000223s ]
INFO: Run Behavior\ParseTemplateBehavior [ RunTime:0.013608s ]
INFO: [ view_parse ] --END-- [ RunTime:0.013816s ]
INFO: [ view_filter ] --START--
INFO: Run Behavior\WriteHtmlCacheBehavior [ RunTime:0.000471s ]
INFO: [ view_filter ] --END-- [ RunTime:0.000587s ]
INFO: [ app_end ] --START--
INFO: Run Behavior\ShowPageTraceBehavior [ RunTime:0.000685s ]
INFO: [ app_end ] --END-- [ RunTime:0.000782s ]

[ 2014-10-15T20:21:03+08:00 ] 127.0.0.1 /index.php/Home/Passport/checkRegister
INFO: [ app_init ] --START--
INFO: Run Behavior\BuildLiteBehavior [ RunTime:0.000025s ]
INFO: [ app_init ] --END-- [ RunTime:0.000475s ]
INFO: [ app_begin ] --START--
INFO: Run Behavior\ReadHtmlCacheBehavior [ RunTime:0.000677s ]
INFO: [ app_begin ] --END-- [ RunTime:0.000794s ]
SQL: SHOW COLUMNS FROM `hyd_passport` [ RunTime:0.004703s ]
ERR: 1146:Table 'hyd_share.hyd_passport' doesn't exist
 [ SQLËØ≠Âè• ] : SHOW COLUMNS FROM `hyd_passport`
SQL: SHOW COLUMNS FROM `hyd_users` [ RunTime:0.013770s ]
SQL: SELECT * FROM `hyd_users` WHERE ( account_name="qqqq" )  [ RunTime:0.000447s ]
SQL: INSERT INTO `hyd_users` (`account_name`,`passwd`) VALUES ('qqqq','c4ca4238a0b923820dcc509a6f75849b') [ RunTime:0.055913s ]
ERR: 1062:Duplicate entry '' for key 'email'
 [ SQLËØ≠Âè• ] : INSERT INTO `hyd_users` (`account_name`,`passwd`) VALUES ('qqqq','c4ca4238a0b923820dcc509a6f75849b')
INFO: [ view_parse ] --START--
INFO: Run Behavior\ParseTemplateBehavior [ RunTime:0.000614s ]
INFO: [ view_parse ] --END-- [ RunTime:0.000726s ]
INFO: [ view_filter ] --START--
INFO: Run Behavior\WriteHtmlCacheBehavior [ RunTime:0.000417s ]
INFO: [ view_filter ] --END-- [ RunTime:0.000519s ]
INFO: [ app_end ] --START--
INFO: Run Behavior\ShowPageTraceBehavior [ RunTime:0.000624s ]
INFO: [ app_end ] --END-- [ RunTime:0.000719s ]

[ 2014-10-15T20:21:35+08:00 ] 127.0.0.1 /index.php/Home/Passport/Register
INFO: [ app_init ] --START--
INFO: Run Behavior\BuildLiteBehavior [ RunTime:0.000039s ]
INFO: [ app_init ] --END-- [ RunTime:0.000889s ]
INFO: [ app_begin ] --START--
INFO: Run Behavior\ReadHtmlCacheBehavior [ RunTime:0.001119s ]
INFO: [ app_begin ] --END-- [ RunTime:0.001324s ]
INFO: [ view_parse ] --START--
INFO: [ template_filter ] --START--
INFO: Run Behavior\ContentReplaceBehavior [ RunTime:0.000088s ]
INFO: [ template_filter ] --END-- [ RunTime:0.000235s ]
INFO: Run Behavior\ParseTemplateBehavior [ RunTime:0.010556s ]
INFO: [ view_parse ] --END-- [ RunTime:0.010809s ]
INFO: [ view_filter ] --START--
INFO: Run Behavior\WriteHtmlCacheBehavior [ RunTime:0.000477s ]
INFO: [ view_filter ] --END-- [ RunTime:0.000585s ]
INFO: [ app_end ] --START--
INFO: Run Behavior\ShowPageTraceBehavior [ RunTime:0.000982s ]
INFO: [ app_end ] --END-- [ RunTime:0.001128s ]

[ 2014-10-15T20:21:35+08:00 ] 127.0.0.1 /index.php/Home/Passport/Register
INFO: [ app_init ] --START--
INFO: Run Behavior\BuildLiteBehavior [ RunTime:0.000028s ]
INFO: [ app_init ] --END-- [ RunTime:0.000502s ]
INFO: [ app_begin ] --START--
INFO: Run Behavior\ReadHtmlCacheBehavior [ RunTime:0.000635s ]
INFO: [ app_begin ] --END-- [ RunTime:0.000771s ]
INFO: [ view_parse ] --START--
INFO: [ template_filter ] --START--
INFO: Run Behavior\ContentReplaceBehavior [ RunTime:0.000077s ]
INFO: [ template_filter ] --END-- [ RunTime:0.000236s ]
INFO: Run Behavior\ParseTemplateBehavior [ RunTime:0.007949s ]
INFO: [ view_parse ] --END-- [ RunTime:0.008287s ]
INFO: [ view_filter ] --START--
INFO: Run Behavior\WriteHtmlCacheBehavior [ RunTime:0.000925s ]
INFO: [ view_filter ] --END-- [ RunTime:0.001111s ]
INFO: [ app_end ] --START--
INFO: Run Behavior\ShowPageTraceBehavior [ RunTime:0.000807s ]
INFO: [ app_end ] --END-- [ RunTime:0.000925s ]

[ 2014-10-15T20:21:35+08:00 ] 127.0.0.1 /index.php/Home/Passport/Register
INFO: [ app_init ] --START--
INFO: Run Behavior\BuildLiteBehavior [ RunTime:0.000035s ]
INFO: [ app_init ] --END-- [ RunTime:0.000548s ]
INFO: [ app_begin ] --START--
INFO: Run Behavior\ReadHtmlCacheBehavior [ RunTime:0.000721s ]
INFO: [ app_begin ] --END-- [ RunTime:0.000868s ]
INFO: [ view_parse ] --START--
INFO: [ template_filter ] --START--
INFO: Run Behavior\ContentReplaceBehavior [ RunTime:0.000075s ]
INFO: [ template_filter ] --END-- [ RunTime:0.000195s ]
INFO: Run Behavior\ParseTemplateBehavior [ RunTime:0.007485s ]
INFO: [ view_parse ] --END-- [ RunTime:0.007625s ]
INFO: [ view_filter ] --START--
INFO: Run Behavior\WriteHtmlCacheBehavior [ RunTime:0.000467s ]
INFO: [ view_filter ] --END-- [ RunTime:0.000617s ]
INFO: [ app_end ] --START--
INFO: Run Behavior\ShowPageTraceBehavior [ RunTime:0.001045s ]
INFO: [ app_end ] --END-- [ RunTime:0.001179s ]

[ 2014-10-15T20:21:41+08:00 ] 127.0.0.1 /index.php/Home/Passport/checkRegister
INFO: [ app_init ] --START--
INFO: Run Behavior\BuildLiteBehavior [ RunTime:0.000025s ]
INFO: [ app_init ] --END-- [ RunTime:0.000456s ]
INFO: [ app_begin ] --START--
INFO: Run Behavior\ReadHtmlCacheBehavior [ RunTime:0.000653s ]
INFO: [ app_begin ] --END-- [ RunTime:0.000774s ]
SQL: SHOW COLUMNS FROM `hyd_passport` [ RunTime:0.004970s ]
ERR: 1146:Table 'hyd_share.hyd_passport' doesn't exist
 [ SQLËØ≠Âè• ] : SHOW COLUMNS FROM `hyd_passport`
SQL: SHOW COLUMNS FROM `hyd_users` [ RunTime:0.013406s ]
SQL: SELECT * FROM `hyd_users` WHERE ( account_name="ssssss" )  [ RunTime:0.000398s ]
SQL: INSERT INTO `hyd_users` (`account_name`,`passwd`) VALUES ('ssssss','c4ca4238a0b923820dcc509a6f75849b') [ RunTime:0.085215s ]
ERR: 1062:Duplicate entry '' for key 'email'
 [ SQLËØ≠Âè• ] : INSERT INTO `hyd_users` (`account_name`,`passwd`) VALUES ('ssssss','c4ca4238a0b923820dcc509a6f75849b')

[ 2014-10-15T21:50:37+08:00 ] 127.0.0.1 /index.php/Home/Passport/checkRegister
INFO: [ app_init ] --START--
INFO: Run Behavior\BuildLiteBehavior [ RunTime:0.000027s ]
INFO: [ app_init ] --END-- [ RunTime:0.000540s ]
INFO: [ app_begin ] --START--
INFO: Run Behavior\ReadHtmlCacheBehavior [ RunTime:0.000709s ]
INFO: [ app_begin ] --END-- [ RunTime:0.000841s ]
SQL: SHOW COLUMNS FROM `hyd_passport` [ RunTime:0.004908s ]
ERR: 1146:Table 'hyd_share.hyd_passport' doesn't exist
 [ SQLËØ≠Âè• ] : SHOW COLUMNS FROM `hyd_passport`
SQL: SHOW COLUMNS FROM `hyd_users` [ RunTime:0.015069s ]
SQL: SELECT * FROM `hyd_users` WHERE ( account_name="ssssss" )  [ RunTime:0.000437s ]
SQL: INSERT INTO `hyd_users` (`account_name`,`passwd`) VALUES ('ssssss','c4ca4238a0b923820dcc509a6f75849b') [ RunTime:0.369438s ]
ERR: 1062:Duplicate entry '' for key 'email'
 [ SQLËØ≠Âè• ] : INSERT INTO `hyd_users` (`account_name`,`passwd`) VALUES ('ssssss','c4ca4238a0b923820dcc509a6f75849b')

[ 2014-10-15T21:50:42+08:00 ] 127.0.0.1 /index.php/Home/Passport/checkRegister
INFO: [ app_init ] --START--
INFO: Run Behavior\BuildLiteBehavior [ RunTime:0.000038s ]
INFO: [ app_init ] --END-- [ RunTime:0.000589s ]
INFO: [ app_begin ] --START--
INFO: Run Behavior\ReadHtmlCacheBehavior [ RunTime:0.000630s ]
INFO: [ app_begin ] --END-- [ RunTime:0.000745s ]
SQL: SHOW COLUMNS FROM `hyd_passport` [ RunTime:0.004683s ]
ERR: 1146:Table 'hyd_share.hyd_passport' doesn't exist
 [ SQLËØ≠Âè• ] : SHOW COLUMNS FROM `hyd_passport`
SQL: SHOW COLUMNS FROM `hyd_users` [ RunTime:0.014357s ]
SQL: SELECT * FROM `hyd_users` WHERE ( account_name="ssssss" )  [ RunTime:0.000395s ]
SQL: INSERT INTO `hyd_users` (`account_name`,`passwd`) VALUES ('ssssss','1aabac6d068eef6a7bad3fdf50a05cc8') [ RunTime:0.090059s ]
ERR: 1062:Duplicate entry '' for key 'email'
 [ SQLËØ≠Âè• ] : INSERT INTO `hyd_users` (`account_name`,`passwd`) VALUES ('ssssss','1aabac6d068eef6a7bad3fdf50a05cc8')

[ 2014-10-15T21:51:22+08:00 ] 127.0.0.1 /index.php/Home/Passport/checkRegister
INFO: [ app_init ] --START--
INFO: Run Behavior\BuildLiteBehavior [ RunTime:0.000024s ]
INFO: [ app_init ] --END-- [ RunTime:0.000411s ]
INFO: [ app_begin ] --START--
INFO: Run Behavior\ReadHtmlCacheBehavior [ RunTime:0.001182s ]
INFO: [ app_begin ] --END-- [ RunTime:0.001394s ]
SQL: SHOW COLUMNS FROM `hyd_passport` [ RunTime:0.004259s ]
ERR: 1146:Table 'hyd_share.hyd_passport' doesn't exist
 [ SQLËØ≠Âè• ] : SHOW COLUMNS FROM `hyd_passport`
SQL: SHOW COLUMNS FROM `hyd_users` [ RunTime:0.013897s ]
SQL: SELECT * FROM `hyd_users` WHERE ( account_name="ssssss" )  [ RunTime:0.000382s ]
SQL: INSERT INTO `hyd_users` (`account_name`,`passwd`) VALUES ('ssssss','1aabac6d068eef6a7bad3fdf50a05cc8') [ RunTime:0.359660s ]
ERR: 1062:Duplicate entry '' for key 'email'
 [ SQLËØ≠Âè• ] : INSERT INTO `hyd_users` (`account_name`,`passwd`) VALUES ('ssssss','1aabac6d068eef6a7bad3fdf50a05cc8')
SQL: INSERT INTO `hyd_users` (`account_name`,`passwd`) VALUES ('ssssss','1aabac6d068eef6a7bad3fdf50a05cc8') [ RunTime:0.029216s ]
ERR: 1062:Duplicate entry '' for key 'email'
 [ SQLËØ≠Âè• ] : INSERT INTO `hyd_users` (`account_name`,`passwd`) VALUES ('ssssss','1aabac6d068eef6a7bad3fdf50a05cc8')

[ 2014-10-15T21:54:22+08:00 ] 127.0.0.1 /index.php/Home/Passport/checkRegister
INFO: [ app_init ] --START--
INFO: Run Behavior\BuildLiteBehavior [ RunTime:0.000027s ]
INFO: [ app_init ] --END-- [ RunTime:0.000468s ]
INFO: [ app_begin ] --START--
INFO: Run Behavior\ReadHtmlCacheBehavior [ RunTime:0.000699s ]
INFO: [ app_begin ] --END-- [ RunTime:0.000820s ]
SQL: SHOW COLUMNS FROM `hyd_passport` [ RunTime:0.005754s ]
ERR: 1146:Table 'hyd_share.hyd_passport' doesn't exist
 [ SQLËØ≠Âè• ] : SHOW COLUMNS FROM `hyd_passport`
SQL: SHOW COLUMNS FROM `hyd_users` [ RunTime:0.014965s ]
SQL: SELECT * FROM `hyd_users` WHERE ( account_name="ssssss" )  [ RunTime:0.000440s ]
ERR: ÈùûÊ≥ïÊï∞ÊçÆÂØπË±°ÔºÅ:[eamil=>397173001@qq.com]

[ 2014-10-15T21:55:09+08:00 ] 127.0.0.1 /index.php/Home/Passport/checkRegister
INFO: [ app_init ] --START--
INFO: Run Behavior\BuildLiteBehavior [ RunTime:0.000030s ]
INFO: [ app_init ] --END-- [ RunTime:0.000541s ]
INFO: [ app_begin ] --START--
INFO: Run Behavior\ReadHtmlCacheBehavior [ RunTime:0.000797s ]
INFO: [ app_begin ] --END-- [ RunTime:0.000916s ]
SQL: SHOW COLUMNS FROM `hyd_passport` [ RunTime:0.004095s ]
ERR: 1146:Table 'hyd_share.hyd_passport' doesn't exist
 [ SQLËØ≠Âè• ] : SHOW COLUMNS FROM `hyd_passport`
INFO: [ view_parse ] --START--
INFO: Run Behavior\ParseTemplateBehavior [ RunTime:0.000655s ]
INFO: [ view_parse ] --END-- [ RunTime:0.000763s ]
INFO: [ view_filter ] --START--
INFO: Run Behavior\WriteHtmlCacheBehavior [ RunTime:0.000457s ]
INFO: [ view_filter ] --END-- [ RunTime:0.000552s ]
INFO: [ app_end ] --START--
INFO: Run Behavior\ShowPageTraceBehavior [ RunTime:0.000745s ]
INFO: [ app_end ] --END-- [ RunTime:0.000840s ]

[ 2014-10-15T21:55:13+08:00 ] 127.0.0.1 /index.php/Home/Passport/checkRegister
INFO: [ app_init ] --START--
INFO: Run Behavior\BuildLiteBehavior [ RunTime:0.000024s ]
INFO: [ app_init ] --END-- [ RunTime:0.000477s ]
INFO: [ app_begin ] --START--
INFO: Run Behavior\ReadHtmlCacheBehavior [ RunTime:0.000789s ]
INFO: [ app_begin ] --END-- [ RunTime:0.000945s ]
SQL: SHOW COLUMNS FROM `hyd_passport` [ RunTime:0.004812s ]
ERR: 1146:Table 'hyd_share.hyd_passport' doesn't exist
 [ SQLËØ≠Âè• ] : SHOW COLUMNS FROM `hyd_passport`
SQL: SHOW COLUMNS FROM `hyd_users` [ RunTime:0.014367s ]
SQL: SELECT * FROM `hyd_users` WHERE ( account_name="ssssss" )  [ RunTime:0.000439s ]
ERR: ÈùûÊ≥ïÊï∞ÊçÆÂØπË±°ÔºÅ:[eamil=>397173001@qq.com]

[ 2014-10-15T21:55:37+08:00 ] 127.0.0.1 /index.php/Home/Passport/Register
INFO: [ app_init ] --START--
INFO: Run Behavior\BuildLiteBehavior [ RunTime:0.000024s ]
INFO: [ app_init ] --END-- [ RunTime:0.000418s ]
INFO: [ app_begin ] --START--
INFO: Run Behavior\ReadHtmlCacheBehavior [ RunTime:0.000802s ]
INFO: [ app_begin ] --END-- [ RunTime:0.000938s ]
INFO: [ view_parse ] --START--
INFO: [ template_filter ] --START--
INFO: Run Behavior\ContentReplaceBehavior [ RunTime:0.000077s ]
INFO: [ template_filter ] --END-- [ RunTime:0.000195s ]
INFO: Run Behavior\ParseTemplateBehavior [ RunTime:0.016281s ]
INFO: [ view_parse ] --END-- [ RunTime:0.016415s ]
INFO: [ view_filter ] --START--
INFO: Run Behavior\WriteHtmlCacheBehavior [ RunTime:0.000495s ]
INFO: [ view_filter ] --END-- [ RunTime:0.000640s ]
INFO: [ app_end ] --START--
INFO: Run Behavior\ShowPageTraceBehavior [ RunTime:0.000712s ]
INFO: [ app_end ] --END-- [ RunTime:0.000816s ]

[ 2014-10-15T21:55:42+08:00 ] 127.0.0.1 /index.php/Home/Passport/checkRegister
INFO: [ app_init ] --START--
INFO: Run Behavior\BuildLiteBehavior [ RunTime:0.000027s ]
INFO: [ app_init ] --END-- [ RunTime:0.000523s ]
INFO: [ app_begin ] --START--
INFO: Run Behavior\ReadHtmlCacheBehavior [ RunTime:0.000718s ]
INFO: [ app_begin ] --END-- [ RunTime:0.000864s ]
SQL: SHOW COLUMNS FROM `hyd_passport` [ RunTime:0.004496s ]
ERR: 1146:Table 'hyd_share.hyd_passport' doesn't exist
 [ SQLËØ≠Âè• ] : SHOW COLUMNS FROM `hyd_passport`
SQL: SHOW COLUMNS FROM `hyd_users` [ RunTime:0.014480s ]
SQL: SELECT * FROM `hyd_users` WHERE ( account_name="ssssss" )  [ RunTime:0.000375s ]
ERR: ÈùûÊ≥ïÊï∞ÊçÆÂØπË±°ÔºÅ:[eamil=>397173001@qq.com]

[ 2014-10-15T21:55:47+08:00 ] 127.0.0.1 /index.php/Home/Passport/checkRegister
INFO: [ app_init ] --START--
INFO: Run Behavior\BuildLiteBehavior [ RunTime:0.000027s ]
INFO: [ app_init ] --END-- [ RunTime:0.000536s ]
INFO: [ app_begin ] --START--
INFO: Run Behavior\ReadHtmlCacheBehavior [ RunTime:0.000824s ]
INFO: [ app_begin ] --END-- [ RunTime:0.000977s ]
SQL: SHOW COLUMNS FROM `hyd_passport` [ RunTime:0.004755s ]
ERR: 1146:Table 'hyd_share.hyd_passport' doesn't exist
 [ SQLËØ≠Âè• ] : SHOW COLUMNS FROM `hyd_passport`
INFO: [ view_parse ] --START--
INFO: Run Behavior\ParseTemplateBehavior [ RunTime:0.000586s ]
INFO: [ view_parse ] --END-- [ RunTime:0.000694s ]
INFO: [ view_filter ] --START--
INFO: Run Behavior\WriteHtmlCacheBehavior [ RunTime:0.000448s ]
INFO: [ view_filter ] --END-- [ RunTime:0.000546s ]
INFO: [ app_end ] --START--
INFO: Run Behavior\ShowPageTraceBehavior [ RunTime:0.000933s ]
INFO: [ app_end ] --END-- [ RunTime:0.001034s ]

[ 2014-10-15T21:55:52+08:00 ] 127.0.0.1 /index.php/Home/Passport/checkRegister
INFO: [ app_init ] --START--
INFO: Run Behavior\BuildLiteBehavior [ RunTime:0.000029s ]
INFO: [ app_init ] --END-- [ RunTime:0.000751s ]
INFO: [ app_begin ] --START--
INFO: Run Behavior\ReadHtmlCacheBehavior [ RunTime:0.000768s ]
INFO: [ app_begin ] --END-- [ RunTime:0.000913s ]
SQL: SHOW COLUMNS FROM `hyd_passport` [ RunTime:0.004835s ]
ERR: 1146:Table 'hyd_share.hyd_passport' doesn't exist
 [ SQLËØ≠Âè• ] : SHOW COLUMNS FROM `hyd_passport`
SQL: SHOW COLUMNS FROM `hyd_users` [ RunTime:0.013456s ]
SQL: SELECT * FROM `hyd_users` WHERE ( account_name="ssssss" )  [ RunTime:0.000454s ]
ERR: ÈùûÊ≥ïÊï∞ÊçÆÂØπË±°ÔºÅ:[eamil=>3sss]

[ 2014-10-15T21:57:29+08:00 ] 127.0.0.1 /index.php/Home/Passport/Register
INFO: [ app_init ] --START--
INFO: Run Behavior\BuildLiteBehavior [ RunTime:0.000033s ]
INFO: [ app_init ] --END-- [ RunTime:0.000659s ]
INFO: [ app_begin ] --START--
INFO: Run Behavior\ReadHtmlCacheBehavior [ RunTime:0.001106s ]
INFO: [ app_begin ] --END-- [ RunTime:0.001273s ]
INFO: [ view_parse ] --START--
INFO: [ template_filter ] --START--
INFO: Run Behavior\ContentReplaceBehavior [ RunTime:0.000110s ]
INFO: [ template_filter ] --END-- [ RunTime:0.000281s ]
INFO: Run Behavior\ParseTemplateBehavior [ RunTime:0.010136s ]
INFO: [ view_parse ] --END-- [ RunTime:0.010297s ]
INFO: [ view_filter ] --START--
INFO: Run Behavior\WriteHtmlCacheBehavior [ RunTime:0.000539s ]
INFO: [ view_filter ] --END-- [ RunTime:0.000686s ]
INFO: [ app_end ] --START--
INFO: Run Behavior\ShowPageTraceBehavior [ RunTime:0.000785s ]
INFO: [ app_end ] --END-- [ RunTime:0.000885s ]

[ 2014-10-15T21:57:29+08:00 ] 127.0.0.1 /index.php/Home/Passport/Register
INFO: [ app_init ] --START--
INFO: Run Behavior\BuildLiteBehavior [ RunTime:0.000025s ]
INFO: [ app_init ] --END-- [ RunTime:0.000455s ]
INFO: [ app_begin ] --START--
INFO: Run Behavior\ReadHtmlCacheBehavior [ RunTime:0.000945s ]
INFO: [ app_begin ] --END-- [ RunTime:0.001112s ]
INFO: [ view_parse ] --START--
INFO: [ template_filter ] --START--
INFO: Run Behavior\ContentReplaceBehavior [ RunTime:0.000152s ]
INFO: [ template_filter ] --END-- [ RunTime:0.000332s ]
INFO: Run Behavior\ParseTemplateBehavior [ RunTime:0.008400s ]
INFO: [ view_parse ] --END-- [ RunTime:0.008555s ]
INFO: [ view_filter ] --START--
INFO: Run Behavior\WriteHtmlCacheBehavior [ RunTime:0.000607s ]
INFO: [ view_filter ] --END-- [ RunTime:0.000724s ]
INFO: [ app_end ] --START--
INFO: Run Behavior\ShowPageTraceBehavior [ RunTime:0.000728s ]
INFO: [ app_end ] --END-- [ RunTime:0.000831s ]

[ 2014-10-15T21:57:34+08:00 ] 127.0.0.1 /index.php/Home/Passport/checkRegister
INFO: [ app_init ] --START--
INFO: Run Behavior\BuildLiteBehavior [ RunTime:0.000024s ]
INFO: [ app_init ] --END-- [ RunTime:0.000499s ]
INFO: [ app_begin ] --START--
INFO: Run Behavior\ReadHtmlCacheBehavior [ RunTime:0.000704s ]
INFO: [ app_begin ] --END-- [ RunTime:0.000858s ]
SQL: SHOW COLUMNS FROM `hyd_passport` [ RunTime:0.004368s ]
ERR: 1146:Table 'hyd_share.hyd_passport' doesn't exist
 [ SQLËØ≠Âè• ] : SHOW COLUMNS FROM `hyd_passport`
SQL: SHOW COLUMNS FROM `hyd_users` [ RunTime:0.010815s ]
SQL: SELECT * FROM `hyd_users` WHERE ( account_name="sssssss" )  [ RunTime:0.000406s ]
ERR: ÈùûÊ≥ïÊï∞ÊçÆÂØπË±°ÔºÅ:[eamil=>397173001@qq.com]

[ 2014-10-15T21:58:09+08:00 ] 127.0.0.1 /index.php/Home/Passport/Register
INFO: [ app_init ] --START--
INFO: Run Behavior\BuildLiteBehavior [ RunTime:0.000036s ]
INFO: [ app_init ] --END-- [ RunTime:0.000656s ]
INFO: [ app_begin ] --START--
INFO: Run Behavior\ReadHtmlCacheBehavior [ RunTime:0.000939s ]
INFO: [ app_begin ] --END-- [ RunTime:0.001123s ]
INFO: [ view_parse ] --START--
INFO: [ template_filter ] --START--
INFO: Run Behavior\ContentReplaceBehavior [ RunTime:0.000114s ]
INFO: [ template_filter ] --END-- [ RunTime:0.000295s ]
INFO: Run Behavior\ParseTemplateBehavior [ RunTime:0.011934s ]
INFO: [ view_parse ] --END-- [ RunTime:0.012125s ]
INFO: [ view_filter ] --START--
INFO: Run Behavior\WriteHtmlCacheBehavior [ RunTime:0.000679s ]
INFO: [ view_filter ] --END-- [ RunTime:0.000829s ]
INFO: [ app_end ] --START--
INFO: Run Behavior\ShowPageTraceBehavior [ RunTime:0.001290s ]
INFO: [ app_end ] --END-- [ RunTime:0.001441s ]

[ 2014-10-15T21:58:10+08:00 ] 127.0.0.1 /index.php/Home/Passport/Register
INFO: [ app_init ] --START--
INFO: Run Behavior\BuildLiteBehavior [ RunTime:0.000053s ]
INFO: [ app_init ] --END-- [ RunTime:0.000704s ]
INFO: [ app_begin ] --START--
INFO: Run Behavior\ReadHtmlCacheBehavior [ RunTime:0.001095s ]
INFO: [ app_begin ] --END-- [ RunTime:0.001310s ]
INFO: [ view_parse ] --START--
INFO: [ template_filter ] --START--
INFO: Run Behavior\ContentReplaceBehavior [ RunTime:0.000126s ]
INFO: [ template_filter ] --END-- [ RunTime:0.000308s ]
INFO: Run Behavior\ParseTemplateBehavior [ RunTime:0.010867s ]
INFO: [ view_parse ] --END-- [ RunTime:0.011069s ]
INFO: [ view_filter ] --START--
INFO: Run Behavior\WriteHtmlCacheBehavior [ RunTime:0.000600s ]
INFO: [ view_filter ] --END-- [ RunTime:0.000738s ]
INFO: [ app_end ] --START--
INFO: Run Behavior\ShowPageTraceBehavior [ RunTime:0.001233s ]
INFO: [ app_end ] --END-- [ RunTime:0.001381s ]

[ 2014-10-15T21:58:10+08:00 ] 127.0.0.1 /index.php/Home/Passport/Register
INFO: [ app_init ] --START--
INFO: Run Behavior\BuildLiteBehavior [ RunTime:0.000024s ]
INFO: [ app_init ] --END-- [ RunTime:0.000434s ]
INFO: [ app_begin ] --START--
INFO: Run Behavior\ReadHtmlCacheBehavior [ RunTime:0.000942s ]
INFO: [ app_begin ] --END-- [ RunTime:0.001110s ]
INFO: [ view_parse ] --START--
INFO: [ template_filter ] --START--
INFO: Run Behavior\ContentReplaceBehavior [ RunTime:0.000167s ]
INFO: [ template_filter ] --END-- [ RunTime:0.000351s ]
INFO: Run Behavior\ParseTemplateBehavior [ RunTime:0.008387s ]
INFO: [ view_parse ] --END-- [ RunTime:0.008544s ]
INFO: [ view_filter ] --START--
INFO: Run Behavior\WriteHtmlCacheBehavior [ RunTime:0.000492s ]
INFO: [ view_filter ] --END-- [ RunTime:0.000593s ]
INFO: [ app_end ] --START--
INFO: Run Behavior\ShowPageTraceBehavior [ RunTime:0.000644s ]
INFO: [ app_end ] --END-- [ RunTime:0.000743s ]

[ 2014-10-15T21:58:14+08:00 ] 127.0.0.1 /index.php/Home/Passport/checkRegister
INFO: [ app_init ] --START--
INFO: Run Behavior\BuildLiteBehavior [ RunTime:0.000046s ]
INFO: [ app_init ] --END-- [ RunTime:0.000493s ]
INFO: [ app_begin ] --START--
INFO: Run Behavior\ReadHtmlCacheBehavior [ RunTime:0.000603s ]
INFO: [ app_begin ] --END-- [ RunTime:0.000727s ]

[ 2014-10-15T22:00:50+08:00 ] 127.0.0.1 /index.php/Home/Passport/Register
INFO: [ app_init ] --START--
INFO: Run Behavior\BuildLiteBehavior [ RunTime:0.000036s ]
INFO: [ app_init ] --END-- [ RunTime:0.000557s ]
INFO: [ app_begin ] --START--
INFO: Run Behavior\ReadHtmlCacheBehavior [ RunTime:0.000809s ]
INFO: [ app_begin ] --END-- [ RunTime:0.000936s ]
INFO: [ view_parse ] --START--
INFO: [ template_filter ] --START--
INFO: Run Behavior\ContentReplaceBehavior [ RunTime:0.000074s ]
INFO: [ template_filter ] --END-- [ RunTime:0.000192s ]
INFO: Run Behavior\ParseTemplateBehavior [ RunTime:0.008587s ]
INFO: [ view_parse ] --END-- [ RunTime:0.008723s ]
INFO: [ view_filter ] --START--
INFO: Run Behavior\WriteHtmlCacheBehavior [ RunTime:0.000475s ]
INFO: [ view_filter ] --END-- [ RunTime:0.000611s ]
INFO: [ app_end ] --START--
INFO: Run Behavior\ShowPageTraceBehavior [ RunTime:0.000856s ]
INFO: [ app_end ] --END-- [ RunTime:0.000959s ]

[ 2014-10-15T22:00:55+08:00 ] 127.0.0.1 /index.php/Home/Passport/checkRegister
INFO: [ app_init ] --START--
INFO: Run Behavior\BuildLiteBehavior [ RunTime:0.000025s ]
INFO: [ app_init ] --END-- [ RunTime:0.000444s ]
INFO: [ app_begin ] --START--
INFO: Run Behavior\ReadHtmlCacheBehavior [ RunTime:0.000657s ]
INFO: [ app_begin ] --END-- [ RunTime:0.000786s ]

[ 2014-10-15T22:01:06+08:00 ] 127.0.0.1 /index.php/Home/Passport/Register
INFO: [ app_init ] --START--
INFO: Run Behavior\BuildLiteBehavior [ RunTime:0.000040s ]
INFO: [ app_init ] --END-- [ RunTime:0.000684s ]
INFO: [ app_begin ] --START--
INFO: Run Behavior\ReadHtmlCacheBehavior [ RunTime:0.001038s ]
INFO: [ app_begin ] --END-- [ RunTime:0.001238s ]
INFO: [ view_parse ] --START--
INFO: [ template_filter ] --START--
INFO: Run Behavior\ContentReplaceBehavior [ RunTime:0.000100s ]
INFO: [ template_filter ] --END-- [ RunTime:0.000262s ]
INFO: Run Behavior\ParseTemplateBehavior [ RunTime:0.010662s ]
INFO: [ view_parse ] --END-- [ RunTime:0.010821s ]
INFO: [ view_filter ] --START--
INFO: Run Behavior\WriteHtmlCacheBehavior [ RunTime:0.000488s ]
INFO: [ view_filter ] --END-- [ RunTime:0.000594s ]
INFO: [ app_end ] --START--
INFO: Run Behavior\ShowPageTraceBehavior [ RunTime:0.001040s ]
INFO: [ app_end ] --END-- [ RunTime:0.001149s ]

[ 2014-10-15T22:01:10+08:00 ] 127.0.0.1 /index.php/Home/Passport/checkRegister
INFO: [ app_init ] --START--
INFO: Run Behavior\BuildLiteBehavior [ RunTime:0.000030s ]
INFO: [ app_init ] --END-- [ RunTime:0.000515s ]
INFO: [ app_begin ] --START--
INFO: Run Behavior\ReadHtmlCacheBehavior [ RunTime:0.001184s ]
INFO: [ app_begin ] --END-- [ RunTime:0.001393s ]
SQL: SHOW COLUMNS FROM `hyd_passport` [ RunTime:0.004772s ]
ERR: 1146:Table 'hyd_share.hyd_passport' doesn't exist
 [ SQLËØ≠Âè• ] : SHOW COLUMNS FROM `hyd_passport`
SQL: SHOW COLUMNS FROM `hyd_users` [ RunTime:0.010093s ]
SQL: SELECT * FROM `hyd_users` WHERE ( account_name="ssssss" )  [ RunTime:0.000515s ]
ERR: ÈùûÊ≥ïÊï∞ÊçÆÂØπË±°ÔºÅ:[eamil=>397173001@qq.com]

[ 2014-10-15T22:01:27+08:00 ] 127.0.0.1 /index.php/Home/Passport/checkRegister
INFO: [ app_init ] --START--
INFO: Run Behavior\BuildLiteBehavior [ RunTime:0.000025s ]
INFO: [ app_init ] --END-- [ RunTime:0.000509s ]
INFO: [ app_begin ] --START--
INFO: Run Behavior\ReadHtmlCacheBehavior [ RunTime:0.000568s ]
INFO: [ app_begin ] --END-- [ RunTime:0.000701s ]
SQL: SHOW COLUMNS FROM `hyd_passport` [ RunTime:0.005445s ]
ERR: 1146:Table 'hyd_share.hyd_passport' doesn't exist
 [ SQLËØ≠Âè• ] : SHOW COLUMNS FROM `hyd_passport`
SQL: SHOW COLUMNS FROM `hyd_users` [ RunTime:0.011267s ]
SQL: SELECT * FROM `hyd_users` WHERE ( account_name="ssssss" )  [ RunTime:0.000448s ]

[ 2014-10-15T22:01:41+08:00 ] 127.0.0.1 /index.php/Home/Passport/checkRegister
INFO: [ app_init ] --START--
INFO: Run Behavior\BuildLiteBehavior [ RunTime:0.000025s ]
INFO: [ app_init ] --END-- [ RunTime:0.000489s ]
INFO: [ app_begin ] --START--
INFO: Run Behavior\ReadHtmlCacheBehavior [ RunTime:0.000645s ]
INFO: [ app_begin ] --END-- [ RunTime:0.000759s ]
SQL: SHOW COLUMNS FROM `hyd_passport` [ RunTime:0.004910s ]
ERR: 1146:Table 'hyd_share.hyd_passport' doesn't exist
 [ SQLËØ≠Âè• ] : SHOW COLUMNS FROM `hyd_passport`
SQL: SHOW COLUMNS FROM `hyd_users` [ RunTime:0.010066s ]
SQL: SELECT * FROM `hyd_users` WHERE ( account_name="ssssss" )  [ RunTime:0.000597s ]
ERR: ÈùûÊ≥ïÊï∞ÊçÆÂØπË±°ÔºÅ:[eamil=>397173001@qq.com]

[ 2014-10-15T22:04:48+08:00 ] 127.0.0.1 /index.php/Home/Passport/checkRegister
INFO: [ app_init ] --START--
INFO: Run Behavior\BuildLiteBehavior [ RunTime:0.000024s ]
INFO: [ app_init ] --END-- [ RunTime:0.000588s ]
INFO: [ app_begin ] --START--
INFO: Run Behavior\ReadHtmlCacheBehavior [ RunTime:0.000595s ]
INFO: [ app_begin ] --END-- [ RunTime:0.000712s ]
SQL: SHOW COLUMNS FROM `hyd_passport` [ RunTime:0.004551s ]
ERR: 1146:Table 'hyd_share.hyd_passport' doesn't exist
 [ SQLËØ≠Âè• ] : SHOW COLUMNS FROM `hyd_passport`
SQL: SHOW COLUMNS FROM `hyd_users` [ RunTime:0.010368s ]
SQL: SELECT * FROM `hyd_users` WHERE ( account_name="ssssss" )  [ RunTime:0.000459s ]

[ 2014-10-15T22:04:58+08:00 ] 127.0.0.1 /index.php/Home/Passport/checkRegister
INFO: [ app_init ] --START--
INFO: Run Behavior\BuildLiteBehavior [ RunTime:0.000027s ]
INFO: [ app_init ] --END-- [ RunTime:0.000461s ]
INFO: [ app_begin ] --START--
INFO: Run Behavior\ReadHtmlCacheBehavior [ RunTime:0.000618s ]
INFO: [ app_begin ] --END-- [ RunTime:0.000734s ]
SQL: SHOW COLUMNS FROM `hyd_passport` [ RunTime:0.005011s ]
ERR: 1146:Table 'hyd_share.hyd_passport' doesn't exist
 [ SQLËØ≠Âè• ] : SHOW COLUMNS FROM `hyd_passport`
SQL: SHOW COLUMNS FROM `hyd_users` [ RunTime:0.009877s ]
SQL: SELECT * FROM `hyd_users` WHERE ( account_name="ssssss" )  [ RunTime:0.000464s ]

[ 2014-10-15T22:26:22+08:00 ] 127.0.0.1 /index.php/Home/Passport/Register
INFO: [ app_init ] --START--
INFO: Run Behavior\BuildLiteBehavior [ RunTime:0.000027s ]
INFO: [ app_init ] --END-- [ RunTime:0.000551s ]
INFO: [ app_begin ] --START--
INFO: Run Behavior\ReadHtmlCacheBehavior [ RunTime:0.000708s ]
INFO: [ app_begin ] --END-- [ RunTime:0.000854s ]
INFO: [ view_parse ] --START--
INFO: [ template_filter ] --START--
INFO: Run Behavior\ContentReplaceBehavior [ RunTime:0.000075s ]
INFO: [ template_filter ] --END-- [ RunTime:0.000195s ]
INFO: Run Behavior\ParseTemplateBehavior [ RunTime:0.018684s ]
INFO: [ view_parse ] --END-- [ RunTime:0.018837s ]
INFO: [ view_filter ] --START--
INFO: Run Behavior\WriteHtmlCacheBehavior [ RunTime:0.000419s ]
INFO: [ view_filter ] --END-- [ RunTime:0.000511s ]
INFO: [ app_end ] --START--
INFO: Run Behavior\ShowPageTraceBehavior [ RunTime:0.000752s ]
INFO: [ app_end ] --END-- [ RunTime:0.000870s ]

[ 2014-10-15T22:26:29+08:00 ] 127.0.0.1 /index.php/Home/Passport/checkRegister
INFO: [ app_init ] --START--
INFO: Run Behavior\BuildLiteBehavior [ RunTime:0.000028s ]
INFO: [ app_init ] --END-- [ RunTime:0.000647s ]
INFO: [ app_begin ] --START--
INFO: Run Behavior\ReadHtmlCacheBehavior [ RunTime:0.000818s ]
INFO: [ app_begin ] --END-- [ RunTime:0.000985s ]
SQL: SHOW COLUMNS FROM `hyd_passport` [ RunTime:0.004647s ]
ERR: 1146:Table 'hyd_share.hyd_passport' doesn't exist
 [ SQLËØ≠Âè• ] : SHOW COLUMNS FROM `hyd_passport`
SQL: SHOW COLUMNS FROM `hyd_users` [ RunTime:0.011394s ]
SQL: SELECT * FROM `hyd_users` WHERE ( account_name="ssssss" )  [ RunTime:0.000432s ]

[ 2014-10-15T22:27:15+08:00 ] 127.0.0.1 /index.php/Home/Passport/checkRegister
INFO: [ app_init ] --START--
INFO: Run Behavior\BuildLiteBehavior [ RunTime:0.000025s ]
INFO: [ app_init ] --END-- [ RunTime:0.000573s ]
INFO: [ app_begin ] --START--
INFO: Run Behavior\ReadHtmlCacheBehavior [ RunTime:0.000640s ]
INFO: [ app_begin ] --END-- [ RunTime:0.000759s ]
SQL: SHOW COLUMNS FROM `hyd_passport` [ RunTime:0.004904s ]
ERR: 1146:Table 'hyd_share.hyd_passport' doesn't exist
 [ SQLËØ≠Âè• ] : SHOW COLUMNS FROM `hyd_passport`
SQL: SHOW COLUMNS FROM `hyd_users` [ RunTime:0.010681s ]
SQL: SELECT * FROM `hyd_users` WHERE ( account_name="ssssss" )  [ RunTime:0.000463s ]
ERR: ÈùûÊ≥ïÊï∞ÊçÆÂØπË±°ÔºÅ:[eamil=>397173001@qq.com]

[ 2014-10-15T22:32:54+08:00 ] 127.0.0.1 /index.php/Home/Passport/checkRegister
INFO: [ app_init ] --START--
INFO: Run Behavior\BuildLiteBehavior [ RunTime:0.000027s ]
INFO: [ app_init ] --END-- [ RunTime:0.000501s ]
INFO: [ app_begin ] --START--
INFO: Run Behavior\ReadHtmlCacheBehavior [ RunTime:0.001124s ]
INFO: [ app_begin ] --END-- [ RunTime:0.001328s ]
SQL: SHOW COLUMNS FROM `hyd_passport` [ RunTime:0.011297s ]
ERR: 1146:Table 'hyd_share.hyd_passport' doesn't exist
 [ SQLËØ≠Âè• ] : SHOW COLUMNS FROM `hyd_passport`
SQL: SHOW COLUMNS FROM `hyd_users` [ RunTime:0.010579s ]
SQL: SELECT * FROM `hyd_users` WHERE ( account_name="ssssss" )  [ RunTime:0.000677s ]
NOTIC: [8] Undefined variable: data D:\wamp\www\hyd\Application\Home\Model\PassportModel.class.php Á¨¨ 39 Ë°å.

[ 2014-10-15T22:33:03+08:00 ] 127.0.0.1 /index.php/Home/Passport/checkRegister
INFO: [ app_init ] --START--
INFO: Run Behavior\BuildLiteBehavior [ RunTime:0.000025s ]
INFO: [ app_init ] --END-- [ RunTime:0.000440s ]
INFO: [ app_begin ] --START--
INFO: Run Behavior\ReadHtmlCacheBehavior [ RunTime:0.000676s ]
INFO: [ app_begin ] --END-- [ RunTime:0.000793s ]
SQL: SHOW COLUMNS FROM `hyd_passport` [ RunTime:0.010845s ]
ERR: 1146:Table 'hyd_share.hyd_passport' doesn't exist
 [ SQLËØ≠Âè• ] : SHOW COLUMNS FROM `hyd_passport`
SQL: SHOW COLUMNS FROM `hyd_users` [ RunTime:0.010342s ]
SQL: SELECT * FROM `hyd_users` WHERE ( account_name="ssssss" )  [ RunTime:0.000430s ]

